!SESSION 2015-09-30 15:06:45.517 -----------------------------------------------
eclipse.buildId=4.5.0.I20150603-2000
java.version=1.8.0_60
java.vendor=Oracle Corporation
BootLoader constants: OS=macosx, ARCH=x86_64, WS=cocoa, NL=en_US
Framework arguments:  -product org.eclipse.epp.package.java.product
Command-line arguments:  -os macosx -ws cocoa -arch x86_64 -product org.eclipse.epp.package.java.product

!ENTRY org.eclipse.core.net 1 0 2015-09-30 15:07:34.641
!MESSAGE System property http.nonProxyHosts has been set to local|*.local|169.254/16|*.169.254/16 by an external source. This value will be overwritten using the values from the preferences
!SESSION 2015-09-30 15:09:49.615 -----------------------------------------------
eclipse.buildId=4.5.0.I20150603-2000
java.version=1.8.0_60
java.vendor=Oracle Corporation
BootLoader constants: OS=macosx, ARCH=x86_64, WS=cocoa, NL=en_US
Framework arguments:  -product org.eclipse.epp.package.java.product -product org.eclipse.epp.package.java.product
Command-line arguments:  -os macosx -ws cocoa -arch x86_64 -product org.eclipse.epp.package.java.product -data file:/Users/ranuva/Documents/GradUCI/CS273A-ML/HW1/ -product org.eclipse.epp.package.java.product

!ENTRY org.eclipse.jface 2 0 2015-09-30 15:09:57.223
!MESSAGE Keybinding conflicts occurred.  They may interfere with normal accelerator operation.
!SUBENTRY 1 org.eclipse.jface 2 0 2015-09-30 15:09:57.223
!MESSAGE A conflict occurred for ALT+COMMAND+R:
Binding(ALT+COMMAND+R,
	ParameterizedCommand(Command(org.python.pydev.debug.setnext,Set Next Statement,
		,
		Category(org.python.pydev.ui.category.run,PyDev - Run,Python run category,true),
		org.eclipse.ui.internal.WorkbenchHandlerServiceHandler@78e043e4,
		,,true),null),
	org.eclipse.ui.defaultAcceleratorConfiguration,
	org.eclipse.ui.contexts.window,,,system)
Binding(ALT+COMMAND+R,
	ParameterizedCommand(Command(org.eclipse.jdt.ui.edit.text.java.rename.element,Rename - Refactoring ,
		Rename the selected element,
		Category(org.eclipse.jdt.ui.category.refactoring,Refactor - Java,Java Refactoring Actions,true),
		org.eclipse.ui.internal.WorkbenchHandlerServiceHandler@336d28a1,
		,,true),null),
	org.eclipse.ui.defaultAcceleratorConfiguration,
	org.eclipse.ui.contexts.window,,cocoa,system)

!ENTRY org.eclipse.core.net 1 0 2015-09-30 15:09:57.729
!MESSAGE System property http.nonProxyHosts has been set to local|*.local|169.254/16|*.169.254/16 by an external source. This value will be overwritten using the values from the preferences

!ENTRY org.python.pydev.shared_core 1 1 2015-09-30 15:12:11.881
!MESSAGE - Ok, file is non-null. Getting info on:/usr/bin/python
- Beggining task:Getting libs totalWork:100
- Setting task name:Mounting executable string...
- Setting task name:Executing:  /usr/bin/python -u /Users/ranuva/.p2/pool/plugins/org.python.pydev_4.3.0.201508182223/pysrc/interpreterInfo.py
- Setting task name:Making pythonpath environment... /usr/bin/python -u /Users/ranuva/.p2/pool/plugins/org.python.pydev_4.3.0.201508182223/pysrc/interpreterInfo.py
- Setting task name:Making exec... /usr/bin/python -u /Users/ranuva/.p2/pool/plugins/org.python.pydev_4.3.0.201508182223/pysrc/interpreterInfo.py
- Setting task name:Reading output...
- Setting task name:Waiting for process to finish.
- Success getting the info. Result:<xml>
<name>python</name>
<version>2.7</version>
<executable>/usr/bin/python</executable>
<lib>/System/Library/Frameworks/Python.framework/Versions/2.7/lib/python2.7</lib>
<lib>/System/Library/Frameworks/Python.framework/Versions/2.7/lib/python2.7/plat-darwin</lib>
<lib>/System/Library/Frameworks/Python.framework/Versions/2.7/lib/python2.7/plat-mac</lib>
<lib>/System/Library/Frameworks/Python.framework/Versions/2.7/lib/python2.7/plat-mac/lib-scriptpackages</lib>
<lib>/System/Library/Frameworks/Python.framework/Versions/2.7/Extras/lib/python</lib>
<lib>/System/Library/Frameworks/Python.framework/Versions/2.7/lib/python2.7/lib-tk</lib>
<lib>/System/Library/Frameworks/Python.framework/Versions/2.7/lib/python2.7/lib-dynload</lib>
<lib>/System/Library/Frameworks/Python.framework/Versions/2.7/Extras/lib/python/PyObjC</lib>
<lib>/Library/Python/2.7/site-packages</lib>
<forced_lib>Image</forced_lib>
<forced_lib>OpenGL</forced_lib>
<forced_lib>__builtin__</forced_lib>
<forced_lib>__main__</forced_lib>
<forced_lib>_ast</forced_lib>
<forced_lib>_bisect</forced_lib>
<forced_lib>_bytesio</forced_lib>
<forced_lib>_codecs</forced_lib>
<forced_lib>_codecs_cn</forced_lib>
<forced_lib>_codecs_hk</forced_lib>
<forced_lib>_codecs_iso2022</forced_lib>
<forced_lib>_codecs_jp</forced_lib>
<forced_lib>_codecs_kr</forced_lib>
<forced_lib>_codecs_tw</forced_lib>
<forced_lib>_collections</forced_lib>
<forced_lib>_csv</forced_lib>
<forced_lib>_fileio</forced_lib>
<forced_lib>_functools</forced_lib>
<forced_lib>_heapq</forced_lib>
<forced_lib>_hotshot</forced_lib>
<forced_lib>_json</forced_lib>
<forced_lib>_locale</forced_lib>
<forced_lib>_lsprof</forced_lib>
<forced_lib>_md5</forced_lib>
<forced_lib>_multibytecodec</forced_lib>
<forced_lib>_random</forced_lib>
<forced_lib>_sha</forced_lib>
<forced_lib>_sha256</forced_lib>
<forced_lib>_sha512</forced_lib>
<forced_lib>_sre</forced_lib>
<forced_lib>_struct</forced_lib>
<forced_lib>_subprocess</forced_lib>
<forced_lib>_symtable</forced_lib>
<forced_lib>_warnings</forced_lib>
<forced_lib>_weakref</forced_lib>
<forced_lib>_winreg</forced_lib>
<forced_lib>array</forced_lib>
<forced_lib>audioop</forced_lib>
<forced_lib>binascii</forced_lib>
<forced_lib>cPickle</forced_lib>
<forced_lib>cStringIO</forced_lib>
<forced_lib>cmath</forced_lib>
<forced_lib>datetime</forced_lib>
<forced_lib>email</forced_lib>
<forced_lib>errno</forced_lib>
<forced_lib>exceptions</forced_lib>
<forced_lib>future_builtins</forced_lib>
<forced_lib>gc</forced_lib>
<forced_lib>hashlib</forced_lib>
<forced_lib>imageop</forced_lib>
<forced_lib>imp</forced_lib>
<forced_lib>itertools</forced_lib>
<forced_lib>marshal</forced_lib>
<forced_lib>math</forced_lib>
<forced_lib>mmap</forced_lib>
<forced_lib>msvcrt</forced_lib>
<forced_lib>nt</forced_lib>
<forced_lib>numpy</forced_lib>
<forced_lib>operator</forced_lib>
<forced_lib>os</forced_lib>
<forced_lib>os.path</forced_lib>
<forced_lib>parser</forced_lib>
<forced_lib>posix</forced_lib>
<forced_lib>pwd</forced_lib>
<forced_lib>pytest</forced_lib>
<forced_lib>scipy</forced_lib>
<forced_lib>signal</forced_lib>
<forced_lib>socket</forced_lib>
<forced_lib>strop</forced_lib>
<forced_lib>sys</forced_lib>
<forced_lib>thread</forced_lib>
<forced_lib>time</forced_lib>
<forced_lib>wx</forced_lib>
<forced_lib>wxPython</forced_lib>
<forced_lib>xxsubtype</forced_lib>
<forced_lib>zipimport</forced_lib>
<forced_lib>zlib</forced_lib>
</xml>
- Ok, file is non-null. Getting info on:/usr/bin/python2.6
- Beggining task:Getting libs totalWork:100
- Setting task name:Mounting executable string...
- Setting task name:Executing:  /usr/bin/python2.6 -u /Users/ranuva/.p2/pool/plugins/org.python.pydev_4.3.0.201508182223/pysrc/interpreterInfo.py
- Setting task name:Making pythonpath environment... /usr/bin/python2.6 -u /Users/ranuva/.p2/pool/plugins/org.python.pydev_4.3.0.201508182223/pysrc/interpreterInfo.py
- Setting task name:Making exec... /usr/bin/python2.6 -u /Users/ranuva/.p2/pool/plugins/org.python.pydev_4.3.0.201508182223/pysrc/interpreterInfo.py
- Setting task name:Reading output...
- Setting task name:Waiting for process to finish.
- Success getting the info. Result:<xml>
<name>python</name>
<version>2.6</version>
<executable>/usr/bin/python2.6</executable>
<lib>/System/Library/Frameworks/Python.framework/Versions/2.6/lib/python2.6</lib>
<lib>/System/Library/Frameworks/Python.framework/Versions/2.6/lib/python2.6/plat-darwin</lib>
<lib>/System/Library/Frameworks/Python.framework/Versions/2.6/lib/python2.6/plat-mac</lib>
<lib>/System/Library/Frameworks/Python.framework/Versions/2.6/lib/python2.6/plat-mac/lib-scriptpackages</lib>
<lib>/System/Library/Frameworks/Python.framework/Versions/2.6/Extras/lib/python</lib>
<lib>/System/Library/Frameworks/Python.framework/Versions/2.6/lib/python2.6/lib-tk</lib>
<lib>/System/Library/Frameworks/Python.framework/Versions/2.6/lib/python2.6/lib-dynload</lib>
<lib>/Library/Python/2.6/site-packages</lib>
<lib>/System/Library/Frameworks/Python.framework/Versions/2.6/Extras/lib/python/PyObjC</lib>
<forced_lib>Image</forced_lib>
<forced_lib>OpenGL</forced_lib>
<forced_lib>__builtin__</forced_lib>
<forced_lib>__main__</forced_lib>
<forced_lib>_ast</forced_lib>
<forced_lib>_bisect</forced_lib>
<forced_lib>_bytesio</forced_lib>
<forced_lib>_codecs</forced_lib>
<forced_lib>_codecs_cn</forced_lib>
<forced_lib>_codecs_hk</forced_lib>
<forced_lib>_codecs_iso2022</forced_lib>
<forced_lib>_codecs_jp</forced_lib>
<forced_lib>_codecs_kr</forced_lib>
<forced_lib>_codecs_tw</forced_lib>
<forced_lib>_collections</forced_lib>
<forced_lib>_csv</forced_lib>
<forced_lib>_fileio</forced_lib>
<forced_lib>_functools</forced_lib>
<forced_lib>_heapq</forced_lib>
<forced_lib>_hotshot</forced_lib>
<forced_lib>_json</forced_lib>
<forced_lib>_locale</forced_lib>
<forced_lib>_lsprof</forced_lib>
<forced_lib>_md5</forced_lib>
<forced_lib>_multibytecodec</forced_lib>
<forced_lib>_random</forced_lib>
<forced_lib>_sha</forced_lib>
<forced_lib>_sha256</forced_lib>
<forced_lib>_sha512</forced_lib>
<forced_lib>_sre</forced_lib>
<forced_lib>_struct</forced_lib>
<forced_lib>_subprocess</forced_lib>
<forced_lib>_symtable</forced_lib>
<forced_lib>_warnings</forced_lib>
<forced_lib>_weakref</forced_lib>
<forced_lib>_winreg</forced_lib>
<forced_lib>array</forced_lib>
<forced_lib>audioop</forced_lib>
<forced_lib>binascii</forced_lib>
<forced_lib>cPickle</forced_lib>
<forced_lib>cStringIO</forced_lib>
<forced_lib>cmath</forced_lib>
<forced_lib>datetime</forced_lib>
<forced_lib>email</forced_lib>
<forced_lib>errno</forced_lib>
<forced_lib>exceptions</forced_lib>
<forced_lib>future_builtins</forced_lib>
<forced_lib>gc</forced_lib>
<forced_lib>hashlib</forced_lib>
<forced_lib>imageop</forced_lib>
<forced_lib>imp</forced_lib>
<forced_lib>itertools</forced_lib>
<forced_lib>marshal</forced_lib>
<forced_lib>math</forced_lib>
<forced_lib>mmap</forced_lib>
<forced_lib>msvcrt</forced_lib>
<forced_lib>nt</forced_lib>
<forced_lib>numpy</forced_lib>
<forced_lib>operator</forced_lib>
<forced_lib>os</forced_lib>
<forced_lib>os.path</forced_lib>
<forced_lib>parser</forced_lib>
<forced_lib>posix</forced_lib>
<forced_lib>pwd</forced_lib>
<forced_lib>pytest</forced_lib>
<forced_lib>scipy</forced_lib>
<forced_lib>signal</forced_lib>
<forced_lib>socket</forced_lib>
<forced_lib>strop</forced_lib>
<forced_lib>sys</forced_lib>
<forced_lib>thread</forced_lib>
<forced_lib>time</forced_lib>
<forced_lib>wx</forced_lib>
<forced_lib>wxPython</forced_lib>
<forced_lib>xxsubtype</forced_lib>
<forced_lib>zipimport</forced_lib>
<forced_lib>zlib</forced_lib>
</xml>
- Ok, file is non-null. Getting info on:/usr/bin/python2.7
- Beggining task:Getting libs totalWork:100
- Setting task name:Mounting executable string...
- Setting task name:Executing:  /usr/bin/python2.7 -u /Users/ranuva/.p2/pool/plugins/org.python.pydev_4.3.0.201508182223/pysrc/interpreterInfo.py
- Setting task name:Making pythonpath environment... /usr/bin/python2.7 -u /Users/ranuva/.p2/pool/plugins/org.python.pydev_4.3.0.201508182223/pysrc/interpreterInfo.py
- Setting task name:Making exec... /usr/bin/python2.7 -u /Users/ranuva/.p2/pool/plugins/org.python.pydev_4.3.0.201508182223/pysrc/interpreterInfo.py
- Setting task name:Reading output...
- Setting task name:Waiting for process to finish.
- Success getting the info. Result:<xml>
<name>python</name>
<version>2.7</version>
<executable>/usr/bin/python2.7</executable>
<lib>/System/Library/Frameworks/Python.framework/Versions/2.7/lib/python2.7</lib>
<lib>/System/Library/Frameworks/Python.framework/Versions/2.7/lib/python2.7/plat-darwin</lib>
<lib>/System/Library/Frameworks/Python.framework/Versions/2.7/lib/python2.7/plat-mac</lib>
<lib>/System/Library/Frameworks/Python.framework/Versions/2.7/lib/python2.7/plat-mac/lib-scriptpackages</lib>
<lib>/System/Library/Frameworks/Python.framework/Versions/2.7/Extras/lib/python</lib>
<lib>/System/Library/Frameworks/Python.framework/Versions/2.7/lib/python2.7/lib-tk</lib>
<lib>/System/Library/Frameworks/Python.framework/Versions/2.7/lib/python2.7/lib-dynload</lib>
<lib>/System/Library/Frameworks/Python.framework/Versions/2.7/Extras/lib/python/PyObjC</lib>
<lib>/Library/Python/2.7/site-packages</lib>
<forced_lib>Image</forced_lib>
<forced_lib>OpenGL</forced_lib>
<forced_lib>__builtin__</forced_lib>
<forced_lib>__main__</forced_lib>
<forced_lib>_ast</forced_lib>
<forced_lib>_bisect</forced_lib>
<forced_lib>_bytesio</forced_lib>
<forced_lib>_codecs</forced_lib>
<forced_lib>_codecs_cn</forced_lib>
<forced_lib>_codecs_hk</forced_lib>
<forced_lib>_codecs_iso2022</forced_lib>
<forced_lib>_codecs_jp</forced_lib>
<forced_lib>_codecs_kr</forced_lib>
<forced_lib>_codecs_tw</forced_lib>
<forced_lib>_collections</forced_lib>
<forced_lib>_csv</forced_lib>
<forced_lib>_fileio</forced_lib>
<forced_lib>_functools</forced_lib>
<forced_lib>_heapq</forced_lib>
<forced_lib>_hotshot</forced_lib>
<forced_lib>_json</forced_lib>
<forced_lib>_locale</forced_lib>
<forced_lib>_lsprof</forced_lib>
<forced_lib>_md5</forced_lib>
<forced_lib>_multibytecodec</forced_lib>
<forced_lib>_random</forced_lib>
<forced_lib>_sha</forced_lib>
<forced_lib>_sha256</forced_lib>
<forced_lib>_sha512</forced_lib>
<forced_lib>_sre</forced_lib>
<forced_lib>_struct</forced_lib>
<forced_lib>_subprocess</forced_lib>
<forced_lib>_symtable</forced_lib>
<forced_lib>_warnings</forced_lib>
<forced_lib>_weakref</forced_lib>
<forced_lib>_winreg</forced_lib>
<forced_lib>array</forced_lib>
<forced_lib>audioop</forced_lib>
<forced_lib>binascii</forced_lib>
<forced_lib>cPickle</forced_lib>
<forced_lib>cStringIO</forced_lib>
<forced_lib>cmath</forced_lib>
<forced_lib>datetime</forced_lib>
<forced_lib>email</forced_lib>
<forced_lib>errno</forced_lib>
<forced_lib>exceptions</forced_lib>
<forced_lib>future_builtins</forced_lib>
<forced_lib>gc</forced_lib>
<forced_lib>hashlib</forced_lib>
<forced_lib>imageop</forced_lib>
<forced_lib>imp</forced_lib>
<forced_lib>itertools</forced_lib>
<forced_lib>marshal</forced_lib>
<forced_lib>math</forced_lib>
<forced_lib>mmap</forced_lib>
<forced_lib>msvcrt</forced_lib>
<forced_lib>nt</forced_lib>
<forced_lib>numpy</forced_lib>
<forced_lib>operator</forced_lib>
<forced_lib>os</forced_lib>
<forced_lib>os.path</forced_lib>
<forced_lib>parser</forced_lib>
<forced_lib>posix</forced_lib>
<forced_lib>pwd</forced_lib>
<forced_lib>pytest</forced_lib>
<forced_lib>scipy</forced_lib>
<forced_lib>signal</forced_lib>
<forced_lib>socket</forced_lib>
<forced_lib>strop</forced_lib>
<forced_lib>sys</forced_lib>
<forced_lib>thread</forced_lib>
<forced_lib>time</forced_lib>
<forced_lib>wx</forced_lib>
<forced_lib>wxPython</forced_lib>
<forced_lib>xxsubtype</forced_lib>
<forced_lib>zipimport</forced_lib>
<forced_lib>zlib</forced_lib>
</xml>
- Ok, file is non-null. Getting info on:/usr/local/bin/python3
- Beggining task:Getting libs totalWork:100
- Setting task name:Mounting executable string...
- Setting task name:Executing:  /usr/local/bin/python3 -u /Users/ranuva/.p2/pool/plugins/org.python.pydev_4.3.0.201508182223/pysrc/interpreterInfo.py
- Setting task name:Making pythonpath environment... /usr/local/bin/python3 -u /Users/ranuva/.p2/pool/plugins/org.python.pydev_4.3.0.201508182223/pysrc/interpreterInfo.py
- Setting task name:Making exec... /usr/local/bin/python3 -u /Users/ranuva/.p2/pool/plugins/org.python.pydev_4.3.0.201508182223/pysrc/interpreterInfo.py
- Setting task name:Reading output...
- Setting task name:Waiting for process to finish.
- Success getting the info. Result:<xml>
<name>python</name>
<version>3.5</version>
<executable>/usr/local/bin/python3</executable>
<lib>/Library/Frameworks/Python.framework/Versions/3.5/lib/python3.5</lib>
<lib>/Library/Frameworks/Python.framework/Versions/3.5/lib/python3.5/plat-darwin</lib>
<lib>/Library/Frameworks/Python.framework/Versions/3.5/lib/python3.5/lib-dynload</lib>
<lib>/Library/Frameworks/Python.framework/Versions/3.5/lib/python3.5/site-packages</lib>
<forced_lib>Image</forced_lib>
<forced_lib>OpenGL</forced_lib>
<forced_lib>_ast</forced_lib>
<forced_lib>_bisect</forced_lib>
<forced_lib>_bytesio</forced_lib>
<forced_lib>_codecs</forced_lib>
<forced_lib>_codecs_cn</forced_lib>
<forced_lib>_codecs_hk</forced_lib>
<forced_lib>_codecs_iso2022</forced_lib>
<forced_lib>_codecs_jp</forced_lib>
<forced_lib>_codecs_kr</forced_lib>
<forced_lib>_codecs_tw</forced_lib>
<forced_lib>_collections</forced_lib>
<forced_lib>_csv</forced_lib>
<forced_lib>_fileio</forced_lib>
<forced_lib>_functools</forced_lib>
<forced_lib>_heapq</forced_lib>
<forced_lib>_hotshot</forced_lib>
<forced_lib>_imp</forced_lib>
<forced_lib>_io</forced_lib>
<forced_lib>_json</forced_lib>
<forced_lib>_locale</forced_lib>
<forced_lib>_lsprof</forced_lib>
<forced_lib>_md5</forced_lib>
<forced_lib>_multibytecodec</forced_lib>
<forced_lib>_operator</forced_lib>
<forced_lib>_random</forced_lib>
<forced_lib>_sha</forced_lib>
<forced_lib>_sha256</forced_lib>
<forced_lib>_sha512</forced_lib>
<forced_lib>_signal</forced_lib>
<forced_lib>_sre</forced_lib>
<forced_lib>_stat</forced_lib>
<forced_lib>_string</forced_lib>
<forced_lib>_struct</forced_lib>
<forced_lib>_subprocess</forced_lib>
<forced_lib>_symtable</forced_lib>
<forced_lib>_thread</forced_lib>
<forced_lib>_tracemalloc</forced_lib>
<forced_lib>_warnings</forced_lib>
<forced_lib>_weakref</forced_lib>
<forced_lib>_winreg</forced_lib>
<forced_lib>array</forced_lib>
<forced_lib>atexit</forced_lib>
<forced_lib>audioop</forced_lib>
<forced_lib>binascii</forced_lib>
<forced_lib>builtins</forced_lib>
<forced_lib>cPickle</forced_lib>
<forced_lib>cStringIO</forced_lib>
<forced_lib>cmath</forced_lib>
<forced_lib>datetime</forced_lib>
<forced_lib>email</forced_lib>
<forced_lib>errno</forced_lib>
<forced_lib>exceptions</forced_lib>
<forced_lib>faulthandler</forced_lib>
<forced_lib>future_builtins</forced_lib>
<forced_lib>gc</forced_lib>
<forced_lib>hashlib</forced_lib>
<forced_lib>imageop</forced_lib>
<forced_lib>imp</forced_lib>
<forced_lib>itertools</forced_lib>
<forced_lib>marshal</forced_lib>
<forced_lib>math</forced_lib>
<forced_lib>mmap</forced_lib>
<forced_lib>msvcrt</forced_lib>
<forced_lib>nt</forced_lib>
<forced_lib>numpy</forced_lib>
<forced_lib>operator</forced_lib>
<forced_lib>os</forced_lib>
<forced_lib>os.path</forced_lib>
<forced_lib>parser</forced_lib>
<forced_lib>posix</forced_lib>
<forced_lib>pwd</forced_lib>
<forced_lib>pytest</forced_lib>
<forced_lib>scipy</forced_lib>
<forced_lib>signal</forced_lib>
<forced_lib>socket</forced_lib>
<forced_lib>strop</forced_lib>
<forced_lib>sys</forced_lib>
<forced_lib>thread</forced_lib>
<forced_lib>time</forced_lib>
<forced_lib>wx</forced_lib>
<forced_lib>wxPython</forced_lib>
<forced_lib>xxsubtype</forced_lib>
<forced_lib>zipimport</forced_lib>
<forced_lib>zlib</forced_lib>
</xml>
- Ok, file is non-null. Getting info on:/usr/local/bin/python3.5
- Beggining task:Getting libs totalWork:100
- Setting task name:Mounting executable string...
- Setting task name:Executing:  /usr/local/bin/python3.5 -u /Users/ranuva/.p2/pool/plugins/org.python.pydev_4.3.0.201508182223/pysrc/interpreterInfo.py
- Setting task name:Making pythonpath environment... /usr/local/bin/python3.5 -u /Users/ranuva/.p2/pool/plugins/org.python.pydev_4.3.0.201508182223/pysrc/interpreterInfo.py
- Setting task name:Making exec... /usr/local/bin/python3.5 -u /Users/ranuva/.p2/pool/plugins/org.python.pydev_4.3.0.201508182223/pysrc/interpreterInfo.py
- Setting task name:Reading output...
- Setting task name:Waiting for process to finish.
- Success getting the info. Result:<xml>
<name>python</name>
<version>3.5</version>
<executable>/usr/local/bin/python3.5</executable>
<lib>/Library/Frameworks/Python.framework/Versions/3.5/lib/python3.5</lib>
<lib>/Library/Frameworks/Python.framework/Versions/3.5/lib/python3.5/plat-darwin</lib>
<lib>/Library/Frameworks/Python.framework/Versions/3.5/lib/python3.5/lib-dynload</lib>
<lib>/Library/Frameworks/Python.framework/Versions/3.5/lib/python3.5/site-packages</lib>
<forced_lib>Image</forced_lib>
<forced_lib>OpenGL</forced_lib>
<forced_lib>_ast</forced_lib>
<forced_lib>_bisect</forced_lib>
<forced_lib>_bytesio</forced_lib>
<forced_lib>_codecs</forced_lib>
<forced_lib>_codecs_cn</forced_lib>
<forced_lib>_codecs_hk</forced_lib>
<forced_lib>_codecs_iso2022</forced_lib>
<forced_lib>_codecs_jp</forced_lib>
<forced_lib>_codecs_kr</forced_lib>
<forced_lib>_codecs_tw</forced_lib>
<forced_lib>_collections</forced_lib>
<forced_lib>_csv</forced_lib>
<forced_lib>_fileio</forced_lib>
<forced_lib>_functools</forced_lib>
<forced_lib>_heapq</forced_lib>
<forced_lib>_hotshot</forced_lib>
<forced_lib>_imp</forced_lib>
<forced_lib>_io</forced_lib>
<forced_lib>_json</forced_lib>
<forced_lib>_locale</forced_lib>
<forced_lib>_lsprof</forced_lib>
<forced_lib>_md5</forced_lib>
<forced_lib>_multibytecodec</forced_lib>
<forced_lib>_operator</forced_lib>
<forced_lib>_random</forced_lib>
<forced_lib>_sha</forced_lib>
<forced_lib>_sha256</forced_lib>
<forced_lib>_sha512</forced_lib>
<forced_lib>_signal</forced_lib>
<forced_lib>_sre</forced_lib>
<forced_lib>_stat</forced_lib>
<forced_lib>_string</forced_lib>
<forced_lib>_struct</forced_lib>
<forced_lib>_subprocess</forced_lib>
<forced_lib>_symtable</forced_lib>
<forced_lib>_thread</forced_lib>
<forced_lib>_tracemalloc</forced_lib>
<forced_lib>_warnings</forced_lib>
<forced_lib>_weakref</forced_lib>
<forced_lib>_winreg</forced_lib>
<forced_lib>array</forced_lib>
<forced_lib>atexit</forced_lib>
<forced_lib>audioop</forced_lib>
<forced_lib>binascii</forced_lib>
<forced_lib>builtins</forced_lib>
<forced_lib>cPickle</forced_lib>
<forced_lib>cStringIO</forced_lib>
<forced_lib>cmath</forced_lib>
<forced_lib>datetime</forced_lib>
<forced_lib>email</forced_lib>
<forced_lib>errno</forced_lib>
<forced_lib>exceptions</forced_lib>
<forced_lib>faulthandler</forced_lib>
<forced_lib>future_builtins</forced_lib>
<forced_lib>gc</forced_lib>
<forced_lib>hashlib</forced_lib>
<forced_lib>imageop</forced_lib>
<forced_lib>imp</forced_lib>
<forced_lib>itertools</forced_lib>
<forced_lib>marshal</forced_lib>
<forced_lib>math</forced_lib>
<forced_lib>mmap</forced_lib>
<forced_lib>msvcrt</forced_lib>
<forced_lib>nt</forced_lib>
<forced_lib>numpy</forced_lib>
<forced_lib>operator</forced_lib>
<forced_lib>os</forced_lib>
<forced_lib>os.path</forced_lib>
<forced_lib>parser</forced_lib>
<forced_lib>posix</forced_lib>
<forced_lib>pwd</forced_lib>
<forced_lib>pytest</forced_lib>
<forced_lib>scipy</forced_lib>
<forced_lib>signal</forced_lib>
<forced_lib>socket</forced_lib>
<forced_lib>strop</forced_lib>
<forced_lib>sys</forced_lib>
<forced_lib>thread</forced_lib>
<forced_lib>time</forced_lib>
<forced_lib>wx</forced_lib>
<forced_lib>wxPython</forced_lib>
<forced_lib>xxsubtype</forced_lib>
<forced_lib>zipimport</forced_lib>
<forced_lib>zlib</forced_lib>
</xml>
- Ok, file is non-null. Getting info on:/usr/local/bin/python3.5
- Beggining task:Getting libs totalWork:100
- Setting task name:Mounting executable string...
- Setting task name:Executing:  /usr/local/bin/python3.5 -u /Users/ranuva/.p2/pool/plugins/org.python.pydev_4.3.0.201508182223/pysrc/interpreterInfo.py
- Setting task name:Making pythonpath environment... /usr/local/bin/python3.5 -u /Users/ranuva/.p2/pool/plugins/org.python.pydev_4.3.0.201508182223/pysrc/interpreterInfo.py
- Setting task name:Making exec... /usr/local/bin/python3.5 -u /Users/ranuva/.p2/pool/plugins/org.python.pydev_4.3.0.201508182223/pysrc/interpreterInfo.py
- Setting task name:Reading output...
- Setting task name:Waiting for process to finish.
- Success getting the info. Result:<xml>
<name>python</name>
<version>3.5</version>
<executable>/usr/local/bin/python3.5</executable>
<lib>/Library/Frameworks/Python.framework/Versions/3.5/lib/python3.5</lib>
<lib>/Library/Frameworks/Python.framework/Versions/3.5/lib/python3.5/plat-darwin</lib>
<lib>/Library/Frameworks/Python.framework/Versions/3.5/lib/python3.5/lib-dynload</lib>
<lib>/Library/Frameworks/Python.framework/Versions/3.5/lib/python3.5/site-packages</lib>
<forced_lib>Image</forced_lib>
<forced_lib>OpenGL</forced_lib>
<forced_lib>_ast</forced_lib>
<forced_lib>_bisect</forced_lib>
<forced_lib>_bytesio</forced_lib>
<forced_lib>_codecs</forced_lib>
<forced_lib>_codecs_cn</forced_lib>
<forced_lib>_codecs_hk</forced_lib>
<forced_lib>_codecs_iso2022</forced_lib>
<forced_lib>_codecs_jp</forced_lib>
<forced_lib>_codecs_kr</forced_lib>
<forced_lib>_codecs_tw</forced_lib>
<forced_lib>_collections</forced_lib>
<forced_lib>_csv</forced_lib>
<forced_lib>_fileio</forced_lib>
<forced_lib>_functools</forced_lib>
<forced_lib>_heapq</forced_lib>
<forced_lib>_hotshot</forced_lib>
<forced_lib>_imp</forced_lib>
<forced_lib>_io</forced_lib>
<forced_lib>_json</forced_lib>
<forced_lib>_locale</forced_lib>
<forced_lib>_lsprof</forced_lib>
<forced_lib>_md5</forced_lib>
<forced_lib>_multibytecodec</forced_lib>
<forced_lib>_operator</forced_lib>
<forced_lib>_random</forced_lib>
<forced_lib>_sha</forced_lib>
<forced_lib>_sha256</forced_lib>
<forced_lib>_sha512</forced_lib>
<forced_lib>_signal</forced_lib>
<forced_lib>_sre</forced_lib>
<forced_lib>_stat</forced_lib>
<forced_lib>_string</forced_lib>
<forced_lib>_struct</forced_lib>
<forced_lib>_subprocess</forced_lib>
<forced_lib>_symtable</forced_lib>
<forced_lib>_thread</forced_lib>
<forced_lib>_tracemalloc</forced_lib>
<forced_lib>_warnings</forced_lib>
<forced_lib>_weakref</forced_lib>
<forced_lib>_winreg</forced_lib>
<forced_lib>array</forced_lib>
<forced_lib>atexit</forced_lib>
<forced_lib>audioop</forced_lib>
<forced_lib>binascii</forced_lib>
<forced_lib>builtins</forced_lib>
<forced_lib>cPickle</forced_lib>
<forced_lib>cStringIO</forced_lib>
<forced_lib>cmath</forced_lib>
<forced_lib>datetime</forced_lib>
<forced_lib>email</forced_lib>
<forced_lib>errno</forced_lib>
<forced_lib>exceptions</forced_lib>
<forced_lib>faulthandler</forced_lib>
<forced_lib>future_builtins</forced_lib>
<forced_lib>gc</forced_lib>
<forced_lib>hashlib</forced_lib>
<forced_lib>imageop</forced_lib>
<forced_lib>imp</forced_lib>
<forced_lib>itertools</forced_lib>
<forced_lib>marshal</forced_lib>
<forced_lib>math</forced_lib>
<forced_lib>mmap</forced_lib>
<forced_lib>msvcrt</forced_lib>
<forced_lib>nt</forced_lib>
<forced_lib>numpy</forced_lib>
<forced_lib>operator</forced_lib>
<forced_lib>os</forced_lib>
<forced_lib>os.path</forced_lib>
<forced_lib>parser</forced_lib>
<forced_lib>posix</forced_lib>
<forced_lib>pwd</forced_lib>
<forced_lib>pytest</forced_lib>
<forced_lib>scipy</forced_lib>
<forced_lib>signal</forced_lib>
<forced_lib>socket</forced_lib>
<forced_lib>strop</forced_lib>
<forced_lib>sys</forced_lib>
<forced_lib>thread</forced_lib>
<forced_lib>time</forced_lib>
<forced_lib>wx</forced_lib>
<forced_lib>wxPython</forced_lib>
<forced_lib>xxsubtype</forced_lib>
<forced_lib>zipimport</forced_lib>
<forced_lib>zlib</forced_lib>
</xml>

!STACK 0
java.lang.RuntimeException: - Ok, file is non-null. Getting info on:/usr/bin/python
- Beggining task:Getting libs totalWork:100
- Setting task name:Mounting executable string...
- Setting task name:Executing:  /usr/bin/python -u /Users/ranuva/.p2/pool/plugins/org.python.pydev_4.3.0.201508182223/pysrc/interpreterInfo.py
- Setting task name:Making pythonpath environment... /usr/bin/python -u /Users/ranuva/.p2/pool/plugins/org.python.pydev_4.3.0.201508182223/pysrc/interpreterInfo.py
- Setting task name:Making exec... /usr/bin/python -u /Users/ranuva/.p2/pool/plugins/org.python.pydev_4.3.0.201508182223/pysrc/interpreterInfo.py
- Setting task name:Reading output...
- Setting task name:Waiting for process to finish.
- Success getting the info. Result:<xml>
<name>python</name>
<version>2.7</version>
<executable>/usr/bin/python</executable>
<lib>/System/Library/Frameworks/Python.framework/Versions/2.7/lib/python2.7</lib>
<lib>/System/Library/Frameworks/Python.framework/Versions/2.7/lib/python2.7/plat-darwin</lib>
<lib>/System/Library/Frameworks/Python.framework/Versions/2.7/lib/python2.7/plat-mac</lib>
<lib>/System/Library/Frameworks/Python.framework/Versions/2.7/lib/python2.7/plat-mac/lib-scriptpackages</lib>
<lib>/System/Library/Frameworks/Python.framework/Versions/2.7/Extras/lib/python</lib>
<lib>/System/Library/Frameworks/Python.framework/Versions/2.7/lib/python2.7/lib-tk</lib>
<lib>/System/Library/Frameworks/Python.framework/Versions/2.7/lib/python2.7/lib-dynload</lib>
<lib>/System/Library/Frameworks/Python.framework/Versions/2.7/Extras/lib/python/PyObjC</lib>
<lib>/Library/Python/2.7/site-packages</lib>
<forced_lib>Image</forced_lib>
<forced_lib>OpenGL</forced_lib>
<forced_lib>__builtin__</forced_lib>
<forced_lib>__main__</forced_lib>
<forced_lib>_ast</forced_lib>
<forced_lib>_bisect</forced_lib>
<forced_lib>_bytesio</forced_lib>
<forced_lib>_codecs</forced_lib>
<forced_lib>_codecs_cn</forced_lib>
<forced_lib>_codecs_hk</forced_lib>
<forced_lib>_codecs_iso2022</forced_lib>
<forced_lib>_codecs_jp</forced_lib>
<forced_lib>_codecs_kr</forced_lib>
<forced_lib>_codecs_tw</forced_lib>
<forced_lib>_collections</forced_lib>
<forced_lib>_csv</forced_lib>
<forced_lib>_fileio</forced_lib>
<forced_lib>_functools</forced_lib>
<forced_lib>_heapq</forced_lib>
<forced_lib>_hotshot</forced_lib>
<forced_lib>_json</forced_lib>
<forced_lib>_locale</forced_lib>
<forced_lib>_lsprof</forced_lib>
<forced_lib>_md5</forced_lib>
<forced_lib>_multibytecodec</forced_lib>
<forced_lib>_random</forced_lib>
<forced_lib>_sha</forced_lib>
<forced_lib>_sha256</forced_lib>
<forced_lib>_sha512</forced_lib>
<forced_lib>_sre</forced_lib>
<forced_lib>_struct</forced_lib>
<forced_lib>_subprocess</forced_lib>
<forced_lib>_symtable</forced_lib>
<forced_lib>_warnings</forced_lib>
<forced_lib>_weakref</forced_lib>
<forced_lib>_winreg</forced_lib>
<forced_lib>array</forced_lib>
<forced_lib>audioop</forced_lib>
<forced_lib>binascii</forced_lib>
<forced_lib>cPickle</forced_lib>
<forced_lib>cStringIO</forced_lib>
<forced_lib>cmath</forced_lib>
<forced_lib>datetime</forced_lib>
<forced_lib>email</forced_lib>
<forced_lib>errno</forced_lib>
<forced_lib>exceptions</forced_lib>
<forced_lib>future_builtins</forced_lib>
<forced_lib>gc</forced_lib>
<forced_lib>hashlib</forced_lib>
<forced_lib>imageop</forced_lib>
<forced_lib>imp</forced_lib>
<forced_lib>itertools</forced_lib>
<forced_lib>marshal</forced_lib>
<forced_lib>math</forced_lib>
<forced_lib>mmap</forced_lib>
<forced_lib>msvcrt</forced_lib>
<forced_lib>nt</forced_lib>
<forced_lib>numpy</forced_lib>
<forced_lib>operator</forced_lib>
<forced_lib>os</forced_lib>
<forced_lib>os.path</forced_lib>
<forced_lib>parser</forced_lib>
<forced_lib>posix</forced_lib>
<forced_lib>pwd</forced_lib>
<forced_lib>pytest</forced_lib>
<forced_lib>scipy</forced_lib>
<forced_lib>signal</forced_lib>
<forced_lib>socket</forced_lib>
<forced_lib>strop</forced_lib>
<forced_lib>sys</forced_lib>
<forced_lib>thread</forced_lib>
<forced_lib>time</forced_lib>
<forced_lib>wx</forced_lib>
<forced_lib>wxPython</forced_lib>
<forced_lib>xxsubtype</forced_lib>
<forced_lib>zipimport</forced_lib>
<forced_lib>zlib</forced_lib>
</xml>
- Ok, file is non-null. Getting info on:/usr/bin/python2.6
- Beggining task:Getting libs totalWork:100
- Setting task name:Mounting executable string...
- Setting task name:Executing:  /usr/bin/python2.6 -u /Users/ranuva/.p2/pool/plugins/org.python.pydev_4.3.0.201508182223/pysrc/interpreterInfo.py
- Setting task name:Making pythonpath environment... /usr/bin/python2.6 -u /Users/ranuva/.p2/pool/plugins/org.python.pydev_4.3.0.201508182223/pysrc/interpreterInfo.py
- Setting task name:Making exec... /usr/bin/python2.6 -u /Users/ranuva/.p2/pool/plugins/org.python.pydev_4.3.0.201508182223/pysrc/interpreterInfo.py
- Setting task name:Reading output...
- Setting task name:Waiting for process to finish.
- Success getting the info. Result:<xml>
<name>python</name>
<version>2.6</version>
<executable>/usr/bin/python2.6</executable>
<lib>/System/Library/Frameworks/Python.framework/Versions/2.6/lib/python2.6</lib>
<lib>/System/Library/Frameworks/Python.framework/Versions/2.6/lib/python2.6/plat-darwin</lib>
<lib>/System/Library/Frameworks/Python.framework/Versions/2.6/lib/python2.6/plat-mac</lib>
<lib>/System/Library/Frameworks/Python.framework/Versions/2.6/lib/python2.6/plat-mac/lib-scriptpackages</lib>
<lib>/System/Library/Frameworks/Python.framework/Versions/2.6/Extras/lib/python</lib>
<lib>/System/Library/Frameworks/Python.framework/Versions/2.6/lib/python2.6/lib-tk</lib>
<lib>/System/Library/Frameworks/Python.framework/Versions/2.6/lib/python2.6/lib-dynload</lib>
<lib>/Library/Python/2.6/site-packages</lib>
<lib>/System/Library/Frameworks/Python.framework/Versions/2.6/Extras/lib/python/PyObjC</lib>
<forced_lib>Image</forced_lib>
<forced_lib>OpenGL</forced_lib>
<forced_lib>__builtin__</forced_lib>
<forced_lib>__main__</forced_lib>
<forced_lib>_ast</forced_lib>
<forced_lib>_bisect</forced_lib>
<forced_lib>_bytesio</forced_lib>
<forced_lib>_codecs</forced_lib>
<forced_lib>_codecs_cn</forced_lib>
<forced_lib>_codecs_hk</forced_lib>
<forced_lib>_codecs_iso2022</forced_lib>
<forced_lib>_codecs_jp</forced_lib>
<forced_lib>_codecs_kr</forced_lib>
<forced_lib>_codecs_tw</forced_lib>
<forced_lib>_collections</forced_lib>
<forced_lib>_csv</forced_lib>
<forced_lib>_fileio</forced_lib>
<forced_lib>_functools</forced_lib>
<forced_lib>_heapq</forced_lib>
<forced_lib>_hotshot</forced_lib>
<forced_lib>_json</forced_lib>
<forced_lib>_locale</forced_lib>
<forced_lib>_lsprof</forced_lib>
<forced_lib>_md5</forced_lib>
<forced_lib>_multibytecodec</forced_lib>
<forced_lib>_random</forced_lib>
<forced_lib>_sha</forced_lib>
<forced_lib>_sha256</forced_lib>
<forced_lib>_sha512</forced_lib>
<forced_lib>_sre</forced_lib>
<forced_lib>_struct</forced_lib>
<forced_lib>_subprocess</forced_lib>
<forced_lib>_symtable</forced_lib>
<forced_lib>_warnings</forced_lib>
<forced_lib>_weakref</forced_lib>
<forced_lib>_winreg</forced_lib>
<forced_lib>array</forced_lib>
<forced_lib>audioop</forced_lib>
<forced_lib>binascii</forced_lib>
<forced_lib>cPickle</forced_lib>
<forced_lib>cStringIO</forced_lib>
<forced_lib>cmath</forced_lib>
<forced_lib>datetime</forced_lib>
<forced_lib>email</forced_lib>
<forced_lib>errno</forced_lib>
<forced_lib>exceptions</forced_lib>
<forced_lib>future_builtins</forced_lib>
<forced_lib>gc</forced_lib>
<forced_lib>hashlib</forced_lib>
<forced_lib>imageop</forced_lib>
<forced_lib>imp</forced_lib>
<forced_lib>itertools</forced_lib>
<forced_lib>marshal</forced_lib>
<forced_lib>math</forced_lib>
<forced_lib>mmap</forced_lib>
<forced_lib>msvcrt</forced_lib>
<forced_lib>nt</forced_lib>
<forced_lib>numpy</forced_lib>
<forced_lib>operator</forced_lib>
<forced_lib>os</forced_lib>
<forced_lib>os.path</forced_lib>
<forced_lib>parser</forced_lib>
<forced_lib>posix</forced_lib>
<forced_lib>pwd</forced_lib>
<forced_lib>pytest</forced_lib>
<forced_lib>scipy</forced_lib>
<forced_lib>signal</forced_lib>
<forced_lib>socket</forced_lib>
<forced_lib>strop</forced_lib>
<forced_lib>sys</forced_lib>
<forced_lib>thread</forced_lib>
<forced_lib>time</forced_lib>
<forced_lib>wx</forced_lib>
<forced_lib>wxPython</forced_lib>
<forced_lib>xxsubtype</forced_lib>
<forced_lib>zipimport</forced_lib>
<forced_lib>zlib</forced_lib>
</xml>
- Ok, file is non-null. Getting info on:/usr/bin/python2.7
- Beggining task:Getting libs totalWork:100
- Setting task name:Mounting executable string...
- Setting task name:Executing:  /usr/bin/python2.7 -u /Users/ranuva/.p2/pool/plugins/org.python.pydev_4.3.0.201508182223/pysrc/interpreterInfo.py
- Setting task name:Making pythonpath environment... /usr/bin/python2.7 -u /Users/ranuva/.p2/pool/plugins/org.python.pydev_4.3.0.201508182223/pysrc/interpreterInfo.py
- Setting task name:Making exec... /usr/bin/python2.7 -u /Users/ranuva/.p2/pool/plugins/org.python.pydev_4.3.0.201508182223/pysrc/interpreterInfo.py
- Setting task name:Reading output...
- Setting task name:Waiting for process to finish.
- Success getting the info. Result:<xml>
<name>python</name>
<version>2.7</version>
<executable>/usr/bin/python2.7</executable>
<lib>/System/Library/Frameworks/Python.framework/Versions/2.7/lib/python2.7</lib>
<lib>/System/Library/Frameworks/Python.framework/Versions/2.7/lib/python2.7/plat-darwin</lib>
<lib>/System/Library/Frameworks/Python.framework/Versions/2.7/lib/python2.7/plat-mac</lib>
<lib>/System/Library/Frameworks/Python.framework/Versions/2.7/lib/python2.7/plat-mac/lib-scriptpackages</lib>
<lib>/System/Library/Frameworks/Python.framework/Versions/2.7/Extras/lib/python</lib>
<lib>/System/Library/Frameworks/Python.framework/Versions/2.7/lib/python2.7/lib-tk</lib>
<lib>/System/Library/Frameworks/Python.framework/Versions/2.7/lib/python2.7/lib-dynload</lib>
<lib>/System/Library/Frameworks/Python.framework/Versions/2.7/Extras/lib/python/PyObjC</lib>
<lib>/Library/Python/2.7/site-packages</lib>
<forced_lib>Image</forced_lib>
<forced_lib>OpenGL</forced_lib>
<forced_lib>__builtin__</forced_lib>
<forced_lib>__main__</forced_lib>
<forced_lib>_ast</forced_lib>
<forced_lib>_bisect</forced_lib>
<forced_lib>_bytesio</forced_lib>
<forced_lib>_codecs</forced_lib>
<forced_lib>_codecs_cn</forced_lib>
<forced_lib>_codecs_hk</forced_lib>
<forced_lib>_codecs_iso2022</forced_lib>
<forced_lib>_codecs_jp</forced_lib>
<forced_lib>_codecs_kr</forced_lib>
<forced_lib>_codecs_tw</forced_lib>
<forced_lib>_collections</forced_lib>
<forced_lib>_csv</forced_lib>
<forced_lib>_fileio</forced_lib>
<forced_lib>_functools</forced_lib>
<forced_lib>_heapq</forced_lib>
<forced_lib>_hotshot</forced_lib>
<forced_lib>_json</forced_lib>
<forced_lib>_locale</forced_lib>
<forced_lib>_lsprof</forced_lib>
<forced_lib>_md5</forced_lib>
<forced_lib>_multibytecodec</forced_lib>
<forced_lib>_random</forced_lib>
<forced_lib>_sha</forced_lib>
<forced_lib>_sha256</forced_lib>
<forced_lib>_sha512</forced_lib>
<forced_lib>_sre</forced_lib>
<forced_lib>_struct</forced_lib>
<forced_lib>_subprocess</forced_lib>
<forced_lib>_symtable</forced_lib>
<forced_lib>_warnings</forced_lib>
<forced_lib>_weakref</forced_lib>
<forced_lib>_winreg</forced_lib>
<forced_lib>array</forced_lib>
<forced_lib>audioop</forced_lib>
<forced_lib>binascii</forced_lib>
<forced_lib>cPickle</forced_lib>
<forced_lib>cStringIO</forced_lib>
<forced_lib>cmath</forced_lib>
<forced_lib>datetime</forced_lib>
<forced_lib>email</forced_lib>
<forced_lib>errno</forced_lib>
<forced_lib>exceptions</forced_lib>
<forced_lib>future_builtins</forced_lib>
<forced_lib>gc</forced_lib>
<forced_lib>hashlib</forced_lib>
<forced_lib>imageop</forced_lib>
<forced_lib>imp</forced_lib>
<forced_lib>itertools</forced_lib>
<forced_lib>marshal</forced_lib>
<forced_lib>math</forced_lib>
<forced_lib>mmap</forced_lib>
<forced_lib>msvcrt</forced_lib>
<forced_lib>nt</forced_lib>
<forced_lib>numpy</forced_lib>
<forced_lib>operator</forced_lib>
<forced_lib>os</forced_lib>
<forced_lib>os.path</forced_lib>
<forced_lib>parser</forced_lib>
<forced_lib>posix</forced_lib>
<forced_lib>pwd</forced_lib>
<forced_lib>pytest</forced_lib>
<forced_lib>scipy</forced_lib>
<forced_lib>signal</forced_lib>
<forced_lib>socket</forced_lib>
<forced_lib>strop</forced_lib>
<forced_lib>sys</forced_lib>
<forced_lib>thread</forced_lib>
<forced_lib>time</forced_lib>
<forced_lib>wx</forced_lib>
<forced_lib>wxPython</forced_lib>
<forced_lib>xxsubtype</forced_lib>
<forced_lib>zipimport</forced_lib>
<forced_lib>zlib</forced_lib>
</xml>
- Ok, file is non-null. Getting info on:/usr/local/bin/python3
- Beggining task:Getting libs totalWork:100
- Setting task name:Mounting executable string...
- Setting task name:Executing:  /usr/local/bin/python3 -u /Users/ranuva/.p2/pool/plugins/org.python.pydev_4.3.0.201508182223/pysrc/interpreterInfo.py
- Setting task name:Making pythonpath environment... /usr/local/bin/python3 -u /Users/ranuva/.p2/pool/plugins/org.python.pydev_4.3.0.201508182223/pysrc/interpreterInfo.py
- Setting task name:Making exec... /usr/local/bin/python3 -u /Users/ranuva/.p2/pool/plugins/org.python.pydev_4.3.0.201508182223/pysrc/interpreterInfo.py
- Setting task name:Reading output...
- Setting task name:Waiting for process to finish.
- Success getting the info. Result:<xml>
<name>python</name>
<version>3.5</version>
<executable>/usr/local/bin/python3</executable>
<lib>/Library/Frameworks/Python.framework/Versions/3.5/lib/python3.5</lib>
<lib>/Library/Frameworks/Python.framework/Versions/3.5/lib/python3.5/plat-darwin</lib>
<lib>/Library/Frameworks/Python.framework/Versions/3.5/lib/python3.5/lib-dynload</lib>
<lib>/Library/Frameworks/Python.framework/Versions/3.5/lib/python3.5/site-packages</lib>
<forced_lib>Image</forced_lib>
<forced_lib>OpenGL</forced_lib>
<forced_lib>_ast</forced_lib>
<forced_lib>_bisect</forced_lib>
<forced_lib>_bytesio</forced_lib>
<forced_lib>_codecs</forced_lib>
<forced_lib>_codecs_cn</forced_lib>
<forced_lib>_codecs_hk</forced_lib>
<forced_lib>_codecs_iso2022</forced_lib>
<forced_lib>_codecs_jp</forced_lib>
<forced_lib>_codecs_kr</forced_lib>
<forced_lib>_codecs_tw</forced_lib>
<forced_lib>_collections</forced_lib>
<forced_lib>_csv</forced_lib>
<forced_lib>_fileio</forced_lib>
<forced_lib>_functools</forced_lib>
<forced_lib>_heapq</forced_lib>
<forced_lib>_hotshot</forced_lib>
<forced_lib>_imp</forced_lib>
<forced_lib>_io</forced_lib>
<forced_lib>_json</forced_lib>
<forced_lib>_locale</forced_lib>
<forced_lib>_lsprof</forced_lib>
<forced_lib>_md5</forced_lib>
<forced_lib>_multibytecodec</forced_lib>
<forced_lib>_operator</forced_lib>
<forced_lib>_random</forced_lib>
<forced_lib>_sha</forced_lib>
<forced_lib>_sha256</forced_lib>
<forced_lib>_sha512</forced_lib>
<forced_lib>_signal</forced_lib>
<forced_lib>_sre</forced_lib>
<forced_lib>_stat</forced_lib>
<forced_lib>_string</forced_lib>
<forced_lib>_struct</forced_lib>
<forced_lib>_subprocess</forced_lib>
<forced_lib>_symtable</forced_lib>
<forced_lib>_thread</forced_lib>
<forced_lib>_tracemalloc</forced_lib>
<forced_lib>_warnings</forced_lib>
<forced_lib>_weakref</forced_lib>
<forced_lib>_winreg</forced_lib>
<forced_lib>array</forced_lib>
<forced_lib>atexit</forced_lib>
<forced_lib>audioop</forced_lib>
<forced_lib>binascii</forced_lib>
<forced_lib>builtins</forced_lib>
<forced_lib>cPickle</forced_lib>
<forced_lib>cStringIO</forced_lib>
<forced_lib>cmath</forced_lib>
<forced_lib>datetime</forced_lib>
<forced_lib>email</forced_lib>
<forced_lib>errno</forced_lib>
<forced_lib>exceptions</forced_lib>
<forced_lib>faulthandler</forced_lib>
<forced_lib>future_builtins</forced_lib>
<forced_lib>gc</forced_lib>
<forced_lib>hashlib</forced_lib>
<forced_lib>imageop</forced_lib>
<forced_lib>imp</forced_lib>
<forced_lib>itertools</forced_lib>
<forced_lib>marshal</forced_lib>
<forced_lib>math</forced_lib>
<forced_lib>mmap</forced_lib>
<forced_lib>msvcrt</forced_lib>
<forced_lib>nt</forced_lib>
<forced_lib>numpy</forced_lib>
<forced_lib>operator</forced_lib>
<forced_lib>os</forced_lib>
<forced_lib>os.path</forced_lib>
<forced_lib>parser</forced_lib>
<forced_lib>posix</forced_lib>
<forced_lib>pwd</forced_lib>
<forced_lib>pytest</forced_lib>
<forced_lib>scipy</forced_lib>
<forced_lib>signal</forced_lib>
<forced_lib>socket</forced_lib>
<forced_lib>strop</forced_lib>
<forced_lib>sys</forced_lib>
<forced_lib>thread</forced_lib>
<forced_lib>time</forced_lib>
<forced_lib>wx</forced_lib>
<forced_lib>wxPython</forced_lib>
<forced_lib>xxsubtype</forced_lib>
<forced_lib>zipimport</forced_lib>
<forced_lib>zlib</forced_lib>
</xml>
- Ok, file is non-null. Getting info on:/usr/local/bin/python3.5
- Beggining task:Getting libs totalWork:100
- Setting task name:Mounting executable string...
- Setting task name:Executing:  /usr/local/bin/python3.5 -u /Users/ranuva/.p2/pool/plugins/org.python.pydev_4.3.0.201508182223/pysrc/interpreterInfo.py
- Setting task name:Making pythonpath environment... /usr/local/bin/python3.5 -u /Users/ranuva/.p2/pool/plugins/org.python.pydev_4.3.0.201508182223/pysrc/interpreterInfo.py
- Setting task name:Making exec... /usr/local/bin/python3.5 -u /Users/ranuva/.p2/pool/plugins/org.python.pydev_4.3.0.201508182223/pysrc/interpreterInfo.py
- Setting task name:Reading output...
- Setting task name:Waiting for process to finish.
- Success getting the info. Result:<xml>
<name>python</name>
<version>3.5</version>
<executable>/usr/local/bin/python3.5</executable>
<lib>/Library/Frameworks/Python.framework/Versions/3.5/lib/python3.5</lib>
<lib>/Library/Frameworks/Python.framework/Versions/3.5/lib/python3.5/plat-darwin</lib>
<lib>/Library/Frameworks/Python.framework/Versions/3.5/lib/python3.5/lib-dynload</lib>
<lib>/Library/Frameworks/Python.framework/Versions/3.5/lib/python3.5/site-packages</lib>
<forced_lib>Image</forced_lib>
<forced_lib>OpenGL</forced_lib>
<forced_lib>_ast</forced_lib>
<forced_lib>_bisect</forced_lib>
<forced_lib>_bytesio</forced_lib>
<forced_lib>_codecs</forced_lib>
<forced_lib>_codecs_cn</forced_lib>
<forced_lib>_codecs_hk</forced_lib>
<forced_lib>_codecs_iso2022</forced_lib>
<forced_lib>_codecs_jp</forced_lib>
<forced_lib>_codecs_kr</forced_lib>
<forced_lib>_codecs_tw</forced_lib>
<forced_lib>_collections</forced_lib>
<forced_lib>_csv</forced_lib>
<forced_lib>_fileio</forced_lib>
<forced_lib>_functools</forced_lib>
<forced_lib>_heapq</forced_lib>
<forced_lib>_hotshot</forced_lib>
<forced_lib>_imp</forced_lib>
<forced_lib>_io</forced_lib>
<forced_lib>_json</forced_lib>
<forced_lib>_locale</forced_lib>
<forced_lib>_lsprof</forced_lib>
<forced_lib>_md5</forced_lib>
<forced_lib>_multibytecodec</forced_lib>
<forced_lib>_operator</forced_lib>
<forced_lib>_random</forced_lib>
<forced_lib>_sha</forced_lib>
<forced_lib>_sha256</forced_lib>
<forced_lib>_sha512</forced_lib>
<forced_lib>_signal</forced_lib>
<forced_lib>_sre</forced_lib>
<forced_lib>_stat</forced_lib>
<forced_lib>_string</forced_lib>
<forced_lib>_struct</forced_lib>
<forced_lib>_subprocess</forced_lib>
<forced_lib>_symtable</forced_lib>
<forced_lib>_thread</forced_lib>
<forced_lib>_tracemalloc</forced_lib>
<forced_lib>_warnings</forced_lib>
<forced_lib>_weakref</forced_lib>
<forced_lib>_winreg</forced_lib>
<forced_lib>array</forced_lib>
<forced_lib>atexit</forced_lib>
<forced_lib>audioop</forced_lib>
<forced_lib>binascii</forced_lib>
<forced_lib>builtins</forced_lib>
<forced_lib>cPickle</forced_lib>
<forced_lib>cStringIO</forced_lib>
<forced_lib>cmath</forced_lib>
<forced_lib>datetime</forced_lib>
<forced_lib>email</forced_lib>
<forced_lib>errno</forced_lib>
<forced_lib>exceptions</forced_lib>
<forced_lib>faulthandler</forced_lib>
<forced_lib>future_builtins</forced_lib>
<forced_lib>gc</forced_lib>
<forced_lib>hashlib</forced_lib>
<forced_lib>imageop</forced_lib>
<forced_lib>imp</forced_lib>
<forced_lib>itertools</forced_lib>
<forced_lib>marshal</forced_lib>
<forced_lib>math</forced_lib>
<forced_lib>mmap</forced_lib>
<forced_lib>msvcrt</forced_lib>
<forced_lib>nt</forced_lib>
<forced_lib>numpy</forced_lib>
<forced_lib>operator</forced_lib>
<forced_lib>os</forced_lib>
<forced_lib>os.path</forced_lib>
<forced_lib>parser</forced_lib>
<forced_lib>posix</forced_lib>
<forced_lib>pwd</forced_lib>
<forced_lib>pytest</forced_lib>
<forced_lib>scipy</forced_lib>
<forced_lib>signal</forced_lib>
<forced_lib>socket</forced_lib>
<forced_lib>strop</forced_lib>
<forced_lib>sys</forced_lib>
<forced_lib>thread</forced_lib>
<forced_lib>time</forced_lib>
<forced_lib>wx</forced_lib>
<forced_lib>wxPython</forced_lib>
<forced_lib>xxsubtype</forced_lib>
<forced_lib>zipimport</forced_lib>
<forced_lib>zlib</forced_lib>
</xml>
- Ok, file is non-null. Getting info on:/usr/local/bin/python3.5
- Beggining task:Getting libs totalWork:100
- Setting task name:Mounting executable string...
- Setting task name:Executing:  /usr/local/bin/python3.5 -u /Users/ranuva/.p2/pool/plugins/org.python.pydev_4.3.0.201508182223/pysrc/interpreterInfo.py
- Setting task name:Making pythonpath environment... /usr/local/bin/python3.5 -u /Users/ranuva/.p2/pool/plugins/org.python.pydev_4.3.0.201508182223/pysrc/interpreterInfo.py
- Setting task name:Making exec... /usr/local/bin/python3.5 -u /Users/ranuva/.p2/pool/plugins/org.python.pydev_4.3.0.201508182223/pysrc/interpreterInfo.py
- Setting task name:Reading output...
- Setting task name:Waiting for process to finish.
- Success getting the info. Result:<xml>
<name>python</name>
<version>3.5</version>
<executable>/usr/local/bin/python3.5</executable>
<lib>/Library/Frameworks/Python.framework/Versions/3.5/lib/python3.5</lib>
<lib>/Library/Frameworks/Python.framework/Versions/3.5/lib/python3.5/plat-darwin</lib>
<lib>/Library/Frameworks/Python.framework/Versions/3.5/lib/python3.5/lib-dynload</lib>
<lib>/Library/Frameworks/Python.framework/Versions/3.5/lib/python3.5/site-packages</lib>
<forced_lib>Image</forced_lib>
<forced_lib>OpenGL</forced_lib>
<forced_lib>_ast</forced_lib>
<forced_lib>_bisect</forced_lib>
<forced_lib>_bytesio</forced_lib>
<forced_lib>_codecs</forced_lib>
<forced_lib>_codecs_cn</forced_lib>
<forced_lib>_codecs_hk</forced_lib>
<forced_lib>_codecs_iso2022</forced_lib>
<forced_lib>_codecs_jp</forced_lib>
<forced_lib>_codecs_kr</forced_lib>
<forced_lib>_codecs_tw</forced_lib>
<forced_lib>_collections</forced_lib>
<forced_lib>_csv</forced_lib>
<forced_lib>_fileio</forced_lib>
<forced_lib>_functools</forced_lib>
<forced_lib>_heapq</forced_lib>
<forced_lib>_hotshot</forced_lib>
<forced_lib>_imp</forced_lib>
<forced_lib>_io</forced_lib>
<forced_lib>_json</forced_lib>
<forced_lib>_locale</forced_lib>
<forced_lib>_lsprof</forced_lib>
<forced_lib>_md5</forced_lib>
<forced_lib>_multibytecodec</forced_lib>
<forced_lib>_operator</forced_lib>
<forced_lib>_random</forced_lib>
<forced_lib>_sha</forced_lib>
<forced_lib>_sha256</forced_lib>
<forced_lib>_sha512</forced_lib>
<forced_lib>_signal</forced_lib>
<forced_lib>_sre</forced_lib>
<forced_lib>_stat</forced_lib>
<forced_lib>_string</forced_lib>
<forced_lib>_struct</forced_lib>
<forced_lib>_subprocess</forced_lib>
<forced_lib>_symtable</forced_lib>
<forced_lib>_thread</forced_lib>
<forced_lib>_tracemalloc</forced_lib>
<forced_lib>_warnings</forced_lib>
<forced_lib>_weakref</forced_lib>
<forced_lib>_winreg</forced_lib>
<forced_lib>array</forced_lib>
<forced_lib>atexit</forced_lib>
<forced_lib>audioop</forced_lib>
<forced_lib>binascii</forced_lib>
<forced_lib>builtins</forced_lib>
<forced_lib>cPickle</forced_lib>
<forced_lib>cStringIO</forced_lib>
<forced_lib>cmath</forced_lib>
<forced_lib>datetime</forced_lib>
<forced_lib>email</forced_lib>
<forced_lib>errno</forced_lib>
<forced_lib>exceptions</forced_lib>
<forced_lib>faulthandler</forced_lib>
<forced_lib>future_builtins</forced_lib>
<forced_lib>gc</forced_lib>
<forced_lib>hashlib</forced_lib>
<forced_lib>imageop</forced_lib>
<forced_lib>imp</forced_lib>
<forced_lib>itertools</forced_lib>
<forced_lib>marshal</forced_lib>
<forced_lib>math</forced_lib>
<forced_lib>mmap</forced_lib>
<forced_lib>msvcrt</forced_lib>
<forced_lib>nt</forced_lib>
<forced_lib>numpy</forced_lib>
<forced_lib>operator</forced_lib>
<forced_lib>os</forced_lib>
<forced_lib>os.path</forced_lib>
<forced_lib>parser</forced_lib>
<forced_lib>posix</forced_lib>
<forced_lib>pwd</forced_lib>
<forced_lib>pytest</forced_lib>
<forced_lib>scipy</forced_lib>
<forced_lib>signal</forced_lib>
<forced_lib>socket</forced_lib>
<forced_lib>strop</forced_lib>
<forced_lib>sys</forced_lib>
<forced_lib>thread</forced_lib>
<forced_lib>time</forced_lib>
<forced_lib>wx</forced_lib>
<forced_lib>wxPython</forced_lib>
<forced_lib>xxsubtype</forced_lib>
<forced_lib>zipimport</forced_lib>
<forced_lib>zlib</forced_lib>
</xml>

	at org.python.pydev.core.log.Log.logInfo(Log.java:66)
	at org.python.pydev.ui.pythonpathconf.AutoConfigMaker.autoConfigSingleApply(AutoConfigMaker.java:177)
	at org.python.pydev.ui.PyProjectPythonDetails$ProjectInterpreterAndGrammarConfig$2.widgetSelected(PyProjectPythonDetails.java:269)
	at org.eclipse.swt.widgets.TypedListener.handleEvent(TypedListener.java:248)
	at org.eclipse.swt.widgets.EventTable.sendEvent(EventTable.java:84)
	at org.eclipse.swt.widgets.Display.sendEvent(Display.java:4230)
	at org.eclipse.swt.widgets.Widget.sendEvent(Widget.java:1491)
	at org.eclipse.swt.widgets.Widget.sendEvent(Widget.java:1514)
	at org.eclipse.swt.widgets.Widget.sendSelectionEvent(Widget.java:1564)
	at org.eclipse.swt.widgets.Link.textView_clickOnLink_atIndex(Link.java:117)
	at org.eclipse.swt.widgets.Display.windowProc(Display.java:6010)
	at org.eclipse.swt.internal.cocoa.OS.objc_msgSendSuper(Native Method)
	at org.eclipse.swt.widgets.Widget.callSuper(Widget.java:227)
	at org.eclipse.swt.widgets.Widget.mouseDownSuper(Widget.java:1121)
	at org.eclipse.swt.widgets.Widget.mouseDown(Widget.java:1113)
	at org.eclipse.swt.widgets.Control.mouseDown(Control.java:2569)
	at org.eclipse.swt.widgets.Display.windowProc(Display.java:5692)
	at org.eclipse.swt.internal.cocoa.OS.objc_msgSend_bool(Native Method)
	at org.eclipse.swt.internal.cocoa.NSRunLoop.runMode(NSRunLoop.java:42)
	at org.eclipse.swt.widgets.Display.sleep(Display.java:4740)
	at org.eclipse.jface.window.Window.runEventLoop(Window.java:828)
	at org.eclipse.jface.window.Window.open(Window.java:803)
	at org.eclipse.ui.internal.actions.NewWizardShortcutAction.run(NewWizardShortcutAction.java:136)
	at org.eclipse.jface.action.Action.runWithEvent(Action.java:473)
	at org.eclipse.jface.action.ActionContributionItem.handleWidgetSelection(ActionContributionItem.java:595)
	at org.eclipse.jface.action.ActionContributionItem.access$2(ActionContributionItem.java:511)
	at org.eclipse.jface.action.ActionContributionItem$5.handleEvent(ActionContributionItem.java:420)
	at org.eclipse.swt.widgets.EventTable.sendEvent(EventTable.java:84)
	at org.eclipse.swt.widgets.Display.sendEvent(Display.java:4230)
	at org.eclipse.swt.widgets.Widget.sendEvent(Widget.java:1491)
	at org.eclipse.swt.widgets.Widget.sendEvent(Widget.java:1514)
	at org.eclipse.swt.widgets.Widget.sendEvent(Widget.java:1499)
	at org.eclipse.swt.widgets.Widget.notifyListeners(Widget.java:1299)
	at org.eclipse.swt.widgets.Display.runDeferredEvents(Display.java:4072)
	at org.eclipse.swt.widgets.Display.readAndDispatch(Display.java:3698)
	at org.eclipse.e4.ui.internal.workbench.swt.PartRenderingEngine$4.run(PartRenderingEngine.java:1127)
	at org.eclipse.core.databinding.observable.Realm.runWithDefault(Realm.java:337)
	at org.eclipse.e4.ui.internal.workbench.swt.PartRenderingEngine.run(PartRenderingEngine.java:1018)
	at org.eclipse.e4.ui.internal.workbench.E4Workbench.createAndRunUI(E4Workbench.java:156)
	at org.eclipse.ui.internal.Workbench$5.run(Workbench.java:654)
	at org.eclipse.core.databinding.observable.Realm.runWithDefault(Realm.java:337)
	at org.eclipse.ui.internal.Workbench.createAndRunWorkbench(Workbench.java:598)
	at org.eclipse.ui.PlatformUI.createAndRunWorkbench(PlatformUI.java:150)
	at org.eclipse.ui.internal.ide.application.IDEApplication.start(IDEApplication.java:139)
	at org.eclipse.equinox.internal.app.EclipseAppHandle.run(EclipseAppHandle.java:196)
	at org.eclipse.core.runtime.internal.adaptor.EclipseAppLauncher.runApplication(EclipseAppLauncher.java:134)
	at org.eclipse.core.runtime.internal.adaptor.EclipseAppLauncher.start(EclipseAppLauncher.java:104)
	at org.eclipse.core.runtime.adaptor.EclipseStarter.run(EclipseStarter.java:380)
	at org.eclipse.core.runtime.adaptor.EclipseStarter.run(EclipseStarter.java:235)
	at sun.reflect.NativeMethodAccessorImpl.invoke0(Native Method)
	at sun.reflect.NativeMethodAccessorImpl.invoke(NativeMethodAccessorImpl.java:62)
	at sun.reflect.DelegatingMethodAccessorImpl.invoke(DelegatingMethodAccessorImpl.java:43)
	at java.lang.reflect.Method.invoke(Method.java:497)
	at org.eclipse.equinox.launcher.Main.invokeFramework(Main.java:669)
	at org.eclipse.equinox.launcher.Main.basicRun(Main.java:608)
	at org.eclipse.equinox.launcher.Main.run(Main.java:1515)

!ENTRY org.python.pydev.shared_core 1 1 2015-09-30 15:12:11.888
!MESSAGE Restoring info for: /usr/local/bin/python3.5
!STACK 0
java.lang.RuntimeException: Restoring info for: /usr/local/bin/python3.5
	at org.python.pydev.ui.interpreters.AbstractInterpreterManager.getInterpretersFromPersistedString(AbstractInterpreterManager.java:517)
	at org.python.pydev.ui.interpreters.AbstractInterpreterManager.internalRecreateCacheGetInterpreterInfos(AbstractInterpreterManager.java:337)
	at org.python.pydev.ui.interpreters.AbstractInterpreterManager.setInfos(AbstractInterpreterManager.java:641)
	at org.python.pydev.ui.pythonpathconf.AutoConfigMaker$1.run(AutoConfigMaker.java:137)
	at org.eclipse.core.internal.jobs.Worker.run(Worker.java:55)
Caused by: java.io.IOException: Expecting: /Users/ranuva/Documents/GradUCI/CS273A-ML/HW1/.metadata/.plugins/org.python.pydev/v1_7ah5uomj487i8ywgtlasmz4o4/modulesKeys to exist (and be a file).
	at org.python.pydev.editor.codecompletion.revisited.ModulesManager.loadFromFile(ModulesManager.java:289)
	at org.python.pydev.editor.codecompletion.revisited.SystemModulesManager.load(SystemModulesManager.java:371)
	at org.python.pydev.ui.interpreters.AbstractInterpreterManager.getInterpretersFromPersistedString(AbstractInterpreterManager.java:515)
	... 4 more

!ENTRY org.python.pydev.shared_core 1 1 2015-09-30 15:12:12.285
!MESSAGE Finished restoring information for: /usr/local/bin/python3.5 at: /Users/ranuva/Documents/GradUCI/CS273A-ML/HW1/.metadata/.plugins/org.python.pydev/v1_7ah5uomj487i8ywgtlasmz4o4
!STACK 0
java.lang.RuntimeException: Finished restoring information for: /usr/local/bin/python3.5 at: /Users/ranuva/Documents/GradUCI/CS273A-ML/HW1/.metadata/.plugins/org.python.pydev/v1_7ah5uomj487i8ywgtlasmz4o4
	at org.python.pydev.core.log.Log.logInfo(Log.java:66)
	at org.python.pydev.ui.interpreters.AbstractInterpreterManager.getInterpretersFromPersistedString(AbstractInterpreterManager.java:562)
	at org.python.pydev.ui.interpreters.AbstractInterpreterManager.internalRecreateCacheGetInterpreterInfos(AbstractInterpreterManager.java:337)
	at org.python.pydev.ui.interpreters.AbstractInterpreterManager.setInfos(AbstractInterpreterManager.java:641)
	at org.python.pydev.ui.pythonpathconf.AutoConfigMaker$1.run(AutoConfigMaker.java:137)
	at org.eclipse.core.internal.jobs.Worker.run(Worker.java:55)

!ENTRY org.python.pydev.shared_core 4 4 2015-09-30 15:12:12.403
!MESSAGE Info: Rebuilding internal caches: /Users/ranuva/Documents/GradUCI/CS273A-ML/HW1/.metadata/.plugins/com.python.pydev.analysis/python_v1_7ah5uomj487i8ywgtlasmz4o4/python.pydevsysteminfo (Expected error to be provided and got no error!)

!ENTRY org.python.pydev.shared_core 4 4 2015-09-30 15:12:32.412
!MESSAGE Info: Rebuilding internal caches: /Users/ranuva/Documents/GradUCI/CS273A-ML/HW1/.metadata/.plugins/org.eclipse.core.resources/.projects/HW1/com.python.pydev.analysis/AdditionalProjectInterpreterInfo.pydevinfo (Expected error to be provided and got no error!)

!ENTRY org.python.pydev.shared_core 1 1 2015-09-30 16:22:58.397
!MESSAGE - Ok, file is non-null. Getting info on:/usr/bin/python
- Beggining task:Getting libs totalWork:100
- Setting task name:Mounting executable string...
- Setting task name:Executing:  /usr/bin/python -u /Users/ranuva/.p2/pool/plugins/org.python.pydev_4.3.0.201508182223/pysrc/interpreterInfo.py
- Setting task name:Making pythonpath environment... /usr/bin/python -u /Users/ranuva/.p2/pool/plugins/org.python.pydev_4.3.0.201508182223/pysrc/interpreterInfo.py
- Setting task name:Making exec... /usr/bin/python -u /Users/ranuva/.p2/pool/plugins/org.python.pydev_4.3.0.201508182223/pysrc/interpreterInfo.py
- Setting task name:Reading output...
- Setting task name:Waiting for process to finish.
- Success getting the info. Result:<xml>
<name>python1</name>
<version>2.7</version>
<executable>/usr/bin/python</executable>
<lib>/System/Library/Frameworks/Python.framework/Versions/2.7/lib/python2.7</lib>
<lib>/System/Library/Frameworks/Python.framework/Versions/2.7/lib/python2.7/plat-darwin</lib>
<lib>/System/Library/Frameworks/Python.framework/Versions/2.7/lib/python2.7/plat-mac</lib>
<lib>/System/Library/Frameworks/Python.framework/Versions/2.7/lib/python2.7/plat-mac/lib-scriptpackages</lib>
<lib>/System/Library/Frameworks/Python.framework/Versions/2.7/Extras/lib/python</lib>
<lib>/System/Library/Frameworks/Python.framework/Versions/2.7/lib/python2.7/lib-tk</lib>
<lib>/System/Library/Frameworks/Python.framework/Versions/2.7/lib/python2.7/lib-dynload</lib>
<lib>/System/Library/Frameworks/Python.framework/Versions/2.7/Extras/lib/python/PyObjC</lib>
<lib>/Library/Python/2.7/site-packages</lib>
<forced_lib>Image</forced_lib>
<forced_lib>OpenGL</forced_lib>
<forced_lib>__builtin__</forced_lib>
<forced_lib>__main__</forced_lib>
<forced_lib>_ast</forced_lib>
<forced_lib>_bisect</forced_lib>
<forced_lib>_bytesio</forced_lib>
<forced_lib>_codecs</forced_lib>
<forced_lib>_codecs_cn</forced_lib>
<forced_lib>_codecs_hk</forced_lib>
<forced_lib>_codecs_iso2022</forced_lib>
<forced_lib>_codecs_jp</forced_lib>
<forced_lib>_codecs_kr</forced_lib>
<forced_lib>_codecs_tw</forced_lib>
<forced_lib>_collections</forced_lib>
<forced_lib>_csv</forced_lib>
<forced_lib>_fileio</forced_lib>
<forced_lib>_functools</forced_lib>
<forced_lib>_heapq</forced_lib>
<forced_lib>_hotshot</forced_lib>
<forced_lib>_json</forced_lib>
<forced_lib>_locale</forced_lib>
<forced_lib>_lsprof</forced_lib>
<forced_lib>_md5</forced_lib>
<forced_lib>_multibytecodec</forced_lib>
<forced_lib>_random</forced_lib>
<forced_lib>_sha</forced_lib>
<forced_lib>_sha256</forced_lib>
<forced_lib>_sha512</forced_lib>
<forced_lib>_sre</forced_lib>
<forced_lib>_struct</forced_lib>
<forced_lib>_subprocess</forced_lib>
<forced_lib>_symtable</forced_lib>
<forced_lib>_warnings</forced_lib>
<forced_lib>_weakref</forced_lib>
<forced_lib>_winreg</forced_lib>
<forced_lib>array</forced_lib>
<forced_lib>audioop</forced_lib>
<forced_lib>binascii</forced_lib>
<forced_lib>cPickle</forced_lib>
<forced_lib>cStringIO</forced_lib>
<forced_lib>cmath</forced_lib>
<forced_lib>datetime</forced_lib>
<forced_lib>email</forced_lib>
<forced_lib>errno</forced_lib>
<forced_lib>exceptions</forced_lib>
<forced_lib>future_builtins</forced_lib>
<forced_lib>gc</forced_lib>
<forced_lib>hashlib</forced_lib>
<forced_lib>imageop</forced_lib>
<forced_lib>imp</forced_lib>
<forced_lib>itertools</forced_lib>
<forced_lib>marshal</forced_lib>
<forced_lib>math</forced_lib>
<forced_lib>mmap</forced_lib>
<forced_lib>msvcrt</forced_lib>
<forced_lib>nt</forced_lib>
<forced_lib>numpy</forced_lib>
<forced_lib>operator</forced_lib>
<forced_lib>os</forced_lib>
<forced_lib>os.path</forced_lib>
<forced_lib>parser</forced_lib>
<forced_lib>posix</forced_lib>
<forced_lib>pwd</forced_lib>
<forced_lib>pytest</forced_lib>
<forced_lib>scipy</forced_lib>
<forced_lib>signal</forced_lib>
<forced_lib>socket</forced_lib>
<forced_lib>strop</forced_lib>
<forced_lib>sys</forced_lib>
<forced_lib>thread</forced_lib>
<forced_lib>time</forced_lib>
<forced_lib>wx</forced_lib>
<forced_lib>wxPython</forced_lib>
<forced_lib>xxsubtype</forced_lib>
<forced_lib>zipimport</forced_lib>
<forced_lib>zlib</forced_lib>
</xml>
- Ok, file is non-null. Getting info on:/usr/bin/python2.6
- Beggining task:Getting libs totalWork:100
- Setting task name:Mounting executable string...
- Setting task name:Executing:  /usr/bin/python2.6 -u /Users/ranuva/.p2/pool/plugins/org.python.pydev_4.3.0.201508182223/pysrc/interpreterInfo.py
- Setting task name:Making pythonpath environment... /usr/bin/python2.6 -u /Users/ranuva/.p2/pool/plugins/org.python.pydev_4.3.0.201508182223/pysrc/interpreterInfo.py
- Setting task name:Making exec... /usr/bin/python2.6 -u /Users/ranuva/.p2/pool/plugins/org.python.pydev_4.3.0.201508182223/pysrc/interpreterInfo.py
- Setting task name:Reading output...
- Setting task name:Waiting for process to finish.
- Success getting the info. Result:<xml>
<name>python1</name>
<version>2.6</version>
<executable>/usr/bin/python2.6</executable>
<lib>/System/Library/Frameworks/Python.framework/Versions/2.6/lib/python2.6</lib>
<lib>/System/Library/Frameworks/Python.framework/Versions/2.6/lib/python2.6/plat-darwin</lib>
<lib>/System/Library/Frameworks/Python.framework/Versions/2.6/lib/python2.6/plat-mac</lib>
<lib>/System/Library/Frameworks/Python.framework/Versions/2.6/lib/python2.6/plat-mac/lib-scriptpackages</lib>
<lib>/System/Library/Frameworks/Python.framework/Versions/2.6/Extras/lib/python</lib>
<lib>/System/Library/Frameworks/Python.framework/Versions/2.6/lib/python2.6/lib-tk</lib>
<lib>/System/Library/Frameworks/Python.framework/Versions/2.6/lib/python2.6/lib-dynload</lib>
<lib>/Library/Python/2.6/site-packages</lib>
<lib>/System/Library/Frameworks/Python.framework/Versions/2.6/Extras/lib/python/PyObjC</lib>
<forced_lib>Image</forced_lib>
<forced_lib>OpenGL</forced_lib>
<forced_lib>__builtin__</forced_lib>
<forced_lib>__main__</forced_lib>
<forced_lib>_ast</forced_lib>
<forced_lib>_bisect</forced_lib>
<forced_lib>_bytesio</forced_lib>
<forced_lib>_codecs</forced_lib>
<forced_lib>_codecs_cn</forced_lib>
<forced_lib>_codecs_hk</forced_lib>
<forced_lib>_codecs_iso2022</forced_lib>
<forced_lib>_codecs_jp</forced_lib>
<forced_lib>_codecs_kr</forced_lib>
<forced_lib>_codecs_tw</forced_lib>
<forced_lib>_collections</forced_lib>
<forced_lib>_csv</forced_lib>
<forced_lib>_fileio</forced_lib>
<forced_lib>_functools</forced_lib>
<forced_lib>_heapq</forced_lib>
<forced_lib>_hotshot</forced_lib>
<forced_lib>_json</forced_lib>
<forced_lib>_locale</forced_lib>
<forced_lib>_lsprof</forced_lib>
<forced_lib>_md5</forced_lib>
<forced_lib>_multibytecodec</forced_lib>
<forced_lib>_random</forced_lib>
<forced_lib>_sha</forced_lib>
<forced_lib>_sha256</forced_lib>
<forced_lib>_sha512</forced_lib>
<forced_lib>_sre</forced_lib>
<forced_lib>_struct</forced_lib>
<forced_lib>_subprocess</forced_lib>
<forced_lib>_symtable</forced_lib>
<forced_lib>_warnings</forced_lib>
<forced_lib>_weakref</forced_lib>
<forced_lib>_winreg</forced_lib>
<forced_lib>array</forced_lib>
<forced_lib>audioop</forced_lib>
<forced_lib>binascii</forced_lib>
<forced_lib>cPickle</forced_lib>
<forced_lib>cStringIO</forced_lib>
<forced_lib>cmath</forced_lib>
<forced_lib>datetime</forced_lib>
<forced_lib>email</forced_lib>
<forced_lib>errno</forced_lib>
<forced_lib>exceptions</forced_lib>
<forced_lib>future_builtins</forced_lib>
<forced_lib>gc</forced_lib>
<forced_lib>hashlib</forced_lib>
<forced_lib>imageop</forced_lib>
<forced_lib>imp</forced_lib>
<forced_lib>itertools</forced_lib>
<forced_lib>marshal</forced_lib>
<forced_lib>math</forced_lib>
<forced_lib>mmap</forced_lib>
<forced_lib>msvcrt</forced_lib>
<forced_lib>nt</forced_lib>
<forced_lib>numpy</forced_lib>
<forced_lib>operator</forced_lib>
<forced_lib>os</forced_lib>
<forced_lib>os.path</forced_lib>
<forced_lib>parser</forced_lib>
<forced_lib>posix</forced_lib>
<forced_lib>pwd</forced_lib>
<forced_lib>pytest</forced_lib>
<forced_lib>scipy</forced_lib>
<forced_lib>signal</forced_lib>
<forced_lib>socket</forced_lib>
<forced_lib>strop</forced_lib>
<forced_lib>sys</forced_lib>
<forced_lib>thread</forced_lib>
<forced_lib>time</forced_lib>
<forced_lib>wx</forced_lib>
<forced_lib>wxPython</forced_lib>
<forced_lib>xxsubtype</forced_lib>
<forced_lib>zipimport</forced_lib>
<forced_lib>zlib</forced_lib>
</xml>
- Ok, file is non-null. Getting info on:/usr/bin/python2.7
- Beggining task:Getting libs totalWork:100
- Setting task name:Mounting executable string...
- Setting task name:Executing:  /usr/bin/python2.7 -u /Users/ranuva/.p2/pool/plugins/org.python.pydev_4.3.0.201508182223/pysrc/interpreterInfo.py
- Setting task name:Making pythonpath environment... /usr/bin/python2.7 -u /Users/ranuva/.p2/pool/plugins/org.python.pydev_4.3.0.201508182223/pysrc/interpreterInfo.py
- Setting task name:Making exec... /usr/bin/python2.7 -u /Users/ranuva/.p2/pool/plugins/org.python.pydev_4.3.0.201508182223/pysrc/interpreterInfo.py
- Setting task name:Reading output...
- Setting task name:Waiting for process to finish.
- Success getting the info. Result:<xml>
<name>python1</name>
<version>2.7</version>
<executable>/usr/bin/python2.7</executable>
<lib>/System/Library/Frameworks/Python.framework/Versions/2.7/lib/python2.7</lib>
<lib>/System/Library/Frameworks/Python.framework/Versions/2.7/lib/python2.7/plat-darwin</lib>
<lib>/System/Library/Frameworks/Python.framework/Versions/2.7/lib/python2.7/plat-mac</lib>
<lib>/System/Library/Frameworks/Python.framework/Versions/2.7/lib/python2.7/plat-mac/lib-scriptpackages</lib>
<lib>/System/Library/Frameworks/Python.framework/Versions/2.7/Extras/lib/python</lib>
<lib>/System/Library/Frameworks/Python.framework/Versions/2.7/lib/python2.7/lib-tk</lib>
<lib>/System/Library/Frameworks/Python.framework/Versions/2.7/lib/python2.7/lib-dynload</lib>
<lib>/System/Library/Frameworks/Python.framework/Versions/2.7/Extras/lib/python/PyObjC</lib>
<lib>/Library/Python/2.7/site-packages</lib>
<forced_lib>Image</forced_lib>
<forced_lib>OpenGL</forced_lib>
<forced_lib>__builtin__</forced_lib>
<forced_lib>__main__</forced_lib>
<forced_lib>_ast</forced_lib>
<forced_lib>_bisect</forced_lib>
<forced_lib>_bytesio</forced_lib>
<forced_lib>_codecs</forced_lib>
<forced_lib>_codecs_cn</forced_lib>
<forced_lib>_codecs_hk</forced_lib>
<forced_lib>_codecs_iso2022</forced_lib>
<forced_lib>_codecs_jp</forced_lib>
<forced_lib>_codecs_kr</forced_lib>
<forced_lib>_codecs_tw</forced_lib>
<forced_lib>_collections</forced_lib>
<forced_lib>_csv</forced_lib>
<forced_lib>_fileio</forced_lib>
<forced_lib>_functools</forced_lib>
<forced_lib>_heapq</forced_lib>
<forced_lib>_hotshot</forced_lib>
<forced_lib>_json</forced_lib>
<forced_lib>_locale</forced_lib>
<forced_lib>_lsprof</forced_lib>
<forced_lib>_md5</forced_lib>
<forced_lib>_multibytecodec</forced_lib>
<forced_lib>_random</forced_lib>
<forced_lib>_sha</forced_lib>
<forced_lib>_sha256</forced_lib>
<forced_lib>_sha512</forced_lib>
<forced_lib>_sre</forced_lib>
<forced_lib>_struct</forced_lib>
<forced_lib>_subprocess</forced_lib>
<forced_lib>_symtable</forced_lib>
<forced_lib>_warnings</forced_lib>
<forced_lib>_weakref</forced_lib>
<forced_lib>_winreg</forced_lib>
<forced_lib>array</forced_lib>
<forced_lib>audioop</forced_lib>
<forced_lib>binascii</forced_lib>
<forced_lib>cPickle</forced_lib>
<forced_lib>cStringIO</forced_lib>
<forced_lib>cmath</forced_lib>
<forced_lib>datetime</forced_lib>
<forced_lib>email</forced_lib>
<forced_lib>errno</forced_lib>
<forced_lib>exceptions</forced_lib>
<forced_lib>future_builtins</forced_lib>
<forced_lib>gc</forced_lib>
<forced_lib>hashlib</forced_lib>
<forced_lib>imageop</forced_lib>
<forced_lib>imp</forced_lib>
<forced_lib>itertools</forced_lib>
<forced_lib>marshal</forced_lib>
<forced_lib>math</forced_lib>
<forced_lib>mmap</forced_lib>
<forced_lib>msvcrt</forced_lib>
<forced_lib>nt</forced_lib>
<forced_lib>numpy</forced_lib>
<forced_lib>operator</forced_lib>
<forced_lib>os</forced_lib>
<forced_lib>os.path</forced_lib>
<forced_lib>parser</forced_lib>
<forced_lib>posix</forced_lib>
<forced_lib>pwd</forced_lib>
<forced_lib>pytest</forced_lib>
<forced_lib>scipy</forced_lib>
<forced_lib>signal</forced_lib>
<forced_lib>socket</forced_lib>
<forced_lib>strop</forced_lib>
<forced_lib>sys</forced_lib>
<forced_lib>thread</forced_lib>
<forced_lib>time</forced_lib>
<forced_lib>wx</forced_lib>
<forced_lib>wxPython</forced_lib>
<forced_lib>xxsubtype</forced_lib>
<forced_lib>zipimport</forced_lib>
<forced_lib>zlib</forced_lib>
</xml>
- Ok, file is non-null. Getting info on:/usr/local/bin/python3
- Beggining task:Getting libs totalWork:100
- Setting task name:Mounting executable string...
- Setting task name:Executing:  /usr/local/bin/python3 -u /Users/ranuva/.p2/pool/plugins/org.python.pydev_4.3.0.201508182223/pysrc/interpreterInfo.py
- Setting task name:Making pythonpath environment... /usr/local/bin/python3 -u /Users/ranuva/.p2/pool/plugins/org.python.pydev_4.3.0.201508182223/pysrc/interpreterInfo.py
- Setting task name:Making exec... /usr/local/bin/python3 -u /Users/ranuva/.p2/pool/plugins/org.python.pydev_4.3.0.201508182223/pysrc/interpreterInfo.py
- Setting task name:Reading output...
- Setting task name:Waiting for process to finish.
- Success getting the info. Result:<xml>
<name>python1</name>
<version>3.5</version>
<executable>/usr/local/bin/python3</executable>
<lib>/Library/Frameworks/Python.framework/Versions/3.5/lib/python3.5</lib>
<lib>/Library/Frameworks/Python.framework/Versions/3.5/lib/python3.5/plat-darwin</lib>
<lib>/Library/Frameworks/Python.framework/Versions/3.5/lib/python3.5/lib-dynload</lib>
<lib>/Library/Frameworks/Python.framework/Versions/3.5/lib/python3.5/site-packages</lib>
<forced_lib>Image</forced_lib>
<forced_lib>OpenGL</forced_lib>
<forced_lib>_ast</forced_lib>
<forced_lib>_bisect</forced_lib>
<forced_lib>_bytesio</forced_lib>
<forced_lib>_codecs</forced_lib>
<forced_lib>_codecs_cn</forced_lib>
<forced_lib>_codecs_hk</forced_lib>
<forced_lib>_codecs_iso2022</forced_lib>
<forced_lib>_codecs_jp</forced_lib>
<forced_lib>_codecs_kr</forced_lib>
<forced_lib>_codecs_tw</forced_lib>
<forced_lib>_collections</forced_lib>
<forced_lib>_csv</forced_lib>
<forced_lib>_fileio</forced_lib>
<forced_lib>_functools</forced_lib>
<forced_lib>_heapq</forced_lib>
<forced_lib>_hotshot</forced_lib>
<forced_lib>_imp</forced_lib>
<forced_lib>_io</forced_lib>
<forced_lib>_json</forced_lib>
<forced_lib>_locale</forced_lib>
<forced_lib>_lsprof</forced_lib>
<forced_lib>_md5</forced_lib>
<forced_lib>_multibytecodec</forced_lib>
<forced_lib>_operator</forced_lib>
<forced_lib>_random</forced_lib>
<forced_lib>_sha</forced_lib>
<forced_lib>_sha256</forced_lib>
<forced_lib>_sha512</forced_lib>
<forced_lib>_signal</forced_lib>
<forced_lib>_sre</forced_lib>
<forced_lib>_stat</forced_lib>
<forced_lib>_string</forced_lib>
<forced_lib>_struct</forced_lib>
<forced_lib>_subprocess</forced_lib>
<forced_lib>_symtable</forced_lib>
<forced_lib>_thread</forced_lib>
<forced_lib>_tracemalloc</forced_lib>
<forced_lib>_warnings</forced_lib>
<forced_lib>_weakref</forced_lib>
<forced_lib>_winreg</forced_lib>
<forced_lib>array</forced_lib>
<forced_lib>atexit</forced_lib>
<forced_lib>audioop</forced_lib>
<forced_lib>binascii</forced_lib>
<forced_lib>builtins</forced_lib>
<forced_lib>cPickle</forced_lib>
<forced_lib>cStringIO</forced_lib>
<forced_lib>cmath</forced_lib>
<forced_lib>datetime</forced_lib>
<forced_lib>email</forced_lib>
<forced_lib>errno</forced_lib>
<forced_lib>exceptions</forced_lib>
<forced_lib>faulthandler</forced_lib>
<forced_lib>future_builtins</forced_lib>
<forced_lib>gc</forced_lib>
<forced_lib>hashlib</forced_lib>
<forced_lib>imageop</forced_lib>
<forced_lib>imp</forced_lib>
<forced_lib>itertools</forced_lib>
<forced_lib>marshal</forced_lib>
<forced_lib>math</forced_lib>
<forced_lib>mmap</forced_lib>
<forced_lib>msvcrt</forced_lib>
<forced_lib>nt</forced_lib>
<forced_lib>numpy</forced_lib>
<forced_lib>operator</forced_lib>
<forced_lib>os</forced_lib>
<forced_lib>os.path</forced_lib>
<forced_lib>parser</forced_lib>
<forced_lib>posix</forced_lib>
<forced_lib>pwd</forced_lib>
<forced_lib>pytest</forced_lib>
<forced_lib>scipy</forced_lib>
<forced_lib>signal</forced_lib>
<forced_lib>socket</forced_lib>
<forced_lib>strop</forced_lib>
<forced_lib>sys</forced_lib>
<forced_lib>thread</forced_lib>
<forced_lib>time</forced_lib>
<forced_lib>wx</forced_lib>
<forced_lib>wxPython</forced_lib>
<forced_lib>xxsubtype</forced_lib>
<forced_lib>zipimport</forced_lib>
<forced_lib>zlib</forced_lib>
</xml>
- Ok, file is non-null. Getting info on:/usr/bin/python2.7
- Beggining task:Getting libs totalWork:100
- Setting task name:Mounting executable string...
- Setting task name:Executing:  /usr/bin/python2.7 -u /Users/ranuva/.p2/pool/plugins/org.python.pydev_4.3.0.201508182223/pysrc/interpreterInfo.py
- Setting task name:Making pythonpath environment... /usr/bin/python2.7 -u /Users/ranuva/.p2/pool/plugins/org.python.pydev_4.3.0.201508182223/pysrc/interpreterInfo.py
- Setting task name:Making exec... /usr/bin/python2.7 -u /Users/ranuva/.p2/pool/plugins/org.python.pydev_4.3.0.201508182223/pysrc/interpreterInfo.py
- Setting task name:Reading output...
- Setting task name:Waiting for process to finish.
- Success getting the info. Result:<xml>
<name>python1</name>
<version>2.7</version>
<executable>/usr/bin/python2.7</executable>
<lib>/System/Library/Frameworks/Python.framework/Versions/2.7/lib/python2.7</lib>
<lib>/System/Library/Frameworks/Python.framework/Versions/2.7/lib/python2.7/plat-darwin</lib>
<lib>/System/Library/Frameworks/Python.framework/Versions/2.7/lib/python2.7/plat-mac</lib>
<lib>/System/Library/Frameworks/Python.framework/Versions/2.7/lib/python2.7/plat-mac/lib-scriptpackages</lib>
<lib>/System/Library/Frameworks/Python.framework/Versions/2.7/Extras/lib/python</lib>
<lib>/System/Library/Frameworks/Python.framework/Versions/2.7/lib/python2.7/lib-tk</lib>
<lib>/System/Library/Frameworks/Python.framework/Versions/2.7/lib/python2.7/lib-dynload</lib>
<lib>/System/Library/Frameworks/Python.framework/Versions/2.7/Extras/lib/python/PyObjC</lib>
<lib>/Library/Python/2.7/site-packages</lib>
<forced_lib>Image</forced_lib>
<forced_lib>OpenGL</forced_lib>
<forced_lib>__builtin__</forced_lib>
<forced_lib>__main__</forced_lib>
<forced_lib>_ast</forced_lib>
<forced_lib>_bisect</forced_lib>
<forced_lib>_bytesio</forced_lib>
<forced_lib>_codecs</forced_lib>
<forced_lib>_codecs_cn</forced_lib>
<forced_lib>_codecs_hk</forced_lib>
<forced_lib>_codecs_iso2022</forced_lib>
<forced_lib>_codecs_jp</forced_lib>
<forced_lib>_codecs_kr</forced_lib>
<forced_lib>_codecs_tw</forced_lib>
<forced_lib>_collections</forced_lib>
<forced_lib>_csv</forced_lib>
<forced_lib>_fileio</forced_lib>
<forced_lib>_functools</forced_lib>
<forced_lib>_heapq</forced_lib>
<forced_lib>_hotshot</forced_lib>
<forced_lib>_json</forced_lib>
<forced_lib>_locale</forced_lib>
<forced_lib>_lsprof</forced_lib>
<forced_lib>_md5</forced_lib>
<forced_lib>_multibytecodec</forced_lib>
<forced_lib>_random</forced_lib>
<forced_lib>_sha</forced_lib>
<forced_lib>_sha256</forced_lib>
<forced_lib>_sha512</forced_lib>
<forced_lib>_sre</forced_lib>
<forced_lib>_struct</forced_lib>
<forced_lib>_subprocess</forced_lib>
<forced_lib>_symtable</forced_lib>
<forced_lib>_warnings</forced_lib>
<forced_lib>_weakref</forced_lib>
<forced_lib>_winreg</forced_lib>
<forced_lib>array</forced_lib>
<forced_lib>audioop</forced_lib>
<forced_lib>binascii</forced_lib>
<forced_lib>cPickle</forced_lib>
<forced_lib>cStringIO</forced_lib>
<forced_lib>cmath</forced_lib>
<forced_lib>datetime</forced_lib>
<forced_lib>email</forced_lib>
<forced_lib>errno</forced_lib>
<forced_lib>exceptions</forced_lib>
<forced_lib>future_builtins</forced_lib>
<forced_lib>gc</forced_lib>
<forced_lib>hashlib</forced_lib>
<forced_lib>imageop</forced_lib>
<forced_lib>imp</forced_lib>
<forced_lib>itertools</forced_lib>
<forced_lib>marshal</forced_lib>
<forced_lib>math</forced_lib>
<forced_lib>mmap</forced_lib>
<forced_lib>msvcrt</forced_lib>
<forced_lib>nt</forced_lib>
<forced_lib>numpy</forced_lib>
<forced_lib>operator</forced_lib>
<forced_lib>os</forced_lib>
<forced_lib>os.path</forced_lib>
<forced_lib>parser</forced_lib>
<forced_lib>posix</forced_lib>
<forced_lib>pwd</forced_lib>
<forced_lib>pytest</forced_lib>
<forced_lib>scipy</forced_lib>
<forced_lib>signal</forced_lib>
<forced_lib>socket</forced_lib>
<forced_lib>strop</forced_lib>
<forced_lib>sys</forced_lib>
<forced_lib>thread</forced_lib>
<forced_lib>time</forced_lib>
<forced_lib>wx</forced_lib>
<forced_lib>wxPython</forced_lib>
<forced_lib>xxsubtype</forced_lib>
<forced_lib>zipimport</forced_lib>
<forced_lib>zlib</forced_lib>
</xml>

!STACK 0
java.lang.RuntimeException: - Ok, file is non-null. Getting info on:/usr/bin/python
- Beggining task:Getting libs totalWork:100
- Setting task name:Mounting executable string...
- Setting task name:Executing:  /usr/bin/python -u /Users/ranuva/.p2/pool/plugins/org.python.pydev_4.3.0.201508182223/pysrc/interpreterInfo.py
- Setting task name:Making pythonpath environment... /usr/bin/python -u /Users/ranuva/.p2/pool/plugins/org.python.pydev_4.3.0.201508182223/pysrc/interpreterInfo.py
- Setting task name:Making exec... /usr/bin/python -u /Users/ranuva/.p2/pool/plugins/org.python.pydev_4.3.0.201508182223/pysrc/interpreterInfo.py
- Setting task name:Reading output...
- Setting task name:Waiting for process to finish.
- Success getting the info. Result:<xml>
<name>python1</name>
<version>2.7</version>
<executable>/usr/bin/python</executable>
<lib>/System/Library/Frameworks/Python.framework/Versions/2.7/lib/python2.7</lib>
<lib>/System/Library/Frameworks/Python.framework/Versions/2.7/lib/python2.7/plat-darwin</lib>
<lib>/System/Library/Frameworks/Python.framework/Versions/2.7/lib/python2.7/plat-mac</lib>
<lib>/System/Library/Frameworks/Python.framework/Versions/2.7/lib/python2.7/plat-mac/lib-scriptpackages</lib>
<lib>/System/Library/Frameworks/Python.framework/Versions/2.7/Extras/lib/python</lib>
<lib>/System/Library/Frameworks/Python.framework/Versions/2.7/lib/python2.7/lib-tk</lib>
<lib>/System/Library/Frameworks/Python.framework/Versions/2.7/lib/python2.7/lib-dynload</lib>
<lib>/System/Library/Frameworks/Python.framework/Versions/2.7/Extras/lib/python/PyObjC</lib>
<lib>/Library/Python/2.7/site-packages</lib>
<forced_lib>Image</forced_lib>
<forced_lib>OpenGL</forced_lib>
<forced_lib>__builtin__</forced_lib>
<forced_lib>__main__</forced_lib>
<forced_lib>_ast</forced_lib>
<forced_lib>_bisect</forced_lib>
<forced_lib>_bytesio</forced_lib>
<forced_lib>_codecs</forced_lib>
<forced_lib>_codecs_cn</forced_lib>
<forced_lib>_codecs_hk</forced_lib>
<forced_lib>_codecs_iso2022</forced_lib>
<forced_lib>_codecs_jp</forced_lib>
<forced_lib>_codecs_kr</forced_lib>
<forced_lib>_codecs_tw</forced_lib>
<forced_lib>_collections</forced_lib>
<forced_lib>_csv</forced_lib>
<forced_lib>_fileio</forced_lib>
<forced_lib>_functools</forced_lib>
<forced_lib>_heapq</forced_lib>
<forced_lib>_hotshot</forced_lib>
<forced_lib>_json</forced_lib>
<forced_lib>_locale</forced_lib>
<forced_lib>_lsprof</forced_lib>
<forced_lib>_md5</forced_lib>
<forced_lib>_multibytecodec</forced_lib>
<forced_lib>_random</forced_lib>
<forced_lib>_sha</forced_lib>
<forced_lib>_sha256</forced_lib>
<forced_lib>_sha512</forced_lib>
<forced_lib>_sre</forced_lib>
<forced_lib>_struct</forced_lib>
<forced_lib>_subprocess</forced_lib>
<forced_lib>_symtable</forced_lib>
<forced_lib>_warnings</forced_lib>
<forced_lib>_weakref</forced_lib>
<forced_lib>_winreg</forced_lib>
<forced_lib>array</forced_lib>
<forced_lib>audioop</forced_lib>
<forced_lib>binascii</forced_lib>
<forced_lib>cPickle</forced_lib>
<forced_lib>cStringIO</forced_lib>
<forced_lib>cmath</forced_lib>
<forced_lib>datetime</forced_lib>
<forced_lib>email</forced_lib>
<forced_lib>errno</forced_lib>
<forced_lib>exceptions</forced_lib>
<forced_lib>future_builtins</forced_lib>
<forced_lib>gc</forced_lib>
<forced_lib>hashlib</forced_lib>
<forced_lib>imageop</forced_lib>
<forced_lib>imp</forced_lib>
<forced_lib>itertools</forced_lib>
<forced_lib>marshal</forced_lib>
<forced_lib>math</forced_lib>
<forced_lib>mmap</forced_lib>
<forced_lib>msvcrt</forced_lib>
<forced_lib>nt</forced_lib>
<forced_lib>numpy</forced_lib>
<forced_lib>operator</forced_lib>
<forced_lib>os</forced_lib>
<forced_lib>os.path</forced_lib>
<forced_lib>parser</forced_lib>
<forced_lib>posix</forced_lib>
<forced_lib>pwd</forced_lib>
<forced_lib>pytest</forced_lib>
<forced_lib>scipy</forced_lib>
<forced_lib>signal</forced_lib>
<forced_lib>socket</forced_lib>
<forced_lib>strop</forced_lib>
<forced_lib>sys</forced_lib>
<forced_lib>thread</forced_lib>
<forced_lib>time</forced_lib>
<forced_lib>wx</forced_lib>
<forced_lib>wxPython</forced_lib>
<forced_lib>xxsubtype</forced_lib>
<forced_lib>zipimport</forced_lib>
<forced_lib>zlib</forced_lib>
</xml>
- Ok, file is non-null. Getting info on:/usr/bin/python2.6
- Beggining task:Getting libs totalWork:100
- Setting task name:Mounting executable string...
- Setting task name:Executing:  /usr/bin/python2.6 -u /Users/ranuva/.p2/pool/plugins/org.python.pydev_4.3.0.201508182223/pysrc/interpreterInfo.py
- Setting task name:Making pythonpath environment... /usr/bin/python2.6 -u /Users/ranuva/.p2/pool/plugins/org.python.pydev_4.3.0.201508182223/pysrc/interpreterInfo.py
- Setting task name:Making exec... /usr/bin/python2.6 -u /Users/ranuva/.p2/pool/plugins/org.python.pydev_4.3.0.201508182223/pysrc/interpreterInfo.py
- Setting task name:Reading output...
- Setting task name:Waiting for process to finish.
- Success getting the info. Result:<xml>
<name>python1</name>
<version>2.6</version>
<executable>/usr/bin/python2.6</executable>
<lib>/System/Library/Frameworks/Python.framework/Versions/2.6/lib/python2.6</lib>
<lib>/System/Library/Frameworks/Python.framework/Versions/2.6/lib/python2.6/plat-darwin</lib>
<lib>/System/Library/Frameworks/Python.framework/Versions/2.6/lib/python2.6/plat-mac</lib>
<lib>/System/Library/Frameworks/Python.framework/Versions/2.6/lib/python2.6/plat-mac/lib-scriptpackages</lib>
<lib>/System/Library/Frameworks/Python.framework/Versions/2.6/Extras/lib/python</lib>
<lib>/System/Library/Frameworks/Python.framework/Versions/2.6/lib/python2.6/lib-tk</lib>
<lib>/System/Library/Frameworks/Python.framework/Versions/2.6/lib/python2.6/lib-dynload</lib>
<lib>/Library/Python/2.6/site-packages</lib>
<lib>/System/Library/Frameworks/Python.framework/Versions/2.6/Extras/lib/python/PyObjC</lib>
<forced_lib>Image</forced_lib>
<forced_lib>OpenGL</forced_lib>
<forced_lib>__builtin__</forced_lib>
<forced_lib>__main__</forced_lib>
<forced_lib>_ast</forced_lib>
<forced_lib>_bisect</forced_lib>
<forced_lib>_bytesio</forced_lib>
<forced_lib>_codecs</forced_lib>
<forced_lib>_codecs_cn</forced_lib>
<forced_lib>_codecs_hk</forced_lib>
<forced_lib>_codecs_iso2022</forced_lib>
<forced_lib>_codecs_jp</forced_lib>
<forced_lib>_codecs_kr</forced_lib>
<forced_lib>_codecs_tw</forced_lib>
<forced_lib>_collections</forced_lib>
<forced_lib>_csv</forced_lib>
<forced_lib>_fileio</forced_lib>
<forced_lib>_functools</forced_lib>
<forced_lib>_heapq</forced_lib>
<forced_lib>_hotshot</forced_lib>
<forced_lib>_json</forced_lib>
<forced_lib>_locale</forced_lib>
<forced_lib>_lsprof</forced_lib>
<forced_lib>_md5</forced_lib>
<forced_lib>_multibytecodec</forced_lib>
<forced_lib>_random</forced_lib>
<forced_lib>_sha</forced_lib>
<forced_lib>_sha256</forced_lib>
<forced_lib>_sha512</forced_lib>
<forced_lib>_sre</forced_lib>
<forced_lib>_struct</forced_lib>
<forced_lib>_subprocess</forced_lib>
<forced_lib>_symtable</forced_lib>
<forced_lib>_warnings</forced_lib>
<forced_lib>_weakref</forced_lib>
<forced_lib>_winreg</forced_lib>
<forced_lib>array</forced_lib>
<forced_lib>audioop</forced_lib>
<forced_lib>binascii</forced_lib>
<forced_lib>cPickle</forced_lib>
<forced_lib>cStringIO</forced_lib>
<forced_lib>cmath</forced_lib>
<forced_lib>datetime</forced_lib>
<forced_lib>email</forced_lib>
<forced_lib>errno</forced_lib>
<forced_lib>exceptions</forced_lib>
<forced_lib>future_builtins</forced_lib>
<forced_lib>gc</forced_lib>
<forced_lib>hashlib</forced_lib>
<forced_lib>imageop</forced_lib>
<forced_lib>imp</forced_lib>
<forced_lib>itertools</forced_lib>
<forced_lib>marshal</forced_lib>
<forced_lib>math</forced_lib>
<forced_lib>mmap</forced_lib>
<forced_lib>msvcrt</forced_lib>
<forced_lib>nt</forced_lib>
<forced_lib>numpy</forced_lib>
<forced_lib>operator</forced_lib>
<forced_lib>os</forced_lib>
<forced_lib>os.path</forced_lib>
<forced_lib>parser</forced_lib>
<forced_lib>posix</forced_lib>
<forced_lib>pwd</forced_lib>
<forced_lib>pytest</forced_lib>
<forced_lib>scipy</forced_lib>
<forced_lib>signal</forced_lib>
<forced_lib>socket</forced_lib>
<forced_lib>strop</forced_lib>
<forced_lib>sys</forced_lib>
<forced_lib>thread</forced_lib>
<forced_lib>time</forced_lib>
<forced_lib>wx</forced_lib>
<forced_lib>wxPython</forced_lib>
<forced_lib>xxsubtype</forced_lib>
<forced_lib>zipimport</forced_lib>
<forced_lib>zlib</forced_lib>
</xml>
- Ok, file is non-null. Getting info on:/usr/bin/python2.7
- Beggining task:Getting libs totalWork:100
- Setting task name:Mounting executable string...
- Setting task name:Executing:  /usr/bin/python2.7 -u /Users/ranuva/.p2/pool/plugins/org.python.pydev_4.3.0.201508182223/pysrc/interpreterInfo.py
- Setting task name:Making pythonpath environment... /usr/bin/python2.7 -u /Users/ranuva/.p2/pool/plugins/org.python.pydev_4.3.0.201508182223/pysrc/interpreterInfo.py
- Setting task name:Making exec... /usr/bin/python2.7 -u /Users/ranuva/.p2/pool/plugins/org.python.pydev_4.3.0.201508182223/pysrc/interpreterInfo.py
- Setting task name:Reading output...
- Setting task name:Waiting for process to finish.
- Success getting the info. Result:<xml>
<name>python1</name>
<version>2.7</version>
<executable>/usr/bin/python2.7</executable>
<lib>/System/Library/Frameworks/Python.framework/Versions/2.7/lib/python2.7</lib>
<lib>/System/Library/Frameworks/Python.framework/Versions/2.7/lib/python2.7/plat-darwin</lib>
<lib>/System/Library/Frameworks/Python.framework/Versions/2.7/lib/python2.7/plat-mac</lib>
<lib>/System/Library/Frameworks/Python.framework/Versions/2.7/lib/python2.7/plat-mac/lib-scriptpackages</lib>
<lib>/System/Library/Frameworks/Python.framework/Versions/2.7/Extras/lib/python</lib>
<lib>/System/Library/Frameworks/Python.framework/Versions/2.7/lib/python2.7/lib-tk</lib>
<lib>/System/Library/Frameworks/Python.framework/Versions/2.7/lib/python2.7/lib-dynload</lib>
<lib>/System/Library/Frameworks/Python.framework/Versions/2.7/Extras/lib/python/PyObjC</lib>
<lib>/Library/Python/2.7/site-packages</lib>
<forced_lib>Image</forced_lib>
<forced_lib>OpenGL</forced_lib>
<forced_lib>__builtin__</forced_lib>
<forced_lib>__main__</forced_lib>
<forced_lib>_ast</forced_lib>
<forced_lib>_bisect</forced_lib>
<forced_lib>_bytesio</forced_lib>
<forced_lib>_codecs</forced_lib>
<forced_lib>_codecs_cn</forced_lib>
<forced_lib>_codecs_hk</forced_lib>
<forced_lib>_codecs_iso2022</forced_lib>
<forced_lib>_codecs_jp</forced_lib>
<forced_lib>_codecs_kr</forced_lib>
<forced_lib>_codecs_tw</forced_lib>
<forced_lib>_collections</forced_lib>
<forced_lib>_csv</forced_lib>
<forced_lib>_fileio</forced_lib>
<forced_lib>_functools</forced_lib>
<forced_lib>_heapq</forced_lib>
<forced_lib>_hotshot</forced_lib>
<forced_lib>_json</forced_lib>
<forced_lib>_locale</forced_lib>
<forced_lib>_lsprof</forced_lib>
<forced_lib>_md5</forced_lib>
<forced_lib>_multibytecodec</forced_lib>
<forced_lib>_random</forced_lib>
<forced_lib>_sha</forced_lib>
<forced_lib>_sha256</forced_lib>
<forced_lib>_sha512</forced_lib>
<forced_lib>_sre</forced_lib>
<forced_lib>_struct</forced_lib>
<forced_lib>_subprocess</forced_lib>
<forced_lib>_symtable</forced_lib>
<forced_lib>_warnings</forced_lib>
<forced_lib>_weakref</forced_lib>
<forced_lib>_winreg</forced_lib>
<forced_lib>array</forced_lib>
<forced_lib>audioop</forced_lib>
<forced_lib>binascii</forced_lib>
<forced_lib>cPickle</forced_lib>
<forced_lib>cStringIO</forced_lib>
<forced_lib>cmath</forced_lib>
<forced_lib>datetime</forced_lib>
<forced_lib>email</forced_lib>
<forced_lib>errno</forced_lib>
<forced_lib>exceptions</forced_lib>
<forced_lib>future_builtins</forced_lib>
<forced_lib>gc</forced_lib>
<forced_lib>hashlib</forced_lib>
<forced_lib>imageop</forced_lib>
<forced_lib>imp</forced_lib>
<forced_lib>itertools</forced_lib>
<forced_lib>marshal</forced_lib>
<forced_lib>math</forced_lib>
<forced_lib>mmap</forced_lib>
<forced_lib>msvcrt</forced_lib>
<forced_lib>nt</forced_lib>
<forced_lib>numpy</forced_lib>
<forced_lib>operator</forced_lib>
<forced_lib>os</forced_lib>
<forced_lib>os.path</forced_lib>
<forced_lib>parser</forced_lib>
<forced_lib>posix</forced_lib>
<forced_lib>pwd</forced_lib>
<forced_lib>pytest</forced_lib>
<forced_lib>scipy</forced_lib>
<forced_lib>signal</forced_lib>
<forced_lib>socket</forced_lib>
<forced_lib>strop</forced_lib>
<forced_lib>sys</forced_lib>
<forced_lib>thread</forced_lib>
<forced_lib>time</forced_lib>
<forced_lib>wx</forced_lib>
<forced_lib>wxPython</forced_lib>
<forced_lib>xxsubtype</forced_lib>
<forced_lib>zipimport</forced_lib>
<forced_lib>zlib</forced_lib>
</xml>
- Ok, file is non-null. Getting info on:/usr/local/bin/python3
- Beggining task:Getting libs totalWork:100
- Setting task name:Mounting executable string...
- Setting task name:Executing:  /usr/local/bin/python3 -u /Users/ranuva/.p2/pool/plugins/org.python.pydev_4.3.0.201508182223/pysrc/interpreterInfo.py
- Setting task name:Making pythonpath environment... /usr/local/bin/python3 -u /Users/ranuva/.p2/pool/plugins/org.python.pydev_4.3.0.201508182223/pysrc/interpreterInfo.py
- Setting task name:Making exec... /usr/local/bin/python3 -u /Users/ranuva/.p2/pool/plugins/org.python.pydev_4.3.0.201508182223/pysrc/interpreterInfo.py
- Setting task name:Reading output...
- Setting task name:Waiting for process to finish.
- Success getting the info. Result:<xml>
<name>python1</name>
<version>3.5</version>
<executable>/usr/local/bin/python3</executable>
<lib>/Library/Frameworks/Python.framework/Versions/3.5/lib/python3.5</lib>
<lib>/Library/Frameworks/Python.framework/Versions/3.5/lib/python3.5/plat-darwin</lib>
<lib>/Library/Frameworks/Python.framework/Versions/3.5/lib/python3.5/lib-dynload</lib>
<lib>/Library/Frameworks/Python.framework/Versions/3.5/lib/python3.5/site-packages</lib>
<forced_lib>Image</forced_lib>
<forced_lib>OpenGL</forced_lib>
<forced_lib>_ast</forced_lib>
<forced_lib>_bisect</forced_lib>
<forced_lib>_bytesio</forced_lib>
<forced_lib>_codecs</forced_lib>
<forced_lib>_codecs_cn</forced_lib>
<forced_lib>_codecs_hk</forced_lib>
<forced_lib>_codecs_iso2022</forced_lib>
<forced_lib>_codecs_jp</forced_lib>
<forced_lib>_codecs_kr</forced_lib>
<forced_lib>_codecs_tw</forced_lib>
<forced_lib>_collections</forced_lib>
<forced_lib>_csv</forced_lib>
<forced_lib>_fileio</forced_lib>
<forced_lib>_functools</forced_lib>
<forced_lib>_heapq</forced_lib>
<forced_lib>_hotshot</forced_lib>
<forced_lib>_imp</forced_lib>
<forced_lib>_io</forced_lib>
<forced_lib>_json</forced_lib>
<forced_lib>_locale</forced_lib>
<forced_lib>_lsprof</forced_lib>
<forced_lib>_md5</forced_lib>
<forced_lib>_multibytecodec</forced_lib>
<forced_lib>_operator</forced_lib>
<forced_lib>_random</forced_lib>
<forced_lib>_sha</forced_lib>
<forced_lib>_sha256</forced_lib>
<forced_lib>_sha512</forced_lib>
<forced_lib>_signal</forced_lib>
<forced_lib>_sre</forced_lib>
<forced_lib>_stat</forced_lib>
<forced_lib>_string</forced_lib>
<forced_lib>_struct</forced_lib>
<forced_lib>_subprocess</forced_lib>
<forced_lib>_symtable</forced_lib>
<forced_lib>_thread</forced_lib>
<forced_lib>_tracemalloc</forced_lib>
<forced_lib>_warnings</forced_lib>
<forced_lib>_weakref</forced_lib>
<forced_lib>_winreg</forced_lib>
<forced_lib>array</forced_lib>
<forced_lib>atexit</forced_lib>
<forced_lib>audioop</forced_lib>
<forced_lib>binascii</forced_lib>
<forced_lib>builtins</forced_lib>
<forced_lib>cPickle</forced_lib>
<forced_lib>cStringIO</forced_lib>
<forced_lib>cmath</forced_lib>
<forced_lib>datetime</forced_lib>
<forced_lib>email</forced_lib>
<forced_lib>errno</forced_lib>
<forced_lib>exceptions</forced_lib>
<forced_lib>faulthandler</forced_lib>
<forced_lib>future_builtins</forced_lib>
<forced_lib>gc</forced_lib>
<forced_lib>hashlib</forced_lib>
<forced_lib>imageop</forced_lib>
<forced_lib>imp</forced_lib>
<forced_lib>itertools</forced_lib>
<forced_lib>marshal</forced_lib>
<forced_lib>math</forced_lib>
<forced_lib>mmap</forced_lib>
<forced_lib>msvcrt</forced_lib>
<forced_lib>nt</forced_lib>
<forced_lib>numpy</forced_lib>
<forced_lib>operator</forced_lib>
<forced_lib>os</forced_lib>
<forced_lib>os.path</forced_lib>
<forced_lib>parser</forced_lib>
<forced_lib>posix</forced_lib>
<forced_lib>pwd</forced_lib>
<forced_lib>pytest</forced_lib>
<forced_lib>scipy</forced_lib>
<forced_lib>signal</forced_lib>
<forced_lib>socket</forced_lib>
<forced_lib>strop</forced_lib>
<forced_lib>sys</forced_lib>
<forced_lib>thread</forced_lib>
<forced_lib>time</forced_lib>
<forced_lib>wx</forced_lib>
<forced_lib>wxPython</forced_lib>
<forced_lib>xxsubtype</forced_lib>
<forced_lib>zipimport</forced_lib>
<forced_lib>zlib</forced_lib>
</xml>
- Ok, file is non-null. Getting info on:/usr/bin/python2.7
- Beggining task:Getting libs totalWork:100
- Setting task name:Mounting executable string...
- Setting task name:Executing:  /usr/bin/python2.7 -u /Users/ranuva/.p2/pool/plugins/org.python.pydev_4.3.0.201508182223/pysrc/interpreterInfo.py
- Setting task name:Making pythonpath environment... /usr/bin/python2.7 -u /Users/ranuva/.p2/pool/plugins/org.python.pydev_4.3.0.201508182223/pysrc/interpreterInfo.py
- Setting task name:Making exec... /usr/bin/python2.7 -u /Users/ranuva/.p2/pool/plugins/org.python.pydev_4.3.0.201508182223/pysrc/interpreterInfo.py
- Setting task name:Reading output...
- Setting task name:Waiting for process to finish.
- Success getting the info. Result:<xml>
<name>python1</name>
<version>2.7</version>
<executable>/usr/bin/python2.7</executable>
<lib>/System/Library/Frameworks/Python.framework/Versions/2.7/lib/python2.7</lib>
<lib>/System/Library/Frameworks/Python.framework/Versions/2.7/lib/python2.7/plat-darwin</lib>
<lib>/System/Library/Frameworks/Python.framework/Versions/2.7/lib/python2.7/plat-mac</lib>
<lib>/System/Library/Frameworks/Python.framework/Versions/2.7/lib/python2.7/plat-mac/lib-scriptpackages</lib>
<lib>/System/Library/Frameworks/Python.framework/Versions/2.7/Extras/lib/python</lib>
<lib>/System/Library/Frameworks/Python.framework/Versions/2.7/lib/python2.7/lib-tk</lib>
<lib>/System/Library/Frameworks/Python.framework/Versions/2.7/lib/python2.7/lib-dynload</lib>
<lib>/System/Library/Frameworks/Python.framework/Versions/2.7/Extras/lib/python/PyObjC</lib>
<lib>/Library/Python/2.7/site-packages</lib>
<forced_lib>Image</forced_lib>
<forced_lib>OpenGL</forced_lib>
<forced_lib>__builtin__</forced_lib>
<forced_lib>__main__</forced_lib>
<forced_lib>_ast</forced_lib>
<forced_lib>_bisect</forced_lib>
<forced_lib>_bytesio</forced_lib>
<forced_lib>_codecs</forced_lib>
<forced_lib>_codecs_cn</forced_lib>
<forced_lib>_codecs_hk</forced_lib>
<forced_lib>_codecs_iso2022</forced_lib>
<forced_lib>_codecs_jp</forced_lib>
<forced_lib>_codecs_kr</forced_lib>
<forced_lib>_codecs_tw</forced_lib>
<forced_lib>_collections</forced_lib>
<forced_lib>_csv</forced_lib>
<forced_lib>_fileio</forced_lib>
<forced_lib>_functools</forced_lib>
<forced_lib>_heapq</forced_lib>
<forced_lib>_hotshot</forced_lib>
<forced_lib>_json</forced_lib>
<forced_lib>_locale</forced_lib>
<forced_lib>_lsprof</forced_lib>
<forced_lib>_md5</forced_lib>
<forced_lib>_multibytecodec</forced_lib>
<forced_lib>_random</forced_lib>
<forced_lib>_sha</forced_lib>
<forced_lib>_sha256</forced_lib>
<forced_lib>_sha512</forced_lib>
<forced_lib>_sre</forced_lib>
<forced_lib>_struct</forced_lib>
<forced_lib>_subprocess</forced_lib>
<forced_lib>_symtable</forced_lib>
<forced_lib>_warnings</forced_lib>
<forced_lib>_weakref</forced_lib>
<forced_lib>_winreg</forced_lib>
<forced_lib>array</forced_lib>
<forced_lib>audioop</forced_lib>
<forced_lib>binascii</forced_lib>
<forced_lib>cPickle</forced_lib>
<forced_lib>cStringIO</forced_lib>
<forced_lib>cmath</forced_lib>
<forced_lib>datetime</forced_lib>
<forced_lib>email</forced_lib>
<forced_lib>errno</forced_lib>
<forced_lib>exceptions</forced_lib>
<forced_lib>future_builtins</forced_lib>
<forced_lib>gc</forced_lib>
<forced_lib>hashlib</forced_lib>
<forced_lib>imageop</forced_lib>
<forced_lib>imp</forced_lib>
<forced_lib>itertools</forced_lib>
<forced_lib>marshal</forced_lib>
<forced_lib>math</forced_lib>
<forced_lib>mmap</forced_lib>
<forced_lib>msvcrt</forced_lib>
<forced_lib>nt</forced_lib>
<forced_lib>numpy</forced_lib>
<forced_lib>operator</forced_lib>
<forced_lib>os</forced_lib>
<forced_lib>os.path</forced_lib>
<forced_lib>parser</forced_lib>
<forced_lib>posix</forced_lib>
<forced_lib>pwd</forced_lib>
<forced_lib>pytest</forced_lib>
<forced_lib>scipy</forced_lib>
<forced_lib>signal</forced_lib>
<forced_lib>socket</forced_lib>
<forced_lib>strop</forced_lib>
<forced_lib>sys</forced_lib>
<forced_lib>thread</forced_lib>
<forced_lib>time</forced_lib>
<forced_lib>wx</forced_lib>
<forced_lib>wxPython</forced_lib>
<forced_lib>xxsubtype</forced_lib>
<forced_lib>zipimport</forced_lib>
<forced_lib>zlib</forced_lib>
</xml>

	at org.python.pydev.core.log.Log.logInfo(Log.java:66)
	at org.python.pydev.ui.pythonpathconf.AbstractInterpreterEditor.getNewInputObject(AbstractInterpreterEditor.java:977)
	at org.python.copiedfromeclipsesrc.PythonListEditor.addPressed(PythonListEditor.java:132)
	at org.python.copiedfromeclipsesrc.PythonListEditor$1.widgetSelected(PythonListEditor.java:227)
	at org.eclipse.swt.widgets.TypedListener.handleEvent(TypedListener.java:248)
	at org.eclipse.swt.widgets.EventTable.sendEvent(EventTable.java:84)
	at org.eclipse.swt.widgets.Display.sendEvent(Display.java:4230)
	at org.eclipse.swt.widgets.Widget.sendEvent(Widget.java:1491)
	at org.eclipse.swt.widgets.Widget.sendEvent(Widget.java:1514)
	at org.eclipse.swt.widgets.Widget.sendEvent(Widget.java:1499)
	at org.eclipse.swt.widgets.Widget.notifyListeners(Widget.java:1299)
	at org.eclipse.swt.widgets.Display.runDeferredEvents(Display.java:4072)
	at org.eclipse.swt.widgets.Display.readAndDispatch(Display.java:3698)
	at org.eclipse.jface.window.Window.runEventLoop(Window.java:827)
	at org.eclipse.jface.window.Window.open(Window.java:803)
	at org.eclipse.ui.internal.dialogs.WorkbenchPreferenceDialog.open(WorkbenchPreferenceDialog.java:211)
	at org.python.pydev.ui.PyProjectPythonDetails$ProjectInterpreterAndGrammarConfig$2.widgetSelected(PyProjectPythonDetails.java:223)
	at org.eclipse.swt.widgets.TypedListener.handleEvent(TypedListener.java:248)
	at org.eclipse.swt.widgets.EventTable.sendEvent(EventTable.java:84)
	at org.eclipse.swt.widgets.Display.sendEvent(Display.java:4230)
	at org.eclipse.swt.widgets.Widget.sendEvent(Widget.java:1491)
	at org.eclipse.swt.widgets.Widget.sendEvent(Widget.java:1514)
	at org.eclipse.swt.widgets.Widget.sendSelectionEvent(Widget.java:1564)
	at org.eclipse.swt.widgets.Link.textView_clickOnLink_atIndex(Link.java:117)
	at org.eclipse.swt.widgets.Display.windowProc(Display.java:6010)
	at org.eclipse.swt.internal.cocoa.OS.objc_msgSendSuper(Native Method)
	at org.eclipse.swt.widgets.Widget.callSuper(Widget.java:227)
	at org.eclipse.swt.widgets.Widget.mouseDownSuper(Widget.java:1121)
	at org.eclipse.swt.widgets.Widget.mouseDown(Widget.java:1113)
	at org.eclipse.swt.widgets.Control.mouseDown(Control.java:2569)
	at org.eclipse.swt.widgets.Display.windowProc(Display.java:5692)
	at org.eclipse.swt.internal.cocoa.OS.objc_msgSend_bool(Native Method)
	at org.eclipse.swt.internal.cocoa.NSRunLoop.runMode(NSRunLoop.java:42)
	at org.eclipse.swt.widgets.Display.sleep(Display.java:4740)
	at org.eclipse.jface.window.Window.runEventLoop(Window.java:828)
	at org.eclipse.jface.window.Window.open(Window.java:803)
	at org.eclipse.ui.dialogs.PropertyDialogAction.run(PropertyDialogAction.java:157)
	at org.eclipse.ui.internal.ide.actions.ProjectPropertyDialogAction.run(ProjectPropertyDialogAction.java:78)
	at org.eclipse.jface.action.Action.runWithEvent(Action.java:473)
	at org.eclipse.jface.action.ActionContributionItem.handleWidgetSelection(ActionContributionItem.java:595)
	at org.eclipse.jface.action.ActionContributionItem.access$2(ActionContributionItem.java:511)
	at org.eclipse.jface.action.ActionContributionItem$5.handleEvent(ActionContributionItem.java:420)
	at org.eclipse.swt.widgets.EventTable.sendEvent(EventTable.java:84)
	at org.eclipse.swt.widgets.Display.sendEvent(Display.java:4230)
	at org.eclipse.swt.widgets.Widget.sendEvent(Widget.java:1491)
	at org.eclipse.swt.widgets.Widget.sendEvent(Widget.java:1514)
	at org.eclipse.swt.widgets.Widget.sendEvent(Widget.java:1499)
	at org.eclipse.swt.widgets.Widget.notifyListeners(Widget.java:1299)
	at org.eclipse.swt.widgets.Display.runDeferredEvents(Display.java:4072)
	at org.eclipse.swt.widgets.Display.readAndDispatch(Display.java:3698)
	at org.eclipse.e4.ui.internal.workbench.swt.PartRenderingEngine$4.run(PartRenderingEngine.java:1127)
	at org.eclipse.core.databinding.observable.Realm.runWithDefault(Realm.java:337)
	at org.eclipse.e4.ui.internal.workbench.swt.PartRenderingEngine.run(PartRenderingEngine.java:1018)
	at org.eclipse.e4.ui.internal.workbench.E4Workbench.createAndRunUI(E4Workbench.java:156)
	at org.eclipse.ui.internal.Workbench$5.run(Workbench.java:654)
	at org.eclipse.core.databinding.observable.Realm.runWithDefault(Realm.java:337)
	at org.eclipse.ui.internal.Workbench.createAndRunWorkbench(Workbench.java:598)
	at org.eclipse.ui.PlatformUI.createAndRunWorkbench(PlatformUI.java:150)
	at org.eclipse.ui.internal.ide.application.IDEApplication.start(IDEApplication.java:139)
	at org.eclipse.equinox.internal.app.EclipseAppHandle.run(EclipseAppHandle.java:196)
	at org.eclipse.core.runtime.internal.adaptor.EclipseAppLauncher.runApplication(EclipseAppLauncher.java:134)
	at org.eclipse.core.runtime.internal.adaptor.EclipseAppLauncher.start(EclipseAppLauncher.java:104)
	at org.eclipse.core.runtime.adaptor.EclipseStarter.run(EclipseStarter.java:380)
	at org.eclipse.core.runtime.adaptor.EclipseStarter.run(EclipseStarter.java:235)
	at sun.reflect.NativeMethodAccessorImpl.invoke0(Native Method)
	at sun.reflect.NativeMethodAccessorImpl.invoke(NativeMethodAccessorImpl.java:62)
	at sun.reflect.DelegatingMethodAccessorImpl.invoke(DelegatingMethodAccessorImpl.java:43)
	at java.lang.reflect.Method.invoke(Method.java:497)
	at org.eclipse.equinox.launcher.Main.invokeFramework(Main.java:669)
	at org.eclipse.equinox.launcher.Main.basicRun(Main.java:608)
	at org.eclipse.equinox.launcher.Main.run(Main.java:1515)

!ENTRY org.python.pydev.shared_core 1 1 2015-09-30 16:23:13.228
!MESSAGE - Ok, file is non-null. Getting info on:/usr/bin/python
- Beggining task:Getting libs totalWork:100
- Setting task name:Mounting executable string...
- Setting task name:Executing:  /usr/bin/python -u /Users/ranuva/.p2/pool/plugins/org.python.pydev_4.3.0.201508182223/pysrc/interpreterInfo.py
- Setting task name:Making pythonpath environment... /usr/bin/python -u /Users/ranuva/.p2/pool/plugins/org.python.pydev_4.3.0.201508182223/pysrc/interpreterInfo.py
- Setting task name:Making exec... /usr/bin/python -u /Users/ranuva/.p2/pool/plugins/org.python.pydev_4.3.0.201508182223/pysrc/interpreterInfo.py
- Setting task name:Reading output...
- Setting task name:Waiting for process to finish.
- Success getting the info. Result:<xml>
<name>python</name>
<version>2.7</version>
<executable>/usr/bin/python</executable>
<lib>/System/Library/Frameworks/Python.framework/Versions/2.7/lib/python2.7</lib>
<lib>/System/Library/Frameworks/Python.framework/Versions/2.7/lib/python2.7/plat-darwin</lib>
<lib>/System/Library/Frameworks/Python.framework/Versions/2.7/lib/python2.7/plat-mac</lib>
<lib>/System/Library/Frameworks/Python.framework/Versions/2.7/lib/python2.7/plat-mac/lib-scriptpackages</lib>
<lib>/System/Library/Frameworks/Python.framework/Versions/2.7/Extras/lib/python</lib>
<lib>/System/Library/Frameworks/Python.framework/Versions/2.7/lib/python2.7/lib-tk</lib>
<lib>/System/Library/Frameworks/Python.framework/Versions/2.7/lib/python2.7/lib-dynload</lib>
<lib>/System/Library/Frameworks/Python.framework/Versions/2.7/Extras/lib/python/PyObjC</lib>
<lib>/Library/Python/2.7/site-packages</lib>
<forced_lib>Image</forced_lib>
<forced_lib>OpenGL</forced_lib>
<forced_lib>__builtin__</forced_lib>
<forced_lib>__main__</forced_lib>
<forced_lib>_ast</forced_lib>
<forced_lib>_bisect</forced_lib>
<forced_lib>_bytesio</forced_lib>
<forced_lib>_codecs</forced_lib>
<forced_lib>_codecs_cn</forced_lib>
<forced_lib>_codecs_hk</forced_lib>
<forced_lib>_codecs_iso2022</forced_lib>
<forced_lib>_codecs_jp</forced_lib>
<forced_lib>_codecs_kr</forced_lib>
<forced_lib>_codecs_tw</forced_lib>
<forced_lib>_collections</forced_lib>
<forced_lib>_csv</forced_lib>
<forced_lib>_fileio</forced_lib>
<forced_lib>_functools</forced_lib>
<forced_lib>_heapq</forced_lib>
<forced_lib>_hotshot</forced_lib>
<forced_lib>_json</forced_lib>
<forced_lib>_locale</forced_lib>
<forced_lib>_lsprof</forced_lib>
<forced_lib>_md5</forced_lib>
<forced_lib>_multibytecodec</forced_lib>
<forced_lib>_random</forced_lib>
<forced_lib>_sha</forced_lib>
<forced_lib>_sha256</forced_lib>
<forced_lib>_sha512</forced_lib>
<forced_lib>_sre</forced_lib>
<forced_lib>_struct</forced_lib>
<forced_lib>_subprocess</forced_lib>
<forced_lib>_symtable</forced_lib>
<forced_lib>_warnings</forced_lib>
<forced_lib>_weakref</forced_lib>
<forced_lib>_winreg</forced_lib>
<forced_lib>array</forced_lib>
<forced_lib>audioop</forced_lib>
<forced_lib>binascii</forced_lib>
<forced_lib>cPickle</forced_lib>
<forced_lib>cStringIO</forced_lib>
<forced_lib>cmath</forced_lib>
<forced_lib>datetime</forced_lib>
<forced_lib>email</forced_lib>
<forced_lib>errno</forced_lib>
<forced_lib>exceptions</forced_lib>
<forced_lib>future_builtins</forced_lib>
<forced_lib>gc</forced_lib>
<forced_lib>hashlib</forced_lib>
<forced_lib>imageop</forced_lib>
<forced_lib>imp</forced_lib>
<forced_lib>itertools</forced_lib>
<forced_lib>marshal</forced_lib>
<forced_lib>math</forced_lib>
<forced_lib>mmap</forced_lib>
<forced_lib>msvcrt</forced_lib>
<forced_lib>nt</forced_lib>
<forced_lib>numpy</forced_lib>
<forced_lib>operator</forced_lib>
<forced_lib>os</forced_lib>
<forced_lib>os.path</forced_lib>
<forced_lib>parser</forced_lib>
<forced_lib>posix</forced_lib>
<forced_lib>pwd</forced_lib>
<forced_lib>pytest</forced_lib>
<forced_lib>scipy</forced_lib>
<forced_lib>signal</forced_lib>
<forced_lib>socket</forced_lib>
<forced_lib>strop</forced_lib>
<forced_lib>sys</forced_lib>
<forced_lib>thread</forced_lib>
<forced_lib>time</forced_lib>
<forced_lib>wx</forced_lib>
<forced_lib>wxPython</forced_lib>
<forced_lib>xxsubtype</forced_lib>
<forced_lib>zipimport</forced_lib>
<forced_lib>zlib</forced_lib>
</xml>
- Ok, file is non-null. Getting info on:/usr/bin/python2.6
- Beggining task:Getting libs totalWork:100
- Setting task name:Mounting executable string...
- Setting task name:Executing:  /usr/bin/python2.6 -u /Users/ranuva/.p2/pool/plugins/org.python.pydev_4.3.0.201508182223/pysrc/interpreterInfo.py
- Setting task name:Making pythonpath environment... /usr/bin/python2.6 -u /Users/ranuva/.p2/pool/plugins/org.python.pydev_4.3.0.201508182223/pysrc/interpreterInfo.py
- Setting task name:Making exec... /usr/bin/python2.6 -u /Users/ranuva/.p2/pool/plugins/org.python.pydev_4.3.0.201508182223/pysrc/interpreterInfo.py
- Setting task name:Reading output...
- Setting task name:Waiting for process to finish.
- Success getting the info. Result:<xml>
<name>python</name>
<version>2.6</version>
<executable>/usr/bin/python2.6</executable>
<lib>/System/Library/Frameworks/Python.framework/Versions/2.6/lib/python2.6</lib>
<lib>/System/Library/Frameworks/Python.framework/Versions/2.6/lib/python2.6/plat-darwin</lib>
<lib>/System/Library/Frameworks/Python.framework/Versions/2.6/lib/python2.6/plat-mac</lib>
<lib>/System/Library/Frameworks/Python.framework/Versions/2.6/lib/python2.6/plat-mac/lib-scriptpackages</lib>
<lib>/System/Library/Frameworks/Python.framework/Versions/2.6/Extras/lib/python</lib>
<lib>/System/Library/Frameworks/Python.framework/Versions/2.6/lib/python2.6/lib-tk</lib>
<lib>/System/Library/Frameworks/Python.framework/Versions/2.6/lib/python2.6/lib-dynload</lib>
<lib>/Library/Python/2.6/site-packages</lib>
<lib>/System/Library/Frameworks/Python.framework/Versions/2.6/Extras/lib/python/PyObjC</lib>
<forced_lib>Image</forced_lib>
<forced_lib>OpenGL</forced_lib>
<forced_lib>__builtin__</forced_lib>
<forced_lib>__main__</forced_lib>
<forced_lib>_ast</forced_lib>
<forced_lib>_bisect</forced_lib>
<forced_lib>_bytesio</forced_lib>
<forced_lib>_codecs</forced_lib>
<forced_lib>_codecs_cn</forced_lib>
<forced_lib>_codecs_hk</forced_lib>
<forced_lib>_codecs_iso2022</forced_lib>
<forced_lib>_codecs_jp</forced_lib>
<forced_lib>_codecs_kr</forced_lib>
<forced_lib>_codecs_tw</forced_lib>
<forced_lib>_collections</forced_lib>
<forced_lib>_csv</forced_lib>
<forced_lib>_fileio</forced_lib>
<forced_lib>_functools</forced_lib>
<forced_lib>_heapq</forced_lib>
<forced_lib>_hotshot</forced_lib>
<forced_lib>_json</forced_lib>
<forced_lib>_locale</forced_lib>
<forced_lib>_lsprof</forced_lib>
<forced_lib>_md5</forced_lib>
<forced_lib>_multibytecodec</forced_lib>
<forced_lib>_random</forced_lib>
<forced_lib>_sha</forced_lib>
<forced_lib>_sha256</forced_lib>
<forced_lib>_sha512</forced_lib>
<forced_lib>_sre</forced_lib>
<forced_lib>_struct</forced_lib>
<forced_lib>_subprocess</forced_lib>
<forced_lib>_symtable</forced_lib>
<forced_lib>_warnings</forced_lib>
<forced_lib>_weakref</forced_lib>
<forced_lib>_winreg</forced_lib>
<forced_lib>array</forced_lib>
<forced_lib>audioop</forced_lib>
<forced_lib>binascii</forced_lib>
<forced_lib>cPickle</forced_lib>
<forced_lib>cStringIO</forced_lib>
<forced_lib>cmath</forced_lib>
<forced_lib>datetime</forced_lib>
<forced_lib>email</forced_lib>
<forced_lib>errno</forced_lib>
<forced_lib>exceptions</forced_lib>
<forced_lib>future_builtins</forced_lib>
<forced_lib>gc</forced_lib>
<forced_lib>hashlib</forced_lib>
<forced_lib>imageop</forced_lib>
<forced_lib>imp</forced_lib>
<forced_lib>itertools</forced_lib>
<forced_lib>marshal</forced_lib>
<forced_lib>math</forced_lib>
<forced_lib>mmap</forced_lib>
<forced_lib>msvcrt</forced_lib>
<forced_lib>nt</forced_lib>
<forced_lib>numpy</forced_lib>
<forced_lib>operator</forced_lib>
<forced_lib>os</forced_lib>
<forced_lib>os.path</forced_lib>
<forced_lib>parser</forced_lib>
<forced_lib>posix</forced_lib>
<forced_lib>pwd</forced_lib>
<forced_lib>pytest</forced_lib>
<forced_lib>scipy</forced_lib>
<forced_lib>signal</forced_lib>
<forced_lib>socket</forced_lib>
<forced_lib>strop</forced_lib>
<forced_lib>sys</forced_lib>
<forced_lib>thread</forced_lib>
<forced_lib>time</forced_lib>
<forced_lib>wx</forced_lib>
<forced_lib>wxPython</forced_lib>
<forced_lib>xxsubtype</forced_lib>
<forced_lib>zipimport</forced_lib>
<forced_lib>zlib</forced_lib>
</xml>
- Ok, file is non-null. Getting info on:/usr/local/bin/python3
- Beggining task:Getting libs totalWork:100
- Setting task name:Mounting executable string...
- Setting task name:Executing:  /usr/local/bin/python3 -u /Users/ranuva/.p2/pool/plugins/org.python.pydev_4.3.0.201508182223/pysrc/interpreterInfo.py
- Setting task name:Making pythonpath environment... /usr/local/bin/python3 -u /Users/ranuva/.p2/pool/plugins/org.python.pydev_4.3.0.201508182223/pysrc/interpreterInfo.py
- Setting task name:Making exec... /usr/local/bin/python3 -u /Users/ranuva/.p2/pool/plugins/org.python.pydev_4.3.0.201508182223/pysrc/interpreterInfo.py
- Setting task name:Reading output...
- Setting task name:Waiting for process to finish.
- Success getting the info. Result:<xml>
<name>python</name>
<version>3.5</version>
<executable>/usr/local/bin/python3</executable>
<lib>/Library/Frameworks/Python.framework/Versions/3.5/lib/python3.5</lib>
<lib>/Library/Frameworks/Python.framework/Versions/3.5/lib/python3.5/plat-darwin</lib>
<lib>/Library/Frameworks/Python.framework/Versions/3.5/lib/python3.5/lib-dynload</lib>
<lib>/Library/Frameworks/Python.framework/Versions/3.5/lib/python3.5/site-packages</lib>
<forced_lib>Image</forced_lib>
<forced_lib>OpenGL</forced_lib>
<forced_lib>_ast</forced_lib>
<forced_lib>_bisect</forced_lib>
<forced_lib>_bytesio</forced_lib>
<forced_lib>_codecs</forced_lib>
<forced_lib>_codecs_cn</forced_lib>
<forced_lib>_codecs_hk</forced_lib>
<forced_lib>_codecs_iso2022</forced_lib>
<forced_lib>_codecs_jp</forced_lib>
<forced_lib>_codecs_kr</forced_lib>
<forced_lib>_codecs_tw</forced_lib>
<forced_lib>_collections</forced_lib>
<forced_lib>_csv</forced_lib>
<forced_lib>_fileio</forced_lib>
<forced_lib>_functools</forced_lib>
<forced_lib>_heapq</forced_lib>
<forced_lib>_hotshot</forced_lib>
<forced_lib>_imp</forced_lib>
<forced_lib>_io</forced_lib>
<forced_lib>_json</forced_lib>
<forced_lib>_locale</forced_lib>
<forced_lib>_lsprof</forced_lib>
<forced_lib>_md5</forced_lib>
<forced_lib>_multibytecodec</forced_lib>
<forced_lib>_operator</forced_lib>
<forced_lib>_random</forced_lib>
<forced_lib>_sha</forced_lib>
<forced_lib>_sha256</forced_lib>
<forced_lib>_sha512</forced_lib>
<forced_lib>_signal</forced_lib>
<forced_lib>_sre</forced_lib>
<forced_lib>_stat</forced_lib>
<forced_lib>_string</forced_lib>
<forced_lib>_struct</forced_lib>
<forced_lib>_subprocess</forced_lib>
<forced_lib>_symtable</forced_lib>
<forced_lib>_thread</forced_lib>
<forced_lib>_tracemalloc</forced_lib>
<forced_lib>_warnings</forced_lib>
<forced_lib>_weakref</forced_lib>
<forced_lib>_winreg</forced_lib>
<forced_lib>array</forced_lib>
<forced_lib>atexit</forced_lib>
<forced_lib>audioop</forced_lib>
<forced_lib>binascii</forced_lib>
<forced_lib>builtins</forced_lib>
<forced_lib>cPickle</forced_lib>
<forced_lib>cStringIO</forced_lib>
<forced_lib>cmath</forced_lib>
<forced_lib>datetime</forced_lib>
<forced_lib>email</forced_lib>
<forced_lib>errno</forced_lib>
<forced_lib>exceptions</forced_lib>
<forced_lib>faulthandler</forced_lib>
<forced_lib>future_builtins</forced_lib>
<forced_lib>gc</forced_lib>
<forced_lib>hashlib</forced_lib>
<forced_lib>imageop</forced_lib>
<forced_lib>imp</forced_lib>
<forced_lib>itertools</forced_lib>
<forced_lib>marshal</forced_lib>
<forced_lib>math</forced_lib>
<forced_lib>mmap</forced_lib>
<forced_lib>msvcrt</forced_lib>
<forced_lib>nt</forced_lib>
<forced_lib>numpy</forced_lib>
<forced_lib>operator</forced_lib>
<forced_lib>os</forced_lib>
<forced_lib>os.path</forced_lib>
<forced_lib>parser</forced_lib>
<forced_lib>posix</forced_lib>
<forced_lib>pwd</forced_lib>
<forced_lib>pytest</forced_lib>
<forced_lib>scipy</forced_lib>
<forced_lib>signal</forced_lib>
<forced_lib>socket</forced_lib>
<forced_lib>strop</forced_lib>
<forced_lib>sys</forced_lib>
<forced_lib>thread</forced_lib>
<forced_lib>time</forced_lib>
<forced_lib>wx</forced_lib>
<forced_lib>wxPython</forced_lib>
<forced_lib>xxsubtype</forced_lib>
<forced_lib>zipimport</forced_lib>
<forced_lib>zlib</forced_lib>
</xml>
- Ok, file is non-null. Getting info on:/usr/local/bin/python3.5
- Beggining task:Getting libs totalWork:100
- Setting task name:Mounting executable string...
- Setting task name:Executing:  /usr/local/bin/python3.5 -u /Users/ranuva/.p2/pool/plugins/org.python.pydev_4.3.0.201508182223/pysrc/interpreterInfo.py
- Setting task name:Making pythonpath environment... /usr/local/bin/python3.5 -u /Users/ranuva/.p2/pool/plugins/org.python.pydev_4.3.0.201508182223/pysrc/interpreterInfo.py
- Setting task name:Making exec... /usr/local/bin/python3.5 -u /Users/ranuva/.p2/pool/plugins/org.python.pydev_4.3.0.201508182223/pysrc/interpreterInfo.py
- Setting task name:Reading output...
- Setting task name:Waiting for process to finish.
- Success getting the info. Result:<xml>
<name>python</name>
<version>3.5</version>
<executable>/usr/local/bin/python3.5</executable>
<lib>/Library/Frameworks/Python.framework/Versions/3.5/lib/python3.5</lib>
<lib>/Library/Frameworks/Python.framework/Versions/3.5/lib/python3.5/plat-darwin</lib>
<lib>/Library/Frameworks/Python.framework/Versions/3.5/lib/python3.5/lib-dynload</lib>
<lib>/Library/Frameworks/Python.framework/Versions/3.5/lib/python3.5/site-packages</lib>
<forced_lib>Image</forced_lib>
<forced_lib>OpenGL</forced_lib>
<forced_lib>_ast</forced_lib>
<forced_lib>_bisect</forced_lib>
<forced_lib>_bytesio</forced_lib>
<forced_lib>_codecs</forced_lib>
<forced_lib>_codecs_cn</forced_lib>
<forced_lib>_codecs_hk</forced_lib>
<forced_lib>_codecs_iso2022</forced_lib>
<forced_lib>_codecs_jp</forced_lib>
<forced_lib>_codecs_kr</forced_lib>
<forced_lib>_codecs_tw</forced_lib>
<forced_lib>_collections</forced_lib>
<forced_lib>_csv</forced_lib>
<forced_lib>_fileio</forced_lib>
<forced_lib>_functools</forced_lib>
<forced_lib>_heapq</forced_lib>
<forced_lib>_hotshot</forced_lib>
<forced_lib>_imp</forced_lib>
<forced_lib>_io</forced_lib>
<forced_lib>_json</forced_lib>
<forced_lib>_locale</forced_lib>
<forced_lib>_lsprof</forced_lib>
<forced_lib>_md5</forced_lib>
<forced_lib>_multibytecodec</forced_lib>
<forced_lib>_operator</forced_lib>
<forced_lib>_random</forced_lib>
<forced_lib>_sha</forced_lib>
<forced_lib>_sha256</forced_lib>
<forced_lib>_sha512</forced_lib>
<forced_lib>_signal</forced_lib>
<forced_lib>_sre</forced_lib>
<forced_lib>_stat</forced_lib>
<forced_lib>_string</forced_lib>
<forced_lib>_struct</forced_lib>
<forced_lib>_subprocess</forced_lib>
<forced_lib>_symtable</forced_lib>
<forced_lib>_thread</forced_lib>
<forced_lib>_tracemalloc</forced_lib>
<forced_lib>_warnings</forced_lib>
<forced_lib>_weakref</forced_lib>
<forced_lib>_winreg</forced_lib>
<forced_lib>array</forced_lib>
<forced_lib>atexit</forced_lib>
<forced_lib>audioop</forced_lib>
<forced_lib>binascii</forced_lib>
<forced_lib>builtins</forced_lib>
<forced_lib>cPickle</forced_lib>
<forced_lib>cStringIO</forced_lib>
<forced_lib>cmath</forced_lib>
<forced_lib>datetime</forced_lib>
<forced_lib>email</forced_lib>
<forced_lib>errno</forced_lib>
<forced_lib>exceptions</forced_lib>
<forced_lib>faulthandler</forced_lib>
<forced_lib>future_builtins</forced_lib>
<forced_lib>gc</forced_lib>
<forced_lib>hashlib</forced_lib>
<forced_lib>imageop</forced_lib>
<forced_lib>imp</forced_lib>
<forced_lib>itertools</forced_lib>
<forced_lib>marshal</forced_lib>
<forced_lib>math</forced_lib>
<forced_lib>mmap</forced_lib>
<forced_lib>msvcrt</forced_lib>
<forced_lib>nt</forced_lib>
<forced_lib>numpy</forced_lib>
<forced_lib>operator</forced_lib>
<forced_lib>os</forced_lib>
<forced_lib>os.path</forced_lib>
<forced_lib>parser</forced_lib>
<forced_lib>posix</forced_lib>
<forced_lib>pwd</forced_lib>
<forced_lib>pytest</forced_lib>
<forced_lib>scipy</forced_lib>
<forced_lib>signal</forced_lib>
<forced_lib>socket</forced_lib>
<forced_lib>strop</forced_lib>
<forced_lib>sys</forced_lib>
<forced_lib>thread</forced_lib>
<forced_lib>time</forced_lib>
<forced_lib>wx</forced_lib>
<forced_lib>wxPython</forced_lib>
<forced_lib>xxsubtype</forced_lib>
<forced_lib>zipimport</forced_lib>
<forced_lib>zlib</forced_lib>
</xml>

!STACK 0
java.lang.RuntimeException: - Ok, file is non-null. Getting info on:/usr/bin/python
- Beggining task:Getting libs totalWork:100
- Setting task name:Mounting executable string...
- Setting task name:Executing:  /usr/bin/python -u /Users/ranuva/.p2/pool/plugins/org.python.pydev_4.3.0.201508182223/pysrc/interpreterInfo.py
- Setting task name:Making pythonpath environment... /usr/bin/python -u /Users/ranuva/.p2/pool/plugins/org.python.pydev_4.3.0.201508182223/pysrc/interpreterInfo.py
- Setting task name:Making exec... /usr/bin/python -u /Users/ranuva/.p2/pool/plugins/org.python.pydev_4.3.0.201508182223/pysrc/interpreterInfo.py
- Setting task name:Reading output...
- Setting task name:Waiting for process to finish.
- Success getting the info. Result:<xml>
<name>python</name>
<version>2.7</version>
<executable>/usr/bin/python</executable>
<lib>/System/Library/Frameworks/Python.framework/Versions/2.7/lib/python2.7</lib>
<lib>/System/Library/Frameworks/Python.framework/Versions/2.7/lib/python2.7/plat-darwin</lib>
<lib>/System/Library/Frameworks/Python.framework/Versions/2.7/lib/python2.7/plat-mac</lib>
<lib>/System/Library/Frameworks/Python.framework/Versions/2.7/lib/python2.7/plat-mac/lib-scriptpackages</lib>
<lib>/System/Library/Frameworks/Python.framework/Versions/2.7/Extras/lib/python</lib>
<lib>/System/Library/Frameworks/Python.framework/Versions/2.7/lib/python2.7/lib-tk</lib>
<lib>/System/Library/Frameworks/Python.framework/Versions/2.7/lib/python2.7/lib-dynload</lib>
<lib>/System/Library/Frameworks/Python.framework/Versions/2.7/Extras/lib/python/PyObjC</lib>
<lib>/Library/Python/2.7/site-packages</lib>
<forced_lib>Image</forced_lib>
<forced_lib>OpenGL</forced_lib>
<forced_lib>__builtin__</forced_lib>
<forced_lib>__main__</forced_lib>
<forced_lib>_ast</forced_lib>
<forced_lib>_bisect</forced_lib>
<forced_lib>_bytesio</forced_lib>
<forced_lib>_codecs</forced_lib>
<forced_lib>_codecs_cn</forced_lib>
<forced_lib>_codecs_hk</forced_lib>
<forced_lib>_codecs_iso2022</forced_lib>
<forced_lib>_codecs_jp</forced_lib>
<forced_lib>_codecs_kr</forced_lib>
<forced_lib>_codecs_tw</forced_lib>
<forced_lib>_collections</forced_lib>
<forced_lib>_csv</forced_lib>
<forced_lib>_fileio</forced_lib>
<forced_lib>_functools</forced_lib>
<forced_lib>_heapq</forced_lib>
<forced_lib>_hotshot</forced_lib>
<forced_lib>_json</forced_lib>
<forced_lib>_locale</forced_lib>
<forced_lib>_lsprof</forced_lib>
<forced_lib>_md5</forced_lib>
<forced_lib>_multibytecodec</forced_lib>
<forced_lib>_random</forced_lib>
<forced_lib>_sha</forced_lib>
<forced_lib>_sha256</forced_lib>
<forced_lib>_sha512</forced_lib>
<forced_lib>_sre</forced_lib>
<forced_lib>_struct</forced_lib>
<forced_lib>_subprocess</forced_lib>
<forced_lib>_symtable</forced_lib>
<forced_lib>_warnings</forced_lib>
<forced_lib>_weakref</forced_lib>
<forced_lib>_winreg</forced_lib>
<forced_lib>array</forced_lib>
<forced_lib>audioop</forced_lib>
<forced_lib>binascii</forced_lib>
<forced_lib>cPickle</forced_lib>
<forced_lib>cStringIO</forced_lib>
<forced_lib>cmath</forced_lib>
<forced_lib>datetime</forced_lib>
<forced_lib>email</forced_lib>
<forced_lib>errno</forced_lib>
<forced_lib>exceptions</forced_lib>
<forced_lib>future_builtins</forced_lib>
<forced_lib>gc</forced_lib>
<forced_lib>hashlib</forced_lib>
<forced_lib>imageop</forced_lib>
<forced_lib>imp</forced_lib>
<forced_lib>itertools</forced_lib>
<forced_lib>marshal</forced_lib>
<forced_lib>math</forced_lib>
<forced_lib>mmap</forced_lib>
<forced_lib>msvcrt</forced_lib>
<forced_lib>nt</forced_lib>
<forced_lib>numpy</forced_lib>
<forced_lib>operator</forced_lib>
<forced_lib>os</forced_lib>
<forced_lib>os.path</forced_lib>
<forced_lib>parser</forced_lib>
<forced_lib>posix</forced_lib>
<forced_lib>pwd</forced_lib>
<forced_lib>pytest</forced_lib>
<forced_lib>scipy</forced_lib>
<forced_lib>signal</forced_lib>
<forced_lib>socket</forced_lib>
<forced_lib>strop</forced_lib>
<forced_lib>sys</forced_lib>
<forced_lib>thread</forced_lib>
<forced_lib>time</forced_lib>
<forced_lib>wx</forced_lib>
<forced_lib>wxPython</forced_lib>
<forced_lib>xxsubtype</forced_lib>
<forced_lib>zipimport</forced_lib>
<forced_lib>zlib</forced_lib>
</xml>
- Ok, file is non-null. Getting info on:/usr/bin/python2.6
- Beggining task:Getting libs totalWork:100
- Setting task name:Mounting executable string...
- Setting task name:Executing:  /usr/bin/python2.6 -u /Users/ranuva/.p2/pool/plugins/org.python.pydev_4.3.0.201508182223/pysrc/interpreterInfo.py
- Setting task name:Making pythonpath environment... /usr/bin/python2.6 -u /Users/ranuva/.p2/pool/plugins/org.python.pydev_4.3.0.201508182223/pysrc/interpreterInfo.py
- Setting task name:Making exec... /usr/bin/python2.6 -u /Users/ranuva/.p2/pool/plugins/org.python.pydev_4.3.0.201508182223/pysrc/interpreterInfo.py
- Setting task name:Reading output...
- Setting task name:Waiting for process to finish.
- Success getting the info. Result:<xml>
<name>python</name>
<version>2.6</version>
<executable>/usr/bin/python2.6</executable>
<lib>/System/Library/Frameworks/Python.framework/Versions/2.6/lib/python2.6</lib>
<lib>/System/Library/Frameworks/Python.framework/Versions/2.6/lib/python2.6/plat-darwin</lib>
<lib>/System/Library/Frameworks/Python.framework/Versions/2.6/lib/python2.6/plat-mac</lib>
<lib>/System/Library/Frameworks/Python.framework/Versions/2.6/lib/python2.6/plat-mac/lib-scriptpackages</lib>
<lib>/System/Library/Frameworks/Python.framework/Versions/2.6/Extras/lib/python</lib>
<lib>/System/Library/Frameworks/Python.framework/Versions/2.6/lib/python2.6/lib-tk</lib>
<lib>/System/Library/Frameworks/Python.framework/Versions/2.6/lib/python2.6/lib-dynload</lib>
<lib>/Library/Python/2.6/site-packages</lib>
<lib>/System/Library/Frameworks/Python.framework/Versions/2.6/Extras/lib/python/PyObjC</lib>
<forced_lib>Image</forced_lib>
<forced_lib>OpenGL</forced_lib>
<forced_lib>__builtin__</forced_lib>
<forced_lib>__main__</forced_lib>
<forced_lib>_ast</forced_lib>
<forced_lib>_bisect</forced_lib>
<forced_lib>_bytesio</forced_lib>
<forced_lib>_codecs</forced_lib>
<forced_lib>_codecs_cn</forced_lib>
<forced_lib>_codecs_hk</forced_lib>
<forced_lib>_codecs_iso2022</forced_lib>
<forced_lib>_codecs_jp</forced_lib>
<forced_lib>_codecs_kr</forced_lib>
<forced_lib>_codecs_tw</forced_lib>
<forced_lib>_collections</forced_lib>
<forced_lib>_csv</forced_lib>
<forced_lib>_fileio</forced_lib>
<forced_lib>_functools</forced_lib>
<forced_lib>_heapq</forced_lib>
<forced_lib>_hotshot</forced_lib>
<forced_lib>_json</forced_lib>
<forced_lib>_locale</forced_lib>
<forced_lib>_lsprof</forced_lib>
<forced_lib>_md5</forced_lib>
<forced_lib>_multibytecodec</forced_lib>
<forced_lib>_random</forced_lib>
<forced_lib>_sha</forced_lib>
<forced_lib>_sha256</forced_lib>
<forced_lib>_sha512</forced_lib>
<forced_lib>_sre</forced_lib>
<forced_lib>_struct</forced_lib>
<forced_lib>_subprocess</forced_lib>
<forced_lib>_symtable</forced_lib>
<forced_lib>_warnings</forced_lib>
<forced_lib>_weakref</forced_lib>
<forced_lib>_winreg</forced_lib>
<forced_lib>array</forced_lib>
<forced_lib>audioop</forced_lib>
<forced_lib>binascii</forced_lib>
<forced_lib>cPickle</forced_lib>
<forced_lib>cStringIO</forced_lib>
<forced_lib>cmath</forced_lib>
<forced_lib>datetime</forced_lib>
<forced_lib>email</forced_lib>
<forced_lib>errno</forced_lib>
<forced_lib>exceptions</forced_lib>
<forced_lib>future_builtins</forced_lib>
<forced_lib>gc</forced_lib>
<forced_lib>hashlib</forced_lib>
<forced_lib>imageop</forced_lib>
<forced_lib>imp</forced_lib>
<forced_lib>itertools</forced_lib>
<forced_lib>marshal</forced_lib>
<forced_lib>math</forced_lib>
<forced_lib>mmap</forced_lib>
<forced_lib>msvcrt</forced_lib>
<forced_lib>nt</forced_lib>
<forced_lib>numpy</forced_lib>
<forced_lib>operator</forced_lib>
<forced_lib>os</forced_lib>
<forced_lib>os.path</forced_lib>
<forced_lib>parser</forced_lib>
<forced_lib>posix</forced_lib>
<forced_lib>pwd</forced_lib>
<forced_lib>pytest</forced_lib>
<forced_lib>scipy</forced_lib>
<forced_lib>signal</forced_lib>
<forced_lib>socket</forced_lib>
<forced_lib>strop</forced_lib>
<forced_lib>sys</forced_lib>
<forced_lib>thread</forced_lib>
<forced_lib>time</forced_lib>
<forced_lib>wx</forced_lib>
<forced_lib>wxPython</forced_lib>
<forced_lib>xxsubtype</forced_lib>
<forced_lib>zipimport</forced_lib>
<forced_lib>zlib</forced_lib>
</xml>
- Ok, file is non-null. Getting info on:/usr/local/bin/python3
- Beggining task:Getting libs totalWork:100
- Setting task name:Mounting executable string...
- Setting task name:Executing:  /usr/local/bin/python3 -u /Users/ranuva/.p2/pool/plugins/org.python.pydev_4.3.0.201508182223/pysrc/interpreterInfo.py
- Setting task name:Making pythonpath environment... /usr/local/bin/python3 -u /Users/ranuva/.p2/pool/plugins/org.python.pydev_4.3.0.201508182223/pysrc/interpreterInfo.py
- Setting task name:Making exec... /usr/local/bin/python3 -u /Users/ranuva/.p2/pool/plugins/org.python.pydev_4.3.0.201508182223/pysrc/interpreterInfo.py
- Setting task name:Reading output...
- Setting task name:Waiting for process to finish.
- Success getting the info. Result:<xml>
<name>python</name>
<version>3.5</version>
<executable>/usr/local/bin/python3</executable>
<lib>/Library/Frameworks/Python.framework/Versions/3.5/lib/python3.5</lib>
<lib>/Library/Frameworks/Python.framework/Versions/3.5/lib/python3.5/plat-darwin</lib>
<lib>/Library/Frameworks/Python.framework/Versions/3.5/lib/python3.5/lib-dynload</lib>
<lib>/Library/Frameworks/Python.framework/Versions/3.5/lib/python3.5/site-packages</lib>
<forced_lib>Image</forced_lib>
<forced_lib>OpenGL</forced_lib>
<forced_lib>_ast</forced_lib>
<forced_lib>_bisect</forced_lib>
<forced_lib>_bytesio</forced_lib>
<forced_lib>_codecs</forced_lib>
<forced_lib>_codecs_cn</forced_lib>
<forced_lib>_codecs_hk</forced_lib>
<forced_lib>_codecs_iso2022</forced_lib>
<forced_lib>_codecs_jp</forced_lib>
<forced_lib>_codecs_kr</forced_lib>
<forced_lib>_codecs_tw</forced_lib>
<forced_lib>_collections</forced_lib>
<forced_lib>_csv</forced_lib>
<forced_lib>_fileio</forced_lib>
<forced_lib>_functools</forced_lib>
<forced_lib>_heapq</forced_lib>
<forced_lib>_hotshot</forced_lib>
<forced_lib>_imp</forced_lib>
<forced_lib>_io</forced_lib>
<forced_lib>_json</forced_lib>
<forced_lib>_locale</forced_lib>
<forced_lib>_lsprof</forced_lib>
<forced_lib>_md5</forced_lib>
<forced_lib>_multibytecodec</forced_lib>
<forced_lib>_operator</forced_lib>
<forced_lib>_random</forced_lib>
<forced_lib>_sha</forced_lib>
<forced_lib>_sha256</forced_lib>
<forced_lib>_sha512</forced_lib>
<forced_lib>_signal</forced_lib>
<forced_lib>_sre</forced_lib>
<forced_lib>_stat</forced_lib>
<forced_lib>_string</forced_lib>
<forced_lib>_struct</forced_lib>
<forced_lib>_subprocess</forced_lib>
<forced_lib>_symtable</forced_lib>
<forced_lib>_thread</forced_lib>
<forced_lib>_tracemalloc</forced_lib>
<forced_lib>_warnings</forced_lib>
<forced_lib>_weakref</forced_lib>
<forced_lib>_winreg</forced_lib>
<forced_lib>array</forced_lib>
<forced_lib>atexit</forced_lib>
<forced_lib>audioop</forced_lib>
<forced_lib>binascii</forced_lib>
<forced_lib>builtins</forced_lib>
<forced_lib>cPickle</forced_lib>
<forced_lib>cStringIO</forced_lib>
<forced_lib>cmath</forced_lib>
<forced_lib>datetime</forced_lib>
<forced_lib>email</forced_lib>
<forced_lib>errno</forced_lib>
<forced_lib>exceptions</forced_lib>
<forced_lib>faulthandler</forced_lib>
<forced_lib>future_builtins</forced_lib>
<forced_lib>gc</forced_lib>
<forced_lib>hashlib</forced_lib>
<forced_lib>imageop</forced_lib>
<forced_lib>imp</forced_lib>
<forced_lib>itertools</forced_lib>
<forced_lib>marshal</forced_lib>
<forced_lib>math</forced_lib>
<forced_lib>mmap</forced_lib>
<forced_lib>msvcrt</forced_lib>
<forced_lib>nt</forced_lib>
<forced_lib>numpy</forced_lib>
<forced_lib>operator</forced_lib>
<forced_lib>os</forced_lib>
<forced_lib>os.path</forced_lib>
<forced_lib>parser</forced_lib>
<forced_lib>posix</forced_lib>
<forced_lib>pwd</forced_lib>
<forced_lib>pytest</forced_lib>
<forced_lib>scipy</forced_lib>
<forced_lib>signal</forced_lib>
<forced_lib>socket</forced_lib>
<forced_lib>strop</forced_lib>
<forced_lib>sys</forced_lib>
<forced_lib>thread</forced_lib>
<forced_lib>time</forced_lib>
<forced_lib>wx</forced_lib>
<forced_lib>wxPython</forced_lib>
<forced_lib>xxsubtype</forced_lib>
<forced_lib>zipimport</forced_lib>
<forced_lib>zlib</forced_lib>
</xml>
- Ok, file is non-null. Getting info on:/usr/local/bin/python3.5
- Beggining task:Getting libs totalWork:100
- Setting task name:Mounting executable string...
- Setting task name:Executing:  /usr/local/bin/python3.5 -u /Users/ranuva/.p2/pool/plugins/org.python.pydev_4.3.0.201508182223/pysrc/interpreterInfo.py
- Setting task name:Making pythonpath environment... /usr/local/bin/python3.5 -u /Users/ranuva/.p2/pool/plugins/org.python.pydev_4.3.0.201508182223/pysrc/interpreterInfo.py
- Setting task name:Making exec... /usr/local/bin/python3.5 -u /Users/ranuva/.p2/pool/plugins/org.python.pydev_4.3.0.201508182223/pysrc/interpreterInfo.py
- Setting task name:Reading output...
- Setting task name:Waiting for process to finish.
- Success getting the info. Result:<xml>
<name>python</name>
<version>3.5</version>
<executable>/usr/local/bin/python3.5</executable>
<lib>/Library/Frameworks/Python.framework/Versions/3.5/lib/python3.5</lib>
<lib>/Library/Frameworks/Python.framework/Versions/3.5/lib/python3.5/plat-darwin</lib>
<lib>/Library/Frameworks/Python.framework/Versions/3.5/lib/python3.5/lib-dynload</lib>
<lib>/Library/Frameworks/Python.framework/Versions/3.5/lib/python3.5/site-packages</lib>
<forced_lib>Image</forced_lib>
<forced_lib>OpenGL</forced_lib>
<forced_lib>_ast</forced_lib>
<forced_lib>_bisect</forced_lib>
<forced_lib>_bytesio</forced_lib>
<forced_lib>_codecs</forced_lib>
<forced_lib>_codecs_cn</forced_lib>
<forced_lib>_codecs_hk</forced_lib>
<forced_lib>_codecs_iso2022</forced_lib>
<forced_lib>_codecs_jp</forced_lib>
<forced_lib>_codecs_kr</forced_lib>
<forced_lib>_codecs_tw</forced_lib>
<forced_lib>_collections</forced_lib>
<forced_lib>_csv</forced_lib>
<forced_lib>_fileio</forced_lib>
<forced_lib>_functools</forced_lib>
<forced_lib>_heapq</forced_lib>
<forced_lib>_hotshot</forced_lib>
<forced_lib>_imp</forced_lib>
<forced_lib>_io</forced_lib>
<forced_lib>_json</forced_lib>
<forced_lib>_locale</forced_lib>
<forced_lib>_lsprof</forced_lib>
<forced_lib>_md5</forced_lib>
<forced_lib>_multibytecodec</forced_lib>
<forced_lib>_operator</forced_lib>
<forced_lib>_random</forced_lib>
<forced_lib>_sha</forced_lib>
<forced_lib>_sha256</forced_lib>
<forced_lib>_sha512</forced_lib>
<forced_lib>_signal</forced_lib>
<forced_lib>_sre</forced_lib>
<forced_lib>_stat</forced_lib>
<forced_lib>_string</forced_lib>
<forced_lib>_struct</forced_lib>
<forced_lib>_subprocess</forced_lib>
<forced_lib>_symtable</forced_lib>
<forced_lib>_thread</forced_lib>
<forced_lib>_tracemalloc</forced_lib>
<forced_lib>_warnings</forced_lib>
<forced_lib>_weakref</forced_lib>
<forced_lib>_winreg</forced_lib>
<forced_lib>array</forced_lib>
<forced_lib>atexit</forced_lib>
<forced_lib>audioop</forced_lib>
<forced_lib>binascii</forced_lib>
<forced_lib>builtins</forced_lib>
<forced_lib>cPickle</forced_lib>
<forced_lib>cStringIO</forced_lib>
<forced_lib>cmath</forced_lib>
<forced_lib>datetime</forced_lib>
<forced_lib>email</forced_lib>
<forced_lib>errno</forced_lib>
<forced_lib>exceptions</forced_lib>
<forced_lib>faulthandler</forced_lib>
<forced_lib>future_builtins</forced_lib>
<forced_lib>gc</forced_lib>
<forced_lib>hashlib</forced_lib>
<forced_lib>imageop</forced_lib>
<forced_lib>imp</forced_lib>
<forced_lib>itertools</forced_lib>
<forced_lib>marshal</forced_lib>
<forced_lib>math</forced_lib>
<forced_lib>mmap</forced_lib>
<forced_lib>msvcrt</forced_lib>
<forced_lib>nt</forced_lib>
<forced_lib>numpy</forced_lib>
<forced_lib>operator</forced_lib>
<forced_lib>os</forced_lib>
<forced_lib>os.path</forced_lib>
<forced_lib>parser</forced_lib>
<forced_lib>posix</forced_lib>
<forced_lib>pwd</forced_lib>
<forced_lib>pytest</forced_lib>
<forced_lib>scipy</forced_lib>
<forced_lib>signal</forced_lib>
<forced_lib>socket</forced_lib>
<forced_lib>strop</forced_lib>
<forced_lib>sys</forced_lib>
<forced_lib>thread</forced_lib>
<forced_lib>time</forced_lib>
<forced_lib>wx</forced_lib>
<forced_lib>wxPython</forced_lib>
<forced_lib>xxsubtype</forced_lib>
<forced_lib>zipimport</forced_lib>
<forced_lib>zlib</forced_lib>
</xml>

	at org.python.pydev.core.log.Log.logInfo(Log.java:66)
	at org.python.pydev.ui.pythonpathconf.AbstractInterpreterEditor.getNewInputObject(AbstractInterpreterEditor.java:977)
	at org.python.copiedfromeclipsesrc.PythonListEditor.addPressed(PythonListEditor.java:132)
	at org.python.copiedfromeclipsesrc.PythonListEditor$1.widgetSelected(PythonListEditor.java:227)
	at org.eclipse.swt.widgets.TypedListener.handleEvent(TypedListener.java:248)
	at org.eclipse.swt.widgets.EventTable.sendEvent(EventTable.java:84)
	at org.eclipse.swt.widgets.Display.sendEvent(Display.java:4230)
	at org.eclipse.swt.widgets.Widget.sendEvent(Widget.java:1491)
	at org.eclipse.swt.widgets.Widget.sendEvent(Widget.java:1514)
	at org.eclipse.swt.widgets.Widget.sendEvent(Widget.java:1499)
	at org.eclipse.swt.widgets.Widget.notifyListeners(Widget.java:1299)
	at org.eclipse.swt.widgets.Display.runDeferredEvents(Display.java:4072)
	at org.eclipse.swt.widgets.Display.readAndDispatch(Display.java:3698)
	at org.eclipse.jface.window.Window.runEventLoop(Window.java:827)
	at org.eclipse.jface.window.Window.open(Window.java:803)
	at org.eclipse.ui.internal.dialogs.WorkbenchPreferenceDialog.open(WorkbenchPreferenceDialog.java:211)
	at org.python.pydev.ui.PyProjectPythonDetails$ProjectInterpreterAndGrammarConfig$2.widgetSelected(PyProjectPythonDetails.java:223)
	at org.eclipse.swt.widgets.TypedListener.handleEvent(TypedListener.java:248)
	at org.eclipse.swt.widgets.EventTable.sendEvent(EventTable.java:84)
	at org.eclipse.swt.widgets.Display.sendEvent(Display.java:4230)
	at org.eclipse.swt.widgets.Widget.sendEvent(Widget.java:1491)
	at org.eclipse.swt.widgets.Widget.sendEvent(Widget.java:1514)
	at org.eclipse.swt.widgets.Widget.sendSelectionEvent(Widget.java:1564)
	at org.eclipse.swt.widgets.Link.textView_clickOnLink_atIndex(Link.java:117)
	at org.eclipse.swt.widgets.Display.windowProc(Display.java:6010)
	at org.eclipse.swt.internal.cocoa.OS.objc_msgSendSuper(Native Method)
	at org.eclipse.swt.widgets.Widget.callSuper(Widget.java:227)
	at org.eclipse.swt.widgets.Widget.mouseDownSuper(Widget.java:1121)
	at org.eclipse.swt.widgets.Widget.mouseDown(Widget.java:1113)
	at org.eclipse.swt.widgets.Control.mouseDown(Control.java:2569)
	at org.eclipse.swt.widgets.Display.windowProc(Display.java:5692)
	at org.eclipse.swt.internal.cocoa.OS.objc_msgSend_bool(Native Method)
	at org.eclipse.swt.internal.cocoa.NSRunLoop.runMode(NSRunLoop.java:42)
	at org.eclipse.swt.widgets.Display.sleep(Display.java:4740)
	at org.eclipse.jface.window.Window.runEventLoop(Window.java:828)
	at org.eclipse.jface.window.Window.open(Window.java:803)
	at org.eclipse.ui.dialogs.PropertyDialogAction.run(PropertyDialogAction.java:157)
	at org.eclipse.ui.internal.ide.actions.ProjectPropertyDialogAction.run(ProjectPropertyDialogAction.java:78)
	at org.eclipse.jface.action.Action.runWithEvent(Action.java:473)
	at org.eclipse.jface.action.ActionContributionItem.handleWidgetSelection(ActionContributionItem.java:595)
	at org.eclipse.jface.action.ActionContributionItem.access$2(ActionContributionItem.java:511)
	at org.eclipse.jface.action.ActionContributionItem$5.handleEvent(ActionContributionItem.java:420)
	at org.eclipse.swt.widgets.EventTable.sendEvent(EventTable.java:84)
	at org.eclipse.swt.widgets.Display.sendEvent(Display.java:4230)
	at org.eclipse.swt.widgets.Widget.sendEvent(Widget.java:1491)
	at org.eclipse.swt.widgets.Widget.sendEvent(Widget.java:1514)
	at org.eclipse.swt.widgets.Widget.sendEvent(Widget.java:1499)
	at org.eclipse.swt.widgets.Widget.notifyListeners(Widget.java:1299)
	at org.eclipse.swt.widgets.Display.runDeferredEvents(Display.java:4072)
	at org.eclipse.swt.widgets.Display.readAndDispatch(Display.java:3698)
	at org.eclipse.e4.ui.internal.workbench.swt.PartRenderingEngine$4.run(PartRenderingEngine.java:1127)
	at org.eclipse.core.databinding.observable.Realm.runWithDefault(Realm.java:337)
	at org.eclipse.e4.ui.internal.workbench.swt.PartRenderingEngine.run(PartRenderingEngine.java:1018)
	at org.eclipse.e4.ui.internal.workbench.E4Workbench.createAndRunUI(E4Workbench.java:156)
	at org.eclipse.ui.internal.Workbench$5.run(Workbench.java:654)
	at org.eclipse.core.databinding.observable.Realm.runWithDefault(Realm.java:337)
	at org.eclipse.ui.internal.Workbench.createAndRunWorkbench(Workbench.java:598)
	at org.eclipse.ui.PlatformUI.createAndRunWorkbench(PlatformUI.java:150)
	at org.eclipse.ui.internal.ide.application.IDEApplication.start(IDEApplication.java:139)
	at org.eclipse.equinox.internal.app.EclipseAppHandle.run(EclipseAppHandle.java:196)
	at org.eclipse.core.runtime.internal.adaptor.EclipseAppLauncher.runApplication(EclipseAppLauncher.java:134)
	at org.eclipse.core.runtime.internal.adaptor.EclipseAppLauncher.start(EclipseAppLauncher.java:104)
	at org.eclipse.core.runtime.adaptor.EclipseStarter.run(EclipseStarter.java:380)
	at org.eclipse.core.runtime.adaptor.EclipseStarter.run(EclipseStarter.java:235)
	at sun.reflect.NativeMethodAccessorImpl.invoke0(Native Method)
	at sun.reflect.NativeMethodAccessorImpl.invoke(NativeMethodAccessorImpl.java:62)
	at sun.reflect.DelegatingMethodAccessorImpl.invoke(DelegatingMethodAccessorImpl.java:43)
	at java.lang.reflect.Method.invoke(Method.java:497)
	at org.eclipse.equinox.launcher.Main.invokeFramework(Main.java:669)
	at org.eclipse.equinox.launcher.Main.basicRun(Main.java:608)
	at org.eclipse.equinox.launcher.Main.run(Main.java:1515)

!ENTRY org.python.pydev.shared_core 1 1 2015-09-30 16:23:21.867
!MESSAGE Restoring info for: /usr/bin/python2.7
!STACK 0
java.lang.RuntimeException: Restoring info for: /usr/bin/python2.7
	at org.python.pydev.ui.interpreters.AbstractInterpreterManager.getInterpretersFromPersistedString(AbstractInterpreterManager.java:517)
	at org.python.pydev.ui.interpreters.AbstractInterpreterManager.internalRecreateCacheGetInterpreterInfos(AbstractInterpreterManager.java:337)
	at org.python.pydev.ui.interpreters.AbstractInterpreterManager.setInfos(AbstractInterpreterManager.java:641)
	at org.python.pydev.ui.pythonpathconf.AbstractInterpreterPreferencesPage$5.run(AbstractInterpreterPreferencesPage.java:277)
	at org.eclipse.jface.operation.ModalContext$ModalContextThread.run(ModalContext.java:119)
Caused by: java.io.IOException: Expecting: /Users/ranuva/Documents/GradUCI/CS273A-ML/HW1/.metadata/.plugins/org.python.pydev/v1_3tswbhuj9gc4kibexhrzgzdx/modulesKeys to exist (and be a file).
	at org.python.pydev.editor.codecompletion.revisited.ModulesManager.loadFromFile(ModulesManager.java:289)
	at org.python.pydev.editor.codecompletion.revisited.SystemModulesManager.load(SystemModulesManager.java:371)
	at org.python.pydev.ui.interpreters.AbstractInterpreterManager.getInterpretersFromPersistedString(AbstractInterpreterManager.java:515)
	... 4 more

!ENTRY org.python.pydev.shared_core 1 1 2015-09-30 16:23:23.526
!MESSAGE Finished restoring information for: /usr/bin/python2.7 at: /Users/ranuva/Documents/GradUCI/CS273A-ML/HW1/.metadata/.plugins/org.python.pydev/v1_3tswbhuj9gc4kibexhrzgzdx
!STACK 0
java.lang.RuntimeException: Finished restoring information for: /usr/bin/python2.7 at: /Users/ranuva/Documents/GradUCI/CS273A-ML/HW1/.metadata/.plugins/org.python.pydev/v1_3tswbhuj9gc4kibexhrzgzdx
	at org.python.pydev.core.log.Log.logInfo(Log.java:66)
	at org.python.pydev.ui.interpreters.AbstractInterpreterManager.getInterpretersFromPersistedString(AbstractInterpreterManager.java:562)
	at org.python.pydev.ui.interpreters.AbstractInterpreterManager.internalRecreateCacheGetInterpreterInfos(AbstractInterpreterManager.java:337)
	at org.python.pydev.ui.interpreters.AbstractInterpreterManager.setInfos(AbstractInterpreterManager.java:641)
	at org.python.pydev.ui.pythonpathconf.AbstractInterpreterPreferencesPage$5.run(AbstractInterpreterPreferencesPage.java:277)
	at org.eclipse.jface.operation.ModalContext$ModalContextThread.run(ModalContext.java:119)

!ENTRY org.python.pydev.shared_core 4 4 2015-09-30 16:23:23.875
!MESSAGE Info: Rebuilding internal caches: /Users/ranuva/Documents/GradUCI/CS273A-ML/HW1/.metadata/.plugins/com.python.pydev.analysis/python_v1_3tswbhuj9gc4kibexhrzgzdx/python.pydevsysteminfo (Expected error to be provided and got no error!)

!ENTRY org.python.pydev.shared_core 4 4 2015-09-30 22:06:44.908
!MESSAGE 749
!STACK 0
java.lang.ArrayIndexOutOfBoundsException: 749
	at org.python.pydev.parser.fastparser.FastDefinitionsParser.getNextIdentifier(FastDefinitionsParser.java:435)
	at org.python.pydev.parser.fastparser.FastDefinitionsParser.handleNewLine(FastDefinitionsParser.java:333)
	at org.python.pydev.parser.fastparser.FastDefinitionsParser.extractBody(FastDefinitionsParser.java:190)
	at org.python.pydev.parser.fastparser.FastDefinitionsParser.parse(FastDefinitionsParser.java:652)
	at org.python.pydev.parser.fastparser.FastDefinitionsParser.parse(FastDefinitionsParser.java:646)
	at org.python.pydev.parser.fastparser.FastDefinitionsParser.parse(FastDefinitionsParser.java:637)
	at com.python.pydev.analysis.builder.AnalysisBuilderVisitor$1.call(AnalysisBuilderVisitor.java:113)
	at com.python.pydev.analysis.builder.AnalysisBuilderVisitor$1.call(AnalysisBuilderVisitor.java:1)
	at com.python.pydev.analysis.builder.AnalysisBuilderRunnable.<init>(AnalysisBuilderRunnable.java:152)
	at com.python.pydev.analysis.builder.AnalysisBuilderRunnableFactory.createRunnable(AnalysisBuilderRunnableFactory.java:219)
	at com.python.pydev.analysis.builder.AnalysisBuilderVisitor.doVisitChangedResource(AnalysisBuilderVisitor.java:177)
	at com.python.pydev.analysis.builder.AnalysisBuilderVisitor.visitChangedResource(AnalysisBuilderVisitor.java:127)
	at com.python.pydev.analysis.builder.AnalysisBuilderVisitor.visitChangedResource(AnalysisBuilderVisitor.java:45)
	at org.python.pydev.builder.PydevGrouperVisitor.visitWith(PydevGrouperVisitor.java:114)
	at org.python.pydev.builder.PydevGrouperVisitor.visitChangedResource(PydevGrouperVisitor.java:165)
	at org.python.pydev.builder.PydevGrouperVisitor.finishDelayedVisits(PydevGrouperVisitor.java:189)
	at org.python.pydev.builder.PyDevBuilder.build(PyDevBuilder.java:135)
	at org.eclipse.core.internal.events.BuildManager$2.run(BuildManager.java:734)
	at org.eclipse.core.runtime.SafeRunner.run(SafeRunner.java:42)
	at org.eclipse.core.internal.events.BuildManager.basicBuild(BuildManager.java:205)
	at org.eclipse.core.internal.events.BuildManager.basicBuild(BuildManager.java:245)
	at org.eclipse.core.internal.events.BuildManager$1.run(BuildManager.java:300)
	at org.eclipse.core.runtime.SafeRunner.run(SafeRunner.java:42)
	at org.eclipse.core.internal.events.BuildManager.basicBuild(BuildManager.java:303)
	at org.eclipse.core.internal.events.BuildManager.basicBuildLoop(BuildManager.java:359)
	at org.eclipse.core.internal.events.BuildManager.build(BuildManager.java:382)
	at org.eclipse.core.internal.events.AutoBuildJob.doBuild(AutoBuildJob.java:144)
	at org.eclipse.core.internal.events.AutoBuildJob.run(AutoBuildJob.java:235)
	at org.eclipse.core.internal.jobs.Worker.run(Worker.java:55)

!ENTRY org.python.pydev.shared_core 4 4 2015-10-02 00:58:12.229
!MESSAGE Unhandled: ExtSlice[dims=[Slice[lower=Num[n=0, type=Int, num=0], upper=BinOp[left=Num[n=0.8, type=Float, num=0.8], op=Mult, right=Attribute[value=Name[id=self, ctx=Load, reserved=false], attr=NameTok[id=numOfPoints, ctx=Attrib], ctx=Load]], step=null], Slice[lower=null, upper=null, step=null]]]
!STACK 0
java.lang.RuntimeException: Unhandled: ExtSlice[dims=[Slice[lower=Num[n=0, type=Int, num=0], upper=BinOp[left=Num[n=0.8, type=Float, num=0.8], op=Mult, right=Attribute[value=Name[id=self, ctx=Load, reserved=false], attr=NameTok[id=numOfPoints, ctx=Attrib], ctx=Load]], step=null], Slice[lower=null, upper=null, step=null]]]
	at org.python.pydev.parser.prettyprinterv2.MakeAstValidForPrettyPrintingVisitor.unhandled_node(MakeAstValidForPrettyPrintingVisitor.java:105)
	at org.python.pydev.parser.jython.ast.VisitorBase.visitExtSlice(VisitorBase.java:345)
	at org.python.pydev.parser.jython.ast.ExtSlice.accept(ExtSlice.java:79)
	at org.python.pydev.parser.prettyprinterv2.MakeAstValidForPrettyPrintingVisitor.visitSubscript(MakeAstValidForPrettyPrintingVisitor.java:933)
	at org.python.pydev.parser.jython.ast.Subscript.accept(Subscript.java:93)
	at org.python.pydev.parser.prettyprinterv2.MakeAstValidForPrettyPrintingVisitor.visitCommaSeparated(MakeAstValidForPrettyPrintingVisitor.java:296)
	at org.python.pydev.parser.prettyprinterv2.MakeAstValidForPrettyPrintingVisitor.visitTuple(MakeAstValidForPrettyPrintingVisitor.java:276)
	at org.python.pydev.parser.jython.ast.Tuple.accept(Tuple.java:95)
	at org.python.pydev.parser.jython.ast.Return.traverse(Return.java:78)
	at org.python.pydev.parser.prettyprinterv2.MakeAstValidForPrettyPrintingVisitor.visitReturn(MakeAstValidForPrettyPrintingVisitor.java:483)
	at org.python.pydev.parser.jython.ast.Return.accept(Return.java:73)
	at org.python.pydev.parser.prettyprinterv2.MakeAstValidForPrettyPrintingVisitor.visitFunctionDef(MakeAstValidForPrettyPrintingVisitor.java:862)
	at org.python.pydev.parser.jython.ast.FunctionDef.accept(FunctionDef.java:131)
	at org.python.pydev.parser.prettyprinterv2.MakeAstValidForPrettyPrintingVisitor.makeValid(MakeAstValidForPrettyPrintingVisitor.java:171)
	at org.python.pydev.editor.hover.PyTextHover.getDocstringHover(PyTextHover.java:232)
	at org.python.pydev.editor.hover.PyTextHover.getHoverInfo(PyTextHover.java:144)
	at org.eclipse.jface.text.TextViewerHoverManager$4.run(TextViewerHoverManager.java:168)

!ENTRY org.python.pydev.shared_core 4 4 2015-10-02 15:53:37.820
!MESSAGE ERROR reading shell.
ProcessInfo:

 - Executed: /usr/bin/python2.7 -u /Users/ranuva/.p2/pool/plugins/org.python.pydev_4.3.0.201508182223/pysrc/pycompletionserver.py 60421

 - Environment:
APP_ICON_24385=../Resources/Eclipse.icns
APP_ICON_24402=../Resources/Eclipse.icns
Apple_PubSub_Socket_Render=/private/tmp/com.apple.launchd.BGDQqQ2Vfd/Render
HOME=/Users/ranuva
JAVA_STARTED_ON_FIRST_THREAD_24385=1
JAVA_STARTED_ON_FIRST_THREAD_24402=1
LOGNAME=ranuva
PATH=/usr/bin:/bin:/usr/sbin:/sbin
PYTHONPATH=/Users/ranuva/.p2/pool/plugins/org.python.pydev_4.3.0.201508182223/pysrc/pydev_sitecustomize:/System/Library/Frameworks/Python.framework/Versions/2.7/lib/python2.7:/System/Library/Frameworks/Python.framework/Versions/2.7/lib/python2.7/plat-darwin:/System/Library/Frameworks/Python.framework/Versions/2.7/lib/python2.7/plat-mac:/System/Library/Frameworks/Python.framework/Versions/2.7/lib/python2.7/plat-mac/lib-scriptpackages:/System/Library/Frameworks/Python.framework/Versions/2.7/Extras/lib/python:/System/Library/Frameworks/Python.framework/Versions/2.7/lib/python2.7/lib-tk:/System/Library/Frameworks/Python.framework/Versions/2.7/lib/python2.7/lib-dynload:/System/Library/Frameworks/Python.framework/Versions/2.7/Extras/lib/python/PyObjC:/Library/Python/2.7/site-packages
SHELL=/bin/bash
SSH_AUTH_SOCK=/private/tmp/com.apple.launchd.zFd1nXJO8Z/Listeners
TMPDIR=/var/folders/zw/62zsdyvd37n6wn7_4xhppct00000gn/T/
USER=ranuva
XPC_FLAGS=0x0
XPC_SERVICE_NAME=0
__CF_USER_TEXT_ENCODING=0x1F5:0x0:0x0

 - Working Dir:
/Users/ranuva/.p2/pool/plugins/org.python.pydev_4.3.0.201508182223/pysrc

 - OS:
Mac OS X

 - Std output:


 - Err output:

!STACK 0
java.nio.channels.ClosedByInterruptException
	at java.nio.channels.spi.AbstractInterruptibleChannel.end(AbstractInterruptibleChannel.java:202)
	at sun.nio.ch.SocketChannelImpl.write(SocketChannelImpl.java:478)
	at java.nio.channels.Channels.writeFullyImpl(Channels.java:78)
	at java.nio.channels.Channels.writeFully(Channels.java:98)
	at java.nio.channels.Channels.access$000(Channels.java:61)
	at java.nio.channels.Channels$1.write(Channels.java:174)
	at java.io.OutputStream.write(OutputStream.java:75)
	at org.python.pydev.editor.codecompletion.shell.AbstractShell.write(AbstractShell.java:544)
	at org.python.pydev.editor.codecompletion.shell.AbstractShell.writeAndGetResults(AbstractShell.java:691)
	at org.python.pydev.editor.codecompletion.shell.AbstractShell.getImportCompletions(AbstractShell.java:756)
	at org.python.pydev.editor.codecompletion.revisited.modules.CompiledModule.createInnerFromServer(CompiledModule.java:331)
	at org.python.pydev.editor.codecompletion.revisited.modules.CompiledModule.getGlobalTokens(CompiledModule.java:531)
	at org.python.pydev.editor.codecompletion.revisited.AbstractASTManager.internalGenerateGetCompletionsForModule(AbstractASTManager.java:734)
	at org.python.pydev.editor.codecompletion.revisited.AbstractASTManager.getCompletionsForModule(AbstractASTManager.java:559)
	at org.python.pydev.editor.codecompletion.revisited.AbstractASTManager.getCompletionsForModule(AbstractASTManager.java:528)
	at org.python.pydev.editor.codecompletion.revisited.AbstractASTManager.getCompletionsForModule(AbstractASTManager.java:520)
	at org.python.pydev.editor.codecompletion.revisited.AbstractASTManager.getCompletionsForModule(AbstractASTManager.java:511)
	at org.python.pydev.editor.codecompletion.revisited.AbstractASTManager.internalGenerateGetCompletionsForModule(AbstractASTManager.java:742)
	at org.python.pydev.editor.codecompletion.revisited.AbstractASTManager.getCompletionsForModule(AbstractASTManager.java:559)
	at org.python.pydev.editor.codecompletion.revisited.AbstractASTManager.getCompletionsForModule(AbstractASTManager.java:528)
	at org.python.pydev.editor.codecompletion.revisited.AbstractASTManager.getCompletionsForModule(AbstractASTManager.java:520)
	at org.python.pydev.editor.codecompletion.revisited.modules.SourceModule.findGlobalTokDef(SourceModule.java:1021)
	at org.python.pydev.editor.codecompletion.revisited.modules.SourceModule.findDefinitionsFromModAndTok(SourceModule.java:970)
	at org.python.pydev.editor.codecompletion.revisited.modules.SourceModule.findDefinition(SourceModule.java:952)
	at org.python.pydev.editor.codecompletion.revisited.modules.SourceModule.findDefinition(SourceModule.java:665)
	at org.python.pydev.editor.codecompletion.revisited.modules.SourceModule.findDefinition(SourceModule.java:1)
	at org.python.pydev.editor.refactoring.PyRefactoringFindDefinition.findActualDefinition(PyRefactoringFindDefinition.java:182)
	at org.python.pydev.editor.refactoring.PyRefactoringFindDefinition.findActualDefinition(PyRefactoringFindDefinition.java:81)
	at org.python.pydev.editor.hover.PyTextHover.getDocstringHover(PyTextHover.java:200)
	at org.python.pydev.editor.hover.PyTextHover.getHoverInfo(PyTextHover.java:144)
	at org.eclipse.jface.text.TextViewerHoverManager$4.run(TextViewerHoverManager.java:168)

!ENTRY org.python.pydev.shared_core 4 4 2015-10-02 20:49:54.948
!MESSAGE org.python.pydev.parser.jython.ast.Assign cannot be cast to org.python.pydev.parser.jython.ast.exprType
!STACK 0
java.lang.ClassCastException: org.python.pydev.parser.jython.ast.Assign cannot be cast to org.python.pydev.parser.jython.ast.exprType
	at org.python.pydev.parser.grammar27.TreeBuilder27.onCloseNode(TreeBuilder27.java:172)
	at org.python.pydev.parser.grammarcommon.AbstractTreeBuilder.closeNode(AbstractTreeBuilder.java:622)
	at org.python.pydev.parser.grammarcommon.JJTPythonGrammarState.closeNodeScope(JJTPythonGrammarState.java:172)
	at org.python.pydev.parser.grammar27.PythonGrammar27.atomtrailer(PythonGrammar27.java:5612)
	at org.python.pydev.parser.grammar27.PythonGrammar27.power(PythonGrammar27.java:5496)
	at org.python.pydev.parser.grammar27.PythonGrammar27.factor(PythonGrammar27.java:5483)
	at org.python.pydev.parser.grammar27.PythonGrammar27.term(PythonGrammar27.java:5169)
	at org.python.pydev.parser.grammar27.PythonGrammar27.arith_expr(PythonGrammar27.java:5071)
	at org.python.pydev.parser.grammar27.PythonGrammar27.shift_expr(PythonGrammar27.java:4973)
	at org.python.pydev.parser.grammar27.PythonGrammar27.and_expr(PythonGrammar27.java:4922)
	at org.python.pydev.parser.grammar27.PythonGrammar27.xor_expr(PythonGrammar27.java:4871)
	at org.python.pydev.parser.grammar27.PythonGrammar27.expr(PythonGrammar27.java:4820)
	at org.python.pydev.parser.grammar27.PythonGrammar27.comparison(PythonGrammar27.java:4594)
	at org.python.pydev.parser.grammar27.PythonGrammar27.not_test(PythonGrammar27.java:4578)
	at org.python.pydev.parser.grammar27.PythonGrammar27.and_test(PythonGrammar27.java:4467)
	at org.python.pydev.parser.grammar27.PythonGrammar27.or_test(PythonGrammar27.java:4415)
	at org.python.pydev.parser.grammar27.PythonGrammar27.test(PythonGrammar27.java:4316)
	at org.python.pydev.parser.grammar27.PythonGrammar27.SmartTestList(PythonGrammar27.java:6514)
	at org.python.pydev.parser.grammar27.PythonGrammar27.expr_stmt(PythonGrammar27.java:966)
	at org.python.pydev.parser.grammar27.PythonGrammar27.small_stmt(PythonGrammar27.java:922)
	at org.python.pydev.parser.grammar27.PythonGrammar27.simple_stmt(PythonGrammar27.java:862)
	at org.python.pydev.parser.grammar27.PythonGrammar27.stmt(PythonGrammar27.java:837)
	at org.python.pydev.parser.grammar27.PythonGrammar27.suite(PythonGrammar27.java:3955)
	at org.python.pydev.parser.grammar27.PythonGrammar27.funcdef(PythonGrammar27.java:269)
	at org.python.pydev.parser.grammar27.PythonGrammar27.compound_stmt(PythonGrammar27.java:3165)
	at org.python.pydev.parser.grammar27.PythonGrammar27.stmt(PythonGrammar27.java:848)
	at org.python.pydev.parser.grammar27.PythonGrammar27.file_input(PythonGrammar27.java:203)
	at org.python.pydev.parser.grammar27.PythonGrammar27.file_input(PythonGrammar27.java:1)
	at org.python.pydev.parser.PyParser.reparseDocument(PyParser.java:541)
	at org.python.pydev.editor.codecompletion.revisited.modules.AbstractModule.createModuleFromDoc(AbstractModule.java:293)
	at org.python.pydev.editor.refactoring.RefactoringRequest.getModule(RefactoringRequest.java:247)
	at org.python.pydev.editor.refactoring.RefactoringRequest.getAST(RefactoringRequest.java:260)
	at com.python.pydev.refactoring.wizards.rename.PyReferenceSearcher.prepareSearch(PyReferenceSearcher.java:104)
	at com.python.pydev.refactoring.markoccurrences.MarkOccurrencesJob.createRequest(MarkOccurrencesJob.java:147)
	at org.python.pydev.shared_ui.mark_occurrences.BaseMarkOccurrencesJob.run(BaseMarkOccurrencesJob.java:168)
	at org.eclipse.core.internal.jobs.Worker.run(Worker.java:55)

!ENTRY org.python.pydev.shared_core 4 4 2015-10-03 00:07:51.649
!MESSAGE Unhandled: ExtSlice[dims=[Index[value=Compare[left=Name[id=y, ctx=Load, reserved=false], ops=[Eq], comparators=[Name[id=group, ctx=Load, reserved=false]]]], Slice[lower=null, upper=null, step=null]]]
!STACK 0
java.lang.RuntimeException: Unhandled: ExtSlice[dims=[Index[value=Compare[left=Name[id=y, ctx=Load, reserved=false], ops=[Eq], comparators=[Name[id=group, ctx=Load, reserved=false]]]], Slice[lower=null, upper=null, step=null]]]
	at org.python.pydev.parser.prettyprinterv2.MakeAstValidForPrettyPrintingVisitor.unhandled_node(MakeAstValidForPrettyPrintingVisitor.java:105)
	at org.python.pydev.parser.jython.ast.VisitorBase.visitExtSlice(VisitorBase.java:345)
	at org.python.pydev.parser.jython.ast.ExtSlice.accept(ExtSlice.java:79)
	at org.python.pydev.parser.prettyprinterv2.MakeAstValidForPrettyPrintingVisitor.visitSubscript(MakeAstValidForPrettyPrintingVisitor.java:933)
	at org.python.pydev.parser.jython.ast.Subscript.accept(Subscript.java:93)
	at org.python.pydev.parser.prettyprinterv2.MakeAstValidForPrettyPrintingVisitor.visitAssign(MakeAstValidForPrettyPrintingVisitor.java:184)
	at org.python.pydev.parser.jython.ast.Assign.accept(Assign.java:90)
	at org.python.pydev.parser.prettyprinterv2.MakeAstValidForPrettyPrintingVisitor.visitFor(MakeAstValidForPrettyPrintingVisitor.java:457)
	at org.python.pydev.parser.jython.ast.For.accept(For.java:114)
	at org.python.pydev.parser.prettyprinterv2.MakeAstValidForPrettyPrintingVisitor.makeValid(MakeAstValidForPrettyPrintingVisitor.java:171)
	at org.python.pydev.editor.hover.PyTextHover.getDocstringHover(PyTextHover.java:232)
	at org.python.pydev.editor.hover.PyTextHover.getHoverInfo(PyTextHover.java:144)
	at org.eclipse.jface.text.TextViewerHoverManager$4.run(TextViewerHoverManager.java:168)

!ENTRY org.python.pydev.shared_core 4 4 2015-10-03 00:12:12.207
!MESSAGE Unhandled: ExtSlice[dims=[Index[value=Compare[left=Name[id=y, ctx=Load, reserved=false], ops=[Eq], comparators=[Name[id=group, ctx=Load, reserved=false]]]], Slice[lower=null, upper=null, step=null]]]
!STACK 0
java.lang.RuntimeException: Unhandled: ExtSlice[dims=[Index[value=Compare[left=Name[id=y, ctx=Load, reserved=false], ops=[Eq], comparators=[Name[id=group, ctx=Load, reserved=false]]]], Slice[lower=null, upper=null, step=null]]]
	at org.python.pydev.parser.prettyprinterv2.MakeAstValidForPrettyPrintingVisitor.unhandled_node(MakeAstValidForPrettyPrintingVisitor.java:105)
	at org.python.pydev.parser.jython.ast.VisitorBase.visitExtSlice(VisitorBase.java:345)
	at org.python.pydev.parser.jython.ast.ExtSlice.accept(ExtSlice.java:79)
	at org.python.pydev.parser.prettyprinterv2.MakeAstValidForPrettyPrintingVisitor.visitSubscript(MakeAstValidForPrettyPrintingVisitor.java:933)
	at org.python.pydev.parser.jython.ast.Subscript.accept(Subscript.java:93)
	at org.python.pydev.parser.prettyprinterv2.MakeAstValidForPrettyPrintingVisitor.visitAssign(MakeAstValidForPrettyPrintingVisitor.java:184)
	at org.python.pydev.parser.jython.ast.Assign.accept(Assign.java:90)
	at org.python.pydev.parser.prettyprinterv2.MakeAstValidForPrettyPrintingVisitor.visitFor(MakeAstValidForPrettyPrintingVisitor.java:457)
	at org.python.pydev.parser.jython.ast.For.accept(For.java:114)
	at org.python.pydev.parser.prettyprinterv2.MakeAstValidForPrettyPrintingVisitor.makeValid(MakeAstValidForPrettyPrintingVisitor.java:171)
	at org.python.pydev.editor.hover.PyTextHover.getDocstringHover(PyTextHover.java:232)
	at org.python.pydev.editor.hover.PyTextHover.getHoverInfo(PyTextHover.java:144)
	at org.eclipse.jface.text.TextViewerHoverManager$4.run(TextViewerHoverManager.java:168)

!ENTRY org.python.pydev.shared_core 4 4 2015-10-03 00:12:42.757
!MESSAGE Unhandled: ExtSlice[dims=[Index[value=Compare[left=Name[id=y, ctx=Load, reserved=false], ops=[Eq], comparators=[Name[id=group, ctx=Load, reserved=false]]]], Slice[lower=null, upper=null, step=null]]]
!STACK 0
java.lang.RuntimeException: Unhandled: ExtSlice[dims=[Index[value=Compare[left=Name[id=y, ctx=Load, reserved=false], ops=[Eq], comparators=[Name[id=group, ctx=Load, reserved=false]]]], Slice[lower=null, upper=null, step=null]]]
	at org.python.pydev.parser.prettyprinterv2.MakeAstValidForPrettyPrintingVisitor.unhandled_node(MakeAstValidForPrettyPrintingVisitor.java:105)
	at org.python.pydev.parser.jython.ast.VisitorBase.visitExtSlice(VisitorBase.java:345)
	at org.python.pydev.parser.jython.ast.ExtSlice.accept(ExtSlice.java:79)
	at org.python.pydev.parser.prettyprinterv2.MakeAstValidForPrettyPrintingVisitor.visitSubscript(MakeAstValidForPrettyPrintingVisitor.java:933)
	at org.python.pydev.parser.jython.ast.Subscript.accept(Subscript.java:93)
	at org.python.pydev.parser.prettyprinterv2.MakeAstValidForPrettyPrintingVisitor.visitAssign(MakeAstValidForPrettyPrintingVisitor.java:184)
	at org.python.pydev.parser.jython.ast.Assign.accept(Assign.java:90)
	at org.python.pydev.parser.prettyprinterv2.MakeAstValidForPrettyPrintingVisitor.visitFor(MakeAstValidForPrettyPrintingVisitor.java:457)
	at org.python.pydev.parser.jython.ast.For.accept(For.java:114)
	at org.python.pydev.parser.prettyprinterv2.MakeAstValidForPrettyPrintingVisitor.makeValid(MakeAstValidForPrettyPrintingVisitor.java:171)
	at org.python.pydev.editor.hover.PyTextHover.getDocstringHover(PyTextHover.java:232)
	at org.python.pydev.editor.hover.PyTextHover.getHoverInfo(PyTextHover.java:144)
	at org.eclipse.jface.text.TextViewerHoverManager$4.run(TextViewerHoverManager.java:168)

!ENTRY org.python.pydev.shared_core 4 4 2015-10-03 00:14:09.979
!MESSAGE Unhandled: ExtSlice[dims=[Index[value=Compare[left=Name[id=y, ctx=Load, reserved=false], ops=[Eq], comparators=[Name[id=group, ctx=Load, reserved=false]]]], Slice[lower=null, upper=null, step=null]]]
!STACK 0
java.lang.RuntimeException: Unhandled: ExtSlice[dims=[Index[value=Compare[left=Name[id=y, ctx=Load, reserved=false], ops=[Eq], comparators=[Name[id=group, ctx=Load, reserved=false]]]], Slice[lower=null, upper=null, step=null]]]
	at org.python.pydev.parser.prettyprinterv2.MakeAstValidForPrettyPrintingVisitor.unhandled_node(MakeAstValidForPrettyPrintingVisitor.java:105)
	at org.python.pydev.parser.jython.ast.VisitorBase.visitExtSlice(VisitorBase.java:345)
	at org.python.pydev.parser.jython.ast.ExtSlice.accept(ExtSlice.java:79)
	at org.python.pydev.parser.prettyprinterv2.MakeAstValidForPrettyPrintingVisitor.visitSubscript(MakeAstValidForPrettyPrintingVisitor.java:933)
	at org.python.pydev.parser.jython.ast.Subscript.accept(Subscript.java:93)
	at org.python.pydev.parser.prettyprinterv2.MakeAstValidForPrettyPrintingVisitor.visitAssign(MakeAstValidForPrettyPrintingVisitor.java:184)
	at org.python.pydev.parser.jython.ast.Assign.accept(Assign.java:90)
	at org.python.pydev.parser.prettyprinterv2.MakeAstValidForPrettyPrintingVisitor.visitFor(MakeAstValidForPrettyPrintingVisitor.java:457)
	at org.python.pydev.parser.jython.ast.For.accept(For.java:114)
	at org.python.pydev.parser.prettyprinterv2.MakeAstValidForPrettyPrintingVisitor.makeValid(MakeAstValidForPrettyPrintingVisitor.java:171)
	at org.python.pydev.editor.hover.PyTextHover.getDocstringHover(PyTextHover.java:232)
	at org.python.pydev.editor.hover.PyTextHover.getHoverInfo(PyTextHover.java:144)
	at org.eclipse.jface.text.TextViewerHoverManager$4.run(TextViewerHoverManager.java:168)

!ENTRY org.python.pydev.shared_core 4 4 2015-10-03 00:24:28.022
!MESSAGE Unhandled: ExtSlice[dims=[Index[value=Compare[left=Name[id=y, ctx=Load, reserved=false], ops=[Eq], comparators=[UnaryOp[op=USub, operand=Num[n=1, type=Int, num=1]]]]], Slice[lower=null, upper=null, step=null]]]
!STACK 0
java.lang.RuntimeException: Unhandled: ExtSlice[dims=[Index[value=Compare[left=Name[id=y, ctx=Load, reserved=false], ops=[Eq], comparators=[UnaryOp[op=USub, operand=Num[n=1, type=Int, num=1]]]]], Slice[lower=null, upper=null, step=null]]]
	at org.python.pydev.parser.prettyprinterv2.MakeAstValidForPrettyPrintingVisitor.unhandled_node(MakeAstValidForPrettyPrintingVisitor.java:105)
	at org.python.pydev.parser.jython.ast.VisitorBase.visitExtSlice(VisitorBase.java:345)
	at org.python.pydev.parser.jython.ast.ExtSlice.accept(ExtSlice.java:79)
	at org.python.pydev.parser.prettyprinterv2.MakeAstValidForPrettyPrintingVisitor.visitSubscript(MakeAstValidForPrettyPrintingVisitor.java:933)
	at org.python.pydev.parser.jython.ast.Subscript.accept(Subscript.java:93)
	at org.python.pydev.parser.prettyprinterv2.MakeAstValidForPrettyPrintingVisitor.visitAssign(MakeAstValidForPrettyPrintingVisitor.java:184)
	at org.python.pydev.parser.jython.ast.Assign.accept(Assign.java:90)
	at org.python.pydev.parser.prettyprinterv2.MakeAstValidForPrettyPrintingVisitor.makeValid(MakeAstValidForPrettyPrintingVisitor.java:171)
	at org.python.pydev.editor.hover.PyTextHover.getDocstringHover(PyTextHover.java:232)
	at org.python.pydev.editor.hover.PyTextHover.getHoverInfo(PyTextHover.java:144)
	at org.eclipse.jface.text.TextViewerHoverManager$4.run(TextViewerHoverManager.java:168)

!ENTRY org.python.pydev.shared_core 4 4 2015-10-03 00:24:28.024
!MESSAGE String index out of range: -4
!STACK 0
java.lang.StringIndexOutOfBoundsException: String index out of range: -4
	at org.python.pydev.shared_core.string.FastStringBuffer.delete(FastStringBuffer.java:520)
	at org.python.pydev.parser.prettyprinterv2.WriteStateV2.dedent(WriteStateV2.java:64)
	at org.python.pydev.parser.prettyprinterv2.PrettyPrinterV2.writeLinePart(PrettyPrinterV2.java:241)
	at org.python.pydev.parser.prettyprinterv2.PrettyPrinterV2.print(PrettyPrinterV2.java:163)
	at org.python.pydev.editor.hover.PyTextHover.printAst(PyTextHover.java:321)
	at org.python.pydev.editor.hover.PyTextHover.getDocstringHover(PyTextHover.java:274)
	at org.python.pydev.editor.hover.PyTextHover.getHoverInfo(PyTextHover.java:144)
	at org.eclipse.jface.text.TextViewerHoverManager$4.run(TextViewerHoverManager.java:168)

!ENTRY org.python.pydev.shared_core 4 4 2015-10-03 00:37:56.310
!MESSAGE Unhandled: ExtSlice[dims=[Index[value=Compare[left=Name[id=y, ctx=Load, reserved=false], ops=[Eq], comparators=[UnaryOp[op=USub, operand=Num[n=1, type=Int, num=1]]]]], Slice[lower=null, upper=null, step=null]]]
!STACK 0
java.lang.RuntimeException: Unhandled: ExtSlice[dims=[Index[value=Compare[left=Name[id=y, ctx=Load, reserved=false], ops=[Eq], comparators=[UnaryOp[op=USub, operand=Num[n=1, type=Int, num=1]]]]], Slice[lower=null, upper=null, step=null]]]
	at org.python.pydev.parser.prettyprinterv2.MakeAstValidForPrettyPrintingVisitor.unhandled_node(MakeAstValidForPrettyPrintingVisitor.java:105)
	at org.python.pydev.parser.jython.ast.VisitorBase.visitExtSlice(VisitorBase.java:345)
	at org.python.pydev.parser.jython.ast.ExtSlice.accept(ExtSlice.java:79)
	at org.python.pydev.parser.prettyprinterv2.MakeAstValidForPrettyPrintingVisitor.visitSubscript(MakeAstValidForPrettyPrintingVisitor.java:933)
	at org.python.pydev.parser.jython.ast.Subscript.accept(Subscript.java:93)
	at org.python.pydev.parser.prettyprinterv2.MakeAstValidForPrettyPrintingVisitor.visitAssign(MakeAstValidForPrettyPrintingVisitor.java:184)
	at org.python.pydev.parser.jython.ast.Assign.accept(Assign.java:90)
	at org.python.pydev.parser.prettyprinterv2.MakeAstValidForPrettyPrintingVisitor.makeValid(MakeAstValidForPrettyPrintingVisitor.java:171)
	at org.python.pydev.editor.hover.PyTextHover.getDocstringHover(PyTextHover.java:232)
	at org.python.pydev.editor.hover.PyTextHover.getHoverInfo(PyTextHover.java:144)
	at org.eclipse.jface.text.TextViewerHoverManager$4.run(TextViewerHoverManager.java:168)

!ENTRY org.python.pydev.shared_core 4 4 2015-10-03 00:37:56.312
!MESSAGE String index out of range: -4
!STACK 0
java.lang.StringIndexOutOfBoundsException: String index out of range: -4
	at org.python.pydev.shared_core.string.FastStringBuffer.delete(FastStringBuffer.java:520)
	at org.python.pydev.parser.prettyprinterv2.WriteStateV2.dedent(WriteStateV2.java:64)
	at org.python.pydev.parser.prettyprinterv2.PrettyPrinterV2.writeLinePart(PrettyPrinterV2.java:241)
	at org.python.pydev.parser.prettyprinterv2.PrettyPrinterV2.print(PrettyPrinterV2.java:163)
	at org.python.pydev.editor.hover.PyTextHover.printAst(PyTextHover.java:321)
	at org.python.pydev.editor.hover.PyTextHover.getDocstringHover(PyTextHover.java:274)
	at org.python.pydev.editor.hover.PyTextHover.getHoverInfo(PyTextHover.java:144)
	at org.eclipse.jface.text.TextViewerHoverManager$4.run(TextViewerHoverManager.java:168)

!ENTRY org.python.pydev.shared_core 4 4 2015-10-03 00:38:05.316
!MESSAGE ERROR reading shell.
ProcessInfo:

 - Executed: /usr/bin/python2.7 -u /Users/ranuva/.p2/pool/plugins/org.python.pydev_4.3.0.201508182223/pysrc/pycompletionserver.py 52708

 - Environment:
APP_ICON_24385=../Resources/Eclipse.icns
APP_ICON_24402=../Resources/Eclipse.icns
Apple_PubSub_Socket_Render=/private/tmp/com.apple.launchd.BGDQqQ2Vfd/Render
HOME=/Users/ranuva
JAVA_STARTED_ON_FIRST_THREAD_24385=1
JAVA_STARTED_ON_FIRST_THREAD_24402=1
LOGNAME=ranuva
PATH=/usr/bin:/bin:/usr/sbin:/sbin
PYTHONPATH=/Users/ranuva/.p2/pool/plugins/org.python.pydev_4.3.0.201508182223/pysrc/pydev_sitecustomize:/System/Library/Frameworks/Python.framework/Versions/2.7/lib/python2.7:/System/Library/Frameworks/Python.framework/Versions/2.7/lib/python2.7/plat-darwin:/System/Library/Frameworks/Python.framework/Versions/2.7/lib/python2.7/plat-mac:/System/Library/Frameworks/Python.framework/Versions/2.7/lib/python2.7/plat-mac/lib-scriptpackages:/System/Library/Frameworks/Python.framework/Versions/2.7/Extras/lib/python:/System/Library/Frameworks/Python.framework/Versions/2.7/lib/python2.7/lib-tk:/System/Library/Frameworks/Python.framework/Versions/2.7/lib/python2.7/lib-dynload:/System/Library/Frameworks/Python.framework/Versions/2.7/Extras/lib/python/PyObjC:/Library/Python/2.7/site-packages
SHELL=/bin/bash
SSH_AUTH_SOCK=/private/tmp/com.apple.launchd.zFd1nXJO8Z/Listeners
TMPDIR=/var/folders/zw/62zsdyvd37n6wn7_4xhppct00000gn/T/
USER=ranuva
XPC_FLAGS=0x0
XPC_SERVICE_NAME=0
__CF_USER_TEXT_ENCODING=0x1F5:0x0:0x0

 - Working Dir:
/Users/ranuva/.p2/pool/plugins/org.python.pydev_4.3.0.201508182223/pysrc

 - OS:
Mac OS X

 - Std output:


 - Err output:

!STACK 0
java.nio.channels.ClosedByInterruptException
	at java.nio.channels.spi.AbstractInterruptibleChannel.end(AbstractInterruptibleChannel.java:202)
	at sun.nio.ch.SocketChannelImpl.write(SocketChannelImpl.java:478)
	at java.nio.channels.Channels.writeFullyImpl(Channels.java:78)
	at java.nio.channels.Channels.writeFully(Channels.java:98)
	at java.nio.channels.Channels.access$000(Channels.java:61)
	at java.nio.channels.Channels$1.write(Channels.java:174)
	at java.io.OutputStream.write(OutputStream.java:75)
	at org.python.pydev.editor.codecompletion.shell.AbstractShell.write(AbstractShell.java:544)
	at org.python.pydev.editor.codecompletion.shell.AbstractShell.writeAndGetResults(AbstractShell.java:691)
	at org.python.pydev.editor.codecompletion.shell.AbstractShell.getImportCompletions(AbstractShell.java:756)
	at org.python.pydev.editor.codecompletion.revisited.modules.CompiledModule.createTokensFromServer(CompiledModule.java:362)
	at org.python.pydev.editor.codecompletion.revisited.modules.CompiledModule.<init>(CompiledModule.java:167)
	at org.python.pydev.editor.codecompletion.revisited.SystemModulesManager.getBuiltinModule(SystemModulesManager.java:296)
	at org.python.pydev.editor.codecompletion.revisited.SystemModulesManager.getBuiltinModule(SystemModulesManager.java:1)
	at org.python.pydev.editor.codecompletion.revisited.ProjectModulesManager.getModuleAndRelatedModulesManager(ProjectModulesManager.java:193)
	at org.python.pydev.editor.codecompletion.revisited.ProjectModulesManager.getModule(ProjectModulesManager.java:173)
	at org.python.pydev.editor.codecompletion.revisited.AbstractASTManager.getModule(AbstractASTManager.java:451)
	at org.python.pydev.editor.codecompletion.revisited.AbstractASTManager.getCompletionsForWildImport(AbstractASTManager.java:1735)
	at org.python.pydev.editor.codecompletion.revisited.AbstractASTManager.getGlobalCompletions(AbstractASTManager.java:1580)
	at org.python.pydev.editor.codecompletion.revisited.AbstractASTManager.internalGenerateGetCompletionsForModule(AbstractASTManager.java:681)
	at org.python.pydev.editor.codecompletion.revisited.AbstractASTManager.getCompletionsForModule(AbstractASTManager.java:559)
	at org.python.pydev.editor.codecompletion.revisited.AbstractASTManager.getCompletionsForModule(AbstractASTManager.java:528)
	at org.python.pydev.editor.codecompletion.revisited.AbstractASTManager.getCompletionsForModule(AbstractASTManager.java:520)
	at org.python.pydev.editor.codecompletion.revisited.modules.SourceModule.findGlobalTokDef(SourceModule.java:1021)
	at org.python.pydev.editor.codecompletion.revisited.modules.SourceModule.findDefinitionsFromModAndTok(SourceModule.java:970)
	at org.python.pydev.editor.codecompletion.revisited.modules.SourceModule.findDefinition(SourceModule.java:952)
	at org.python.pydev.editor.codecompletion.revisited.modules.SourceModule.findDefinition(SourceModule.java:665)
	at org.python.pydev.editor.codecompletion.revisited.modules.SourceModule.findDefinition(SourceModule.java:1)
	at org.python.pydev.editor.codecompletion.revisited.modules.CompiledModule.findDefinition(CompiledModule.java:640)
	at org.python.pydev.editor.codecompletion.revisited.modules.CompiledModule.findDefinition(CompiledModule.java:1)
	at org.python.pydev.editor.codecompletion.revisited.modules.SourceModule.findGlobalTokDef(SourceModule.java:1097)
	at org.python.pydev.editor.codecompletion.revisited.modules.SourceModule.findDefinitionsFromModAndTok(SourceModule.java:970)
	at org.python.pydev.editor.codecompletion.revisited.modules.SourceModule.findDefinition(SourceModule.java:952)
	at org.python.pydev.editor.codecompletion.revisited.modules.SourceModule.findDefinition(SourceModule.java:665)
	at org.python.pydev.editor.codecompletion.revisited.modules.SourceModule.findDefinition(SourceModule.java:1)
	at org.python.pydev.editor.codecompletion.revisited.modules.CompiledModule.findDefinition(CompiledModule.java:640)
	at org.python.pydev.editor.codecompletion.revisited.modules.CompiledModule.findDefinition(CompiledModule.java:1)
	at org.python.pydev.editor.codecompletion.revisited.modules.SourceModule.findDefinition(SourceModule.java:934)
	at org.python.pydev.editor.codecompletion.revisited.modules.SourceModule.findDefinition(SourceModule.java:665)
	at org.python.pydev.editor.codecompletion.revisited.modules.SourceModule.findDefinition(SourceModule.java:1)
	at org.python.pydev.editor.refactoring.PyRefactoringFindDefinition.findActualDefinition(PyRefactoringFindDefinition.java:182)
	at org.python.pydev.editor.refactoring.PyRefactoringFindDefinition.findActualDefinition(PyRefactoringFindDefinition.java:81)
	at org.python.pydev.editor.hover.PyTextHover.getDocstringHover(PyTextHover.java:200)
	at org.python.pydev.editor.hover.PyTextHover.getHoverInfo(PyTextHover.java:144)
	at org.eclipse.jface.text.TextViewerHoverManager$4.run(TextViewerHoverManager.java:168)

!ENTRY org.python.pydev.shared_core 4 4 2015-10-03 00:47:28.721
!MESSAGE Unhandled: ExtSlice[dims=[Index[value=Compare[left=Name[id=y, ctx=Load, reserved=false], ops=[Eq], comparators=[UnaryOp[op=USub, operand=Num[n=1, type=Int, num=1]]]]], Slice[lower=null, upper=null, step=null]]]
!STACK 0
java.lang.RuntimeException: Unhandled: ExtSlice[dims=[Index[value=Compare[left=Name[id=y, ctx=Load, reserved=false], ops=[Eq], comparators=[UnaryOp[op=USub, operand=Num[n=1, type=Int, num=1]]]]], Slice[lower=null, upper=null, step=null]]]
	at org.python.pydev.parser.prettyprinterv2.MakeAstValidForPrettyPrintingVisitor.unhandled_node(MakeAstValidForPrettyPrintingVisitor.java:105)
	at org.python.pydev.parser.jython.ast.VisitorBase.visitExtSlice(VisitorBase.java:345)
	at org.python.pydev.parser.jython.ast.ExtSlice.accept(ExtSlice.java:79)
	at org.python.pydev.parser.prettyprinterv2.MakeAstValidForPrettyPrintingVisitor.visitSubscript(MakeAstValidForPrettyPrintingVisitor.java:933)
	at org.python.pydev.parser.jython.ast.Subscript.accept(Subscript.java:93)
	at org.python.pydev.parser.prettyprinterv2.MakeAstValidForPrettyPrintingVisitor.visitAssign(MakeAstValidForPrettyPrintingVisitor.java:184)
	at org.python.pydev.parser.jython.ast.Assign.accept(Assign.java:90)
	at org.python.pydev.parser.prettyprinterv2.MakeAstValidForPrettyPrintingVisitor.makeValid(MakeAstValidForPrettyPrintingVisitor.java:171)
	at org.python.pydev.editor.hover.PyTextHover.getDocstringHover(PyTextHover.java:232)
	at org.python.pydev.editor.hover.PyTextHover.getHoverInfo(PyTextHover.java:144)
	at org.eclipse.jface.text.TextViewerHoverManager$4.run(TextViewerHoverManager.java:168)

!ENTRY org.python.pydev.shared_core 4 4 2015-10-03 00:47:28.723
!MESSAGE String index out of range: -4
!STACK 0
java.lang.StringIndexOutOfBoundsException: String index out of range: -4
	at org.python.pydev.shared_core.string.FastStringBuffer.delete(FastStringBuffer.java:520)
	at org.python.pydev.parser.prettyprinterv2.WriteStateV2.dedent(WriteStateV2.java:64)
	at org.python.pydev.parser.prettyprinterv2.PrettyPrinterV2.writeLinePart(PrettyPrinterV2.java:241)
	at org.python.pydev.parser.prettyprinterv2.PrettyPrinterV2.print(PrettyPrinterV2.java:163)
	at org.python.pydev.editor.hover.PyTextHover.printAst(PyTextHover.java:321)
	at org.python.pydev.editor.hover.PyTextHover.getDocstringHover(PyTextHover.java:274)
	at org.python.pydev.editor.hover.PyTextHover.getHoverInfo(PyTextHover.java:144)
	at org.eclipse.jface.text.TextViewerHoverManager$4.run(TextViewerHoverManager.java:168)

!ENTRY org.python.pydev.shared_core 4 4 2015-10-03 01:22:40.253
!MESSAGE Unhandled: ExtSlice[dims=[Index[value=Compare[left=Name[id=y, ctx=Load, reserved=false], ops=[Eq], comparators=[UnaryOp[op=USub, operand=Num[n=1, type=Int, num=1]]]]], Slice[lower=null, upper=null, step=null]]]
!STACK 0
java.lang.RuntimeException: Unhandled: ExtSlice[dims=[Index[value=Compare[left=Name[id=y, ctx=Load, reserved=false], ops=[Eq], comparators=[UnaryOp[op=USub, operand=Num[n=1, type=Int, num=1]]]]], Slice[lower=null, upper=null, step=null]]]
	at org.python.pydev.parser.prettyprinterv2.MakeAstValidForPrettyPrintingVisitor.unhandled_node(MakeAstValidForPrettyPrintingVisitor.java:105)
	at org.python.pydev.parser.jython.ast.VisitorBase.visitExtSlice(VisitorBase.java:345)
	at org.python.pydev.parser.jython.ast.ExtSlice.accept(ExtSlice.java:79)
	at org.python.pydev.parser.prettyprinterv2.MakeAstValidForPrettyPrintingVisitor.visitSubscript(MakeAstValidForPrettyPrintingVisitor.java:933)
	at org.python.pydev.parser.jython.ast.Subscript.accept(Subscript.java:93)
	at org.python.pydev.parser.prettyprinterv2.MakeAstValidForPrettyPrintingVisitor.visitAssign(MakeAstValidForPrettyPrintingVisitor.java:184)
	at org.python.pydev.parser.jython.ast.Assign.accept(Assign.java:90)
	at org.python.pydev.parser.prettyprinterv2.MakeAstValidForPrettyPrintingVisitor.makeValid(MakeAstValidForPrettyPrintingVisitor.java:171)
	at org.python.pydev.editor.hover.PyTextHover.getDocstringHover(PyTextHover.java:232)
	at org.python.pydev.editor.hover.PyTextHover.getHoverInfo(PyTextHover.java:144)
	at org.eclipse.jface.text.TextViewerHoverManager$4.run(TextViewerHoverManager.java:168)

!ENTRY org.python.pydev.shared_core 4 4 2015-10-03 01:22:40.255
!MESSAGE String index out of range: -4
!STACK 0
java.lang.StringIndexOutOfBoundsException: String index out of range: -4
	at org.python.pydev.shared_core.string.FastStringBuffer.delete(FastStringBuffer.java:520)
	at org.python.pydev.parser.prettyprinterv2.WriteStateV2.dedent(WriteStateV2.java:64)
	at org.python.pydev.parser.prettyprinterv2.PrettyPrinterV2.writeLinePart(PrettyPrinterV2.java:241)
	at org.python.pydev.parser.prettyprinterv2.PrettyPrinterV2.print(PrettyPrinterV2.java:163)
	at org.python.pydev.editor.hover.PyTextHover.printAst(PyTextHover.java:321)
	at org.python.pydev.editor.hover.PyTextHover.getDocstringHover(PyTextHover.java:274)
	at org.python.pydev.editor.hover.PyTextHover.getHoverInfo(PyTextHover.java:144)
	at org.eclipse.jface.text.TextViewerHoverManager$4.run(TextViewerHoverManager.java:168)

!ENTRY org.python.pydev.shared_core 4 4 2015-10-03 01:24:35.834
!MESSAGE Unhandled: ExtSlice[dims=[Index[value=Compare[left=Name[id=y, ctx=Load, reserved=false], ops=[Eq], comparators=[UnaryOp[op=USub, operand=Num[n=1, type=Int, num=1]]]]], Slice[lower=null, upper=null, step=null]]]
!STACK 0
java.lang.RuntimeException: Unhandled: ExtSlice[dims=[Index[value=Compare[left=Name[id=y, ctx=Load, reserved=false], ops=[Eq], comparators=[UnaryOp[op=USub, operand=Num[n=1, type=Int, num=1]]]]], Slice[lower=null, upper=null, step=null]]]
	at org.python.pydev.parser.prettyprinterv2.MakeAstValidForPrettyPrintingVisitor.unhandled_node(MakeAstValidForPrettyPrintingVisitor.java:105)
	at org.python.pydev.parser.jython.ast.VisitorBase.visitExtSlice(VisitorBase.java:345)
	at org.python.pydev.parser.jython.ast.ExtSlice.accept(ExtSlice.java:79)
	at org.python.pydev.parser.prettyprinterv2.MakeAstValidForPrettyPrintingVisitor.visitSubscript(MakeAstValidForPrettyPrintingVisitor.java:933)
	at org.python.pydev.parser.jython.ast.Subscript.accept(Subscript.java:93)
	at org.python.pydev.parser.prettyprinterv2.MakeAstValidForPrettyPrintingVisitor.visitAssign(MakeAstValidForPrettyPrintingVisitor.java:184)
	at org.python.pydev.parser.jython.ast.Assign.accept(Assign.java:90)
	at org.python.pydev.parser.prettyprinterv2.MakeAstValidForPrettyPrintingVisitor.makeValid(MakeAstValidForPrettyPrintingVisitor.java:171)
	at org.python.pydev.editor.hover.PyTextHover.getDocstringHover(PyTextHover.java:232)
	at org.python.pydev.editor.hover.PyTextHover.getHoverInfo(PyTextHover.java:144)
	at org.eclipse.jface.text.TextViewerHoverManager$4.run(TextViewerHoverManager.java:168)

!ENTRY org.python.pydev.shared_core 4 4 2015-10-03 01:24:35.836
!MESSAGE String index out of range: -4
!STACK 0
java.lang.StringIndexOutOfBoundsException: String index out of range: -4
	at org.python.pydev.shared_core.string.FastStringBuffer.delete(FastStringBuffer.java:520)
	at org.python.pydev.parser.prettyprinterv2.WriteStateV2.dedent(WriteStateV2.java:64)
	at org.python.pydev.parser.prettyprinterv2.PrettyPrinterV2.writeLinePart(PrettyPrinterV2.java:241)
	at org.python.pydev.parser.prettyprinterv2.PrettyPrinterV2.print(PrettyPrinterV2.java:163)
	at org.python.pydev.editor.hover.PyTextHover.printAst(PyTextHover.java:321)
	at org.python.pydev.editor.hover.PyTextHover.getDocstringHover(PyTextHover.java:274)
	at org.python.pydev.editor.hover.PyTextHover.getHoverInfo(PyTextHover.java:144)
	at org.eclipse.jface.text.TextViewerHoverManager$4.run(TextViewerHoverManager.java:168)

!ENTRY org.python.pydev.shared_core 4 4 2015-10-03 12:18:02.702
!MESSAGE Unhandled: ExtSlice[dims=[Index[value=Compare[left=Name[id=y, ctx=Load, reserved=false], ops=[Eq], comparators=[UnaryOp[op=USub, operand=Num[n=1, type=Int, num=1]]]]], Slice[lower=null, upper=null, step=null]]]
!STACK 0
java.lang.RuntimeException: Unhandled: ExtSlice[dims=[Index[value=Compare[left=Name[id=y, ctx=Load, reserved=false], ops=[Eq], comparators=[UnaryOp[op=USub, operand=Num[n=1, type=Int, num=1]]]]], Slice[lower=null, upper=null, step=null]]]
	at org.python.pydev.parser.prettyprinterv2.MakeAstValidForPrettyPrintingVisitor.unhandled_node(MakeAstValidForPrettyPrintingVisitor.java:105)
	at org.python.pydev.parser.jython.ast.VisitorBase.visitExtSlice(VisitorBase.java:345)
	at org.python.pydev.parser.jython.ast.ExtSlice.accept(ExtSlice.java:79)
	at org.python.pydev.parser.prettyprinterv2.MakeAstValidForPrettyPrintingVisitor.visitSubscript(MakeAstValidForPrettyPrintingVisitor.java:933)
	at org.python.pydev.parser.jython.ast.Subscript.accept(Subscript.java:93)
	at org.python.pydev.parser.prettyprinterv2.MakeAstValidForPrettyPrintingVisitor.visitAssign(MakeAstValidForPrettyPrintingVisitor.java:184)
	at org.python.pydev.parser.jython.ast.Assign.accept(Assign.java:90)
	at org.python.pydev.parser.prettyprinterv2.MakeAstValidForPrettyPrintingVisitor.makeValid(MakeAstValidForPrettyPrintingVisitor.java:171)
	at org.python.pydev.editor.hover.PyTextHover.getDocstringHover(PyTextHover.java:232)
	at org.python.pydev.editor.hover.PyTextHover.getHoverInfo(PyTextHover.java:144)
	at org.eclipse.jface.text.TextViewerHoverManager$4.run(TextViewerHoverManager.java:168)

!ENTRY org.python.pydev.shared_core 4 4 2015-10-03 12:18:02.705
!MESSAGE String index out of range: -4
!STACK 0
java.lang.StringIndexOutOfBoundsException: String index out of range: -4
	at org.python.pydev.shared_core.string.FastStringBuffer.delete(FastStringBuffer.java:520)
	at org.python.pydev.parser.prettyprinterv2.WriteStateV2.dedent(WriteStateV2.java:64)
	at org.python.pydev.parser.prettyprinterv2.PrettyPrinterV2.writeLinePart(PrettyPrinterV2.java:241)
	at org.python.pydev.parser.prettyprinterv2.PrettyPrinterV2.print(PrettyPrinterV2.java:163)
	at org.python.pydev.editor.hover.PyTextHover.printAst(PyTextHover.java:321)
	at org.python.pydev.editor.hover.PyTextHover.getDocstringHover(PyTextHover.java:274)
	at org.python.pydev.editor.hover.PyTextHover.getHoverInfo(PyTextHover.java:144)
	at org.eclipse.jface.text.TextViewerHoverManager$4.run(TextViewerHoverManager.java:168)

!ENTRY org.python.pydev.shared_core 4 4 2015-10-03 14:40:32.400
!MESSAGE Unhandled: ExtSlice[dims=[Index[value=Compare[left=Name[id=y, ctx=Load, reserved=false], ops=[Eq], comparators=[UnaryOp[op=USub, operand=Num[n=1, type=Int, num=1]]]]], Slice[lower=null, upper=null, step=null]]]
!STACK 0
java.lang.RuntimeException: Unhandled: ExtSlice[dims=[Index[value=Compare[left=Name[id=y, ctx=Load, reserved=false], ops=[Eq], comparators=[UnaryOp[op=USub, operand=Num[n=1, type=Int, num=1]]]]], Slice[lower=null, upper=null, step=null]]]
	at org.python.pydev.parser.prettyprinterv2.MakeAstValidForPrettyPrintingVisitor.unhandled_node(MakeAstValidForPrettyPrintingVisitor.java:105)
	at org.python.pydev.parser.jython.ast.VisitorBase.visitExtSlice(VisitorBase.java:345)
	at org.python.pydev.parser.jython.ast.ExtSlice.accept(ExtSlice.java:79)
	at org.python.pydev.parser.prettyprinterv2.MakeAstValidForPrettyPrintingVisitor.visitSubscript(MakeAstValidForPrettyPrintingVisitor.java:933)
	at org.python.pydev.parser.jython.ast.Subscript.accept(Subscript.java:93)
	at org.python.pydev.parser.prettyprinterv2.MakeAstValidForPrettyPrintingVisitor.visitAssign(MakeAstValidForPrettyPrintingVisitor.java:184)
	at org.python.pydev.parser.jython.ast.Assign.accept(Assign.java:90)
	at org.python.pydev.parser.prettyprinterv2.MakeAstValidForPrettyPrintingVisitor.makeValid(MakeAstValidForPrettyPrintingVisitor.java:171)
	at org.python.pydev.editor.hover.PyTextHover.getDocstringHover(PyTextHover.java:232)
	at org.python.pydev.editor.hover.PyTextHover.getHoverInfo(PyTextHover.java:144)
	at org.eclipse.jface.text.TextViewerHoverManager$4.run(TextViewerHoverManager.java:168)

!ENTRY org.python.pydev.shared_core 4 4 2015-10-03 14:40:32.402
!MESSAGE String index out of range: -4
!STACK 0
java.lang.StringIndexOutOfBoundsException: String index out of range: -4
	at org.python.pydev.shared_core.string.FastStringBuffer.delete(FastStringBuffer.java:520)
	at org.python.pydev.parser.prettyprinterv2.WriteStateV2.dedent(WriteStateV2.java:64)
	at org.python.pydev.parser.prettyprinterv2.PrettyPrinterV2.writeLinePart(PrettyPrinterV2.java:241)
	at org.python.pydev.parser.prettyprinterv2.PrettyPrinterV2.print(PrettyPrinterV2.java:163)
	at org.python.pydev.editor.hover.PyTextHover.printAst(PyTextHover.java:321)
	at org.python.pydev.editor.hover.PyTextHover.getDocstringHover(PyTextHover.java:274)
	at org.python.pydev.editor.hover.PyTextHover.getHoverInfo(PyTextHover.java:144)
	at org.eclipse.jface.text.TextViewerHoverManager$4.run(TextViewerHoverManager.java:168)

!ENTRY org.python.pydev.shared_core 4 4 2015-10-03 14:40:59.704
!MESSAGE Unhandled: ExtSlice[dims=[Index[value=Compare[left=Name[id=y, ctx=Load, reserved=false], ops=[Eq], comparators=[UnaryOp[op=USub, operand=Num[n=1, type=Int, num=1]]]]], Slice[lower=null, upper=null, step=null]]]
!STACK 0
java.lang.RuntimeException: Unhandled: ExtSlice[dims=[Index[value=Compare[left=Name[id=y, ctx=Load, reserved=false], ops=[Eq], comparators=[UnaryOp[op=USub, operand=Num[n=1, type=Int, num=1]]]]], Slice[lower=null, upper=null, step=null]]]
	at org.python.pydev.parser.prettyprinterv2.MakeAstValidForPrettyPrintingVisitor.unhandled_node(MakeAstValidForPrettyPrintingVisitor.java:105)
	at org.python.pydev.parser.jython.ast.VisitorBase.visitExtSlice(VisitorBase.java:345)
	at org.python.pydev.parser.jython.ast.ExtSlice.accept(ExtSlice.java:79)
	at org.python.pydev.parser.prettyprinterv2.MakeAstValidForPrettyPrintingVisitor.visitSubscript(MakeAstValidForPrettyPrintingVisitor.java:933)
	at org.python.pydev.parser.jython.ast.Subscript.accept(Subscript.java:93)
	at org.python.pydev.parser.prettyprinterv2.MakeAstValidForPrettyPrintingVisitor.visitAssign(MakeAstValidForPrettyPrintingVisitor.java:184)
	at org.python.pydev.parser.jython.ast.Assign.accept(Assign.java:90)
	at org.python.pydev.parser.prettyprinterv2.MakeAstValidForPrettyPrintingVisitor.makeValid(MakeAstValidForPrettyPrintingVisitor.java:171)
	at org.python.pydev.editor.hover.PyTextHover.getDocstringHover(PyTextHover.java:232)
	at org.python.pydev.editor.hover.PyTextHover.getHoverInfo(PyTextHover.java:144)
	at org.eclipse.jface.text.TextViewerHoverManager$4.run(TextViewerHoverManager.java:168)

!ENTRY org.python.pydev.shared_core 4 4 2015-10-03 14:40:59.706
!MESSAGE String index out of range: -4
!STACK 0
java.lang.StringIndexOutOfBoundsException: String index out of range: -4
	at org.python.pydev.shared_core.string.FastStringBuffer.delete(FastStringBuffer.java:520)
	at org.python.pydev.parser.prettyprinterv2.WriteStateV2.dedent(WriteStateV2.java:64)
	at org.python.pydev.parser.prettyprinterv2.PrettyPrinterV2.writeLinePart(PrettyPrinterV2.java:241)
	at org.python.pydev.parser.prettyprinterv2.PrettyPrinterV2.print(PrettyPrinterV2.java:163)
	at org.python.pydev.editor.hover.PyTextHover.printAst(PyTextHover.java:321)
	at org.python.pydev.editor.hover.PyTextHover.getDocstringHover(PyTextHover.java:274)
	at org.python.pydev.editor.hover.PyTextHover.getHoverInfo(PyTextHover.java:144)
	at org.eclipse.jface.text.TextViewerHoverManager$4.run(TextViewerHoverManager.java:168)

!ENTRY org.python.pydev.shared_core 4 4 2015-10-03 14:43:14.529
!MESSAGE Unhandled: ExtSlice[dims=[Index[value=Compare[left=Name[id=y, ctx=Load, reserved=false], ops=[Eq], comparators=[UnaryOp[op=USub, operand=Num[n=1, type=Int, num=1]]]]], Slice[lower=null, upper=null, step=null]]]
!STACK 0
java.lang.RuntimeException: Unhandled: ExtSlice[dims=[Index[value=Compare[left=Name[id=y, ctx=Load, reserved=false], ops=[Eq], comparators=[UnaryOp[op=USub, operand=Num[n=1, type=Int, num=1]]]]], Slice[lower=null, upper=null, step=null]]]
	at org.python.pydev.parser.prettyprinterv2.MakeAstValidForPrettyPrintingVisitor.unhandled_node(MakeAstValidForPrettyPrintingVisitor.java:105)
	at org.python.pydev.parser.jython.ast.VisitorBase.visitExtSlice(VisitorBase.java:345)
	at org.python.pydev.parser.jython.ast.ExtSlice.accept(ExtSlice.java:79)
	at org.python.pydev.parser.prettyprinterv2.MakeAstValidForPrettyPrintingVisitor.visitSubscript(MakeAstValidForPrettyPrintingVisitor.java:933)
	at org.python.pydev.parser.jython.ast.Subscript.accept(Subscript.java:93)
	at org.python.pydev.parser.prettyprinterv2.MakeAstValidForPrettyPrintingVisitor.visitAssign(MakeAstValidForPrettyPrintingVisitor.java:184)
	at org.python.pydev.parser.jython.ast.Assign.accept(Assign.java:90)
	at org.python.pydev.parser.prettyprinterv2.MakeAstValidForPrettyPrintingVisitor.makeValid(MakeAstValidForPrettyPrintingVisitor.java:171)
	at org.python.pydev.editor.hover.PyTextHover.getDocstringHover(PyTextHover.java:232)
	at org.python.pydev.editor.hover.PyTextHover.getHoverInfo(PyTextHover.java:144)
	at org.eclipse.jface.text.TextViewerHoverManager$4.run(TextViewerHoverManager.java:168)

!ENTRY org.python.pydev.shared_core 4 4 2015-10-03 14:43:14.530
!MESSAGE String index out of range: -4
!STACK 0
java.lang.StringIndexOutOfBoundsException: String index out of range: -4
	at org.python.pydev.shared_core.string.FastStringBuffer.delete(FastStringBuffer.java:520)
	at org.python.pydev.parser.prettyprinterv2.WriteStateV2.dedent(WriteStateV2.java:64)
	at org.python.pydev.parser.prettyprinterv2.PrettyPrinterV2.writeLinePart(PrettyPrinterV2.java:241)
	at org.python.pydev.parser.prettyprinterv2.PrettyPrinterV2.print(PrettyPrinterV2.java:163)
	at org.python.pydev.editor.hover.PyTextHover.printAst(PyTextHover.java:321)
	at org.python.pydev.editor.hover.PyTextHover.getDocstringHover(PyTextHover.java:274)
	at org.python.pydev.editor.hover.PyTextHover.getHoverInfo(PyTextHover.java:144)
	at org.eclipse.jface.text.TextViewerHoverManager$4.run(TextViewerHoverManager.java:168)

!ENTRY org.python.pydev.shared_core 4 4 2015-10-03 14:44:05.410
!MESSAGE Unhandled: ExtSlice[dims=[Index[value=Compare[left=Name[id=y, ctx=Load, reserved=false], ops=[Eq], comparators=[UnaryOp[op=USub, operand=Num[n=1, type=Int, num=1]]]]], Slice[lower=null, upper=null, step=null]]]
!STACK 0
java.lang.RuntimeException: Unhandled: ExtSlice[dims=[Index[value=Compare[left=Name[id=y, ctx=Load, reserved=false], ops=[Eq], comparators=[UnaryOp[op=USub, operand=Num[n=1, type=Int, num=1]]]]], Slice[lower=null, upper=null, step=null]]]
	at org.python.pydev.parser.prettyprinterv2.MakeAstValidForPrettyPrintingVisitor.unhandled_node(MakeAstValidForPrettyPrintingVisitor.java:105)
	at org.python.pydev.parser.jython.ast.VisitorBase.visitExtSlice(VisitorBase.java:345)
	at org.python.pydev.parser.jython.ast.ExtSlice.accept(ExtSlice.java:79)
	at org.python.pydev.parser.prettyprinterv2.MakeAstValidForPrettyPrintingVisitor.visitSubscript(MakeAstValidForPrettyPrintingVisitor.java:933)
	at org.python.pydev.parser.jython.ast.Subscript.accept(Subscript.java:93)
	at org.python.pydev.parser.prettyprinterv2.MakeAstValidForPrettyPrintingVisitor.visitAssign(MakeAstValidForPrettyPrintingVisitor.java:184)
	at org.python.pydev.parser.jython.ast.Assign.accept(Assign.java:90)
	at org.python.pydev.parser.prettyprinterv2.MakeAstValidForPrettyPrintingVisitor.makeValid(MakeAstValidForPrettyPrintingVisitor.java:171)
	at org.python.pydev.editor.hover.PyTextHover.getDocstringHover(PyTextHover.java:232)
	at org.python.pydev.editor.hover.PyTextHover.getHoverInfo(PyTextHover.java:144)
	at org.eclipse.jface.text.TextViewerHoverManager$4.run(TextViewerHoverManager.java:168)

!ENTRY org.python.pydev.shared_core 4 4 2015-10-03 14:44:05.411
!MESSAGE String index out of range: -4
!STACK 0
java.lang.StringIndexOutOfBoundsException: String index out of range: -4
	at org.python.pydev.shared_core.string.FastStringBuffer.delete(FastStringBuffer.java:520)
	at org.python.pydev.parser.prettyprinterv2.WriteStateV2.dedent(WriteStateV2.java:64)
	at org.python.pydev.parser.prettyprinterv2.PrettyPrinterV2.writeLinePart(PrettyPrinterV2.java:241)
	at org.python.pydev.parser.prettyprinterv2.PrettyPrinterV2.print(PrettyPrinterV2.java:163)
	at org.python.pydev.editor.hover.PyTextHover.printAst(PyTextHover.java:321)
	at org.python.pydev.editor.hover.PyTextHover.getDocstringHover(PyTextHover.java:274)
	at org.python.pydev.editor.hover.PyTextHover.getHoverInfo(PyTextHover.java:144)
	at org.eclipse.jface.text.TextViewerHoverManager$4.run(TextViewerHoverManager.java:168)

!ENTRY org.python.pydev.shared_core 4 4 2015-10-03 14:46:08.106
!MESSAGE Unhandled: ExtSlice[dims=[Index[value=Compare[left=Name[id=y, ctx=Load, reserved=false], ops=[Eq], comparators=[UnaryOp[op=USub, operand=Num[n=1, type=Int, num=1]]]]], Slice[lower=null, upper=null, step=null]]]
!STACK 0
java.lang.RuntimeException: Unhandled: ExtSlice[dims=[Index[value=Compare[left=Name[id=y, ctx=Load, reserved=false], ops=[Eq], comparators=[UnaryOp[op=USub, operand=Num[n=1, type=Int, num=1]]]]], Slice[lower=null, upper=null, step=null]]]
	at org.python.pydev.parser.prettyprinterv2.MakeAstValidForPrettyPrintingVisitor.unhandled_node(MakeAstValidForPrettyPrintingVisitor.java:105)
	at org.python.pydev.parser.jython.ast.VisitorBase.visitExtSlice(VisitorBase.java:345)
	at org.python.pydev.parser.jython.ast.ExtSlice.accept(ExtSlice.java:79)
	at org.python.pydev.parser.prettyprinterv2.MakeAstValidForPrettyPrintingVisitor.visitSubscript(MakeAstValidForPrettyPrintingVisitor.java:933)
	at org.python.pydev.parser.jython.ast.Subscript.accept(Subscript.java:93)
	at org.python.pydev.parser.prettyprinterv2.MakeAstValidForPrettyPrintingVisitor.visitAssign(MakeAstValidForPrettyPrintingVisitor.java:184)
	at org.python.pydev.parser.jython.ast.Assign.accept(Assign.java:90)
	at org.python.pydev.parser.prettyprinterv2.MakeAstValidForPrettyPrintingVisitor.makeValid(MakeAstValidForPrettyPrintingVisitor.java:171)
	at org.python.pydev.editor.hover.PyTextHover.getDocstringHover(PyTextHover.java:232)
	at org.python.pydev.editor.hover.PyTextHover.getHoverInfo(PyTextHover.java:144)
	at org.eclipse.jface.text.TextViewerHoverManager$4.run(TextViewerHoverManager.java:168)

!ENTRY org.python.pydev.shared_core 4 4 2015-10-03 14:46:08.107
!MESSAGE String index out of range: -4
!STACK 0
java.lang.StringIndexOutOfBoundsException: String index out of range: -4
	at org.python.pydev.shared_core.string.FastStringBuffer.delete(FastStringBuffer.java:520)
	at org.python.pydev.parser.prettyprinterv2.WriteStateV2.dedent(WriteStateV2.java:64)
	at org.python.pydev.parser.prettyprinterv2.PrettyPrinterV2.writeLinePart(PrettyPrinterV2.java:241)
	at org.python.pydev.parser.prettyprinterv2.PrettyPrinterV2.print(PrettyPrinterV2.java:163)
	at org.python.pydev.editor.hover.PyTextHover.printAst(PyTextHover.java:321)
	at org.python.pydev.editor.hover.PyTextHover.getDocstringHover(PyTextHover.java:274)
	at org.python.pydev.editor.hover.PyTextHover.getHoverInfo(PyTextHover.java:144)
	at org.eclipse.jface.text.TextViewerHoverManager$4.run(TextViewerHoverManager.java:168)

!ENTRY org.python.pydev.shared_core 4 4 2015-10-03 14:46:23.930
!MESSAGE Unhandled: ExtSlice[dims=[Index[value=Compare[left=Name[id=y, ctx=Load, reserved=false], ops=[Eq], comparators=[Num[n=1, type=Int, num=1]]]], Slice[lower=null, upper=null, step=null]]]
!STACK 0
java.lang.RuntimeException: Unhandled: ExtSlice[dims=[Index[value=Compare[left=Name[id=y, ctx=Load, reserved=false], ops=[Eq], comparators=[Num[n=1, type=Int, num=1]]]], Slice[lower=null, upper=null, step=null]]]
	at org.python.pydev.parser.prettyprinterv2.MakeAstValidForPrettyPrintingVisitor.unhandled_node(MakeAstValidForPrettyPrintingVisitor.java:105)
	at org.python.pydev.parser.jython.ast.VisitorBase.visitExtSlice(VisitorBase.java:345)
	at org.python.pydev.parser.jython.ast.ExtSlice.accept(ExtSlice.java:79)
	at org.python.pydev.parser.prettyprinterv2.MakeAstValidForPrettyPrintingVisitor.visitSubscript(MakeAstValidForPrettyPrintingVisitor.java:933)
	at org.python.pydev.parser.jython.ast.Subscript.accept(Subscript.java:93)
	at org.python.pydev.parser.prettyprinterv2.MakeAstValidForPrettyPrintingVisitor.visitAssign(MakeAstValidForPrettyPrintingVisitor.java:184)
	at org.python.pydev.parser.jython.ast.Assign.accept(Assign.java:90)
	at org.python.pydev.parser.prettyprinterv2.MakeAstValidForPrettyPrintingVisitor.makeValid(MakeAstValidForPrettyPrintingVisitor.java:171)
	at org.python.pydev.editor.hover.PyTextHover.getDocstringHover(PyTextHover.java:232)
	at org.python.pydev.editor.hover.PyTextHover.getHoverInfo(PyTextHover.java:144)
	at org.eclipse.jface.text.TextViewerHoverManager$4.run(TextViewerHoverManager.java:168)

!ENTRY org.python.pydev.shared_core 4 4 2015-10-03 16:31:34.830
!MESSAGE Unhandled: ExtSlice[dims=[Index[value=Compare[left=Name[id=y, ctx=Load, reserved=false], ops=[Eq], comparators=[UnaryOp[op=USub, operand=Num[n=1, type=Int, num=1]]]]], Slice[lower=null, upper=null, step=null]]]
!STACK 0
java.lang.RuntimeException: Unhandled: ExtSlice[dims=[Index[value=Compare[left=Name[id=y, ctx=Load, reserved=false], ops=[Eq], comparators=[UnaryOp[op=USub, operand=Num[n=1, type=Int, num=1]]]]], Slice[lower=null, upper=null, step=null]]]
	at org.python.pydev.parser.prettyprinterv2.MakeAstValidForPrettyPrintingVisitor.unhandled_node(MakeAstValidForPrettyPrintingVisitor.java:105)
	at org.python.pydev.parser.jython.ast.VisitorBase.visitExtSlice(VisitorBase.java:345)
	at org.python.pydev.parser.jython.ast.ExtSlice.accept(ExtSlice.java:79)
	at org.python.pydev.parser.prettyprinterv2.MakeAstValidForPrettyPrintingVisitor.visitSubscript(MakeAstValidForPrettyPrintingVisitor.java:933)
	at org.python.pydev.parser.jython.ast.Subscript.accept(Subscript.java:93)
	at org.python.pydev.parser.prettyprinterv2.MakeAstValidForPrettyPrintingVisitor.visitAssign(MakeAstValidForPrettyPrintingVisitor.java:184)
	at org.python.pydev.parser.jython.ast.Assign.accept(Assign.java:90)
	at org.python.pydev.parser.prettyprinterv2.MakeAstValidForPrettyPrintingVisitor.visitFunctionDef(MakeAstValidForPrettyPrintingVisitor.java:862)
	at org.python.pydev.parser.jython.ast.FunctionDef.accept(FunctionDef.java:131)
	at org.python.pydev.parser.prettyprinterv2.MakeAstValidForPrettyPrintingVisitor.makeValid(MakeAstValidForPrettyPrintingVisitor.java:171)
	at org.python.pydev.editor.hover.PyTextHover.getDocstringHover(PyTextHover.java:232)
	at org.python.pydev.editor.hover.PyTextHover.getHoverInfo(PyTextHover.java:144)
	at org.eclipse.jface.text.TextViewerHoverManager$4.run(TextViewerHoverManager.java:168)

!ENTRY org.python.pydev.shared_core 4 4 2015-10-03 17:35:52.595
!MESSAGE Unhandled: ExtSlice[dims=[Index[value=Compare[left=Name[id=y, ctx=Load, reserved=false], ops=[Eq], comparators=[Num[n=1, type=Int, num=1]]]], Slice[lower=null, upper=null, step=null]]]
!STACK 0
java.lang.RuntimeException: Unhandled: ExtSlice[dims=[Index[value=Compare[left=Name[id=y, ctx=Load, reserved=false], ops=[Eq], comparators=[Num[n=1, type=Int, num=1]]]], Slice[lower=null, upper=null, step=null]]]
	at org.python.pydev.parser.prettyprinterv2.MakeAstValidForPrettyPrintingVisitor.unhandled_node(MakeAstValidForPrettyPrintingVisitor.java:105)
	at org.python.pydev.parser.jython.ast.VisitorBase.visitExtSlice(VisitorBase.java:345)
	at org.python.pydev.parser.jython.ast.ExtSlice.accept(ExtSlice.java:79)
	at org.python.pydev.parser.prettyprinterv2.MakeAstValidForPrettyPrintingVisitor.visitSubscript(MakeAstValidForPrettyPrintingVisitor.java:933)
	at org.python.pydev.parser.jython.ast.Subscript.accept(Subscript.java:93)
	at org.python.pydev.parser.prettyprinterv2.MakeAstValidForPrettyPrintingVisitor.visitAssign(MakeAstValidForPrettyPrintingVisitor.java:184)
	at org.python.pydev.parser.jython.ast.Assign.accept(Assign.java:90)
	at org.python.pydev.parser.prettyprinterv2.MakeAstValidForPrettyPrintingVisitor.makeValid(MakeAstValidForPrettyPrintingVisitor.java:171)
	at org.python.pydev.editor.hover.PyTextHover.getDocstringHover(PyTextHover.java:232)
	at org.python.pydev.editor.hover.PyTextHover.getHoverInfo(PyTextHover.java:144)
	at org.eclipse.jface.text.TextViewerHoverManager$4.run(TextViewerHoverManager.java:168)

!ENTRY org.python.pydev.shared_core 4 4 2015-10-03 17:35:52.598
!MESSAGE String index out of range: -4
!STACK 0
java.lang.StringIndexOutOfBoundsException: String index out of range: -4
	at org.python.pydev.shared_core.string.FastStringBuffer.delete(FastStringBuffer.java:520)
	at org.python.pydev.parser.prettyprinterv2.WriteStateV2.dedent(WriteStateV2.java:64)
	at org.python.pydev.parser.prettyprinterv2.PrettyPrinterV2.writeLinePart(PrettyPrinterV2.java:241)
	at org.python.pydev.parser.prettyprinterv2.PrettyPrinterV2.print(PrettyPrinterV2.java:163)
	at org.python.pydev.editor.hover.PyTextHover.printAst(PyTextHover.java:321)
	at org.python.pydev.editor.hover.PyTextHover.getDocstringHover(PyTextHover.java:274)
	at org.python.pydev.editor.hover.PyTextHover.getHoverInfo(PyTextHover.java:144)
	at org.eclipse.jface.text.TextViewerHoverManager$4.run(TextViewerHoverManager.java:168)

!ENTRY org.python.pydev.shared_core 4 4 2015-10-03 19:58:45.835
!MESSAGE ERROR reading shell.
ProcessInfo:

 - Executed: /usr/bin/python2.7 -u /Users/ranuva/.p2/pool/plugins/org.python.pydev_4.3.0.201508182223/pysrc/pycompletionserver.py 59216

 - Environment:
APP_ICON_24385=../Resources/Eclipse.icns
APP_ICON_24402=../Resources/Eclipse.icns
Apple_PubSub_Socket_Render=/private/tmp/com.apple.launchd.BGDQqQ2Vfd/Render
HOME=/Users/ranuva
JAVA_STARTED_ON_FIRST_THREAD_24385=1
JAVA_STARTED_ON_FIRST_THREAD_24402=1
LOGNAME=ranuva
PATH=/usr/bin:/bin:/usr/sbin:/sbin
PYTHONPATH=/Users/ranuva/.p2/pool/plugins/org.python.pydev_4.3.0.201508182223/pysrc/pydev_sitecustomize:/System/Library/Frameworks/Python.framework/Versions/2.7/lib/python2.7:/System/Library/Frameworks/Python.framework/Versions/2.7/lib/python2.7/plat-darwin:/System/Library/Frameworks/Python.framework/Versions/2.7/lib/python2.7/plat-mac:/System/Library/Frameworks/Python.framework/Versions/2.7/lib/python2.7/plat-mac/lib-scriptpackages:/System/Library/Frameworks/Python.framework/Versions/2.7/Extras/lib/python:/System/Library/Frameworks/Python.framework/Versions/2.7/lib/python2.7/lib-tk:/System/Library/Frameworks/Python.framework/Versions/2.7/lib/python2.7/lib-dynload:/System/Library/Frameworks/Python.framework/Versions/2.7/Extras/lib/python/PyObjC:/Library/Python/2.7/site-packages
SHELL=/bin/bash
SSH_AUTH_SOCK=/private/tmp/com.apple.launchd.zFd1nXJO8Z/Listeners
TMPDIR=/var/folders/zw/62zsdyvd37n6wn7_4xhppct00000gn/T/
USER=ranuva
XPC_FLAGS=0x0
XPC_SERVICE_NAME=0
__CF_USER_TEXT_ENCODING=0x1F5:0x0:0x0

 - Working Dir:
/Users/ranuva/.p2/pool/plugins/org.python.pydev_4.3.0.201508182223/pysrc

 - OS:
Mac OS X

 - Std output:


 - Err output:

!STACK 0
java.nio.channels.ClosedByInterruptException
	at java.nio.channels.spi.AbstractInterruptibleChannel.end(AbstractInterruptibleChannel.java:202)
	at sun.nio.ch.SocketChannelImpl.write(SocketChannelImpl.java:478)
	at java.nio.channels.Channels.writeFullyImpl(Channels.java:78)
	at java.nio.channels.Channels.writeFully(Channels.java:98)
	at java.nio.channels.Channels.access$000(Channels.java:61)
	at java.nio.channels.Channels$1.write(Channels.java:174)
	at java.io.OutputStream.write(OutputStream.java:75)
	at org.python.pydev.editor.codecompletion.shell.AbstractShell.write(AbstractShell.java:544)
	at org.python.pydev.editor.codecompletion.shell.AbstractShell.writeAndGetResults(AbstractShell.java:691)
	at org.python.pydev.editor.codecompletion.shell.AbstractShell.getLineCol(AbstractShell.java:776)
	at org.python.pydev.editor.codecompletion.revisited.modules.CompiledModule.findDefinition(CompiledModule.java:596)
	at org.python.pydev.editor.codecompletion.revisited.modules.CompiledModule.findDefinition(CompiledModule.java:1)
	at org.python.pydev.editor.codecompletion.revisited.modules.SourceModule.findGlobalTokDef(SourceModule.java:1097)
	at org.python.pydev.editor.codecompletion.revisited.modules.SourceModule.findDefinitionsFromModAndTok(SourceModule.java:970)
	at org.python.pydev.editor.codecompletion.revisited.modules.SourceModule.findDefinition(SourceModule.java:952)
	at org.python.pydev.editor.codecompletion.revisited.modules.SourceModule.findDefinition(SourceModule.java:665)
	at org.python.pydev.editor.codecompletion.revisited.modules.SourceModule.findDefinition(SourceModule.java:1)
	at org.python.pydev.editor.refactoring.PyRefactoringFindDefinition.findActualDefinition(PyRefactoringFindDefinition.java:182)
	at org.python.pydev.editor.refactoring.PyRefactoringFindDefinition.findActualDefinition(PyRefactoringFindDefinition.java:81)
	at org.python.pydev.editor.hover.PyTextHover.getDocstringHover(PyTextHover.java:200)
	at org.python.pydev.editor.hover.PyTextHover.getHoverInfo(PyTextHover.java:144)
	at org.eclipse.jface.text.TextViewerHoverManager$4.run(TextViewerHoverManager.java:168)

!ENTRY org.python.pydev.shared_core 4 4 2015-10-04 00:56:24.368
!MESSAGE Unhandled: ExtSlice[dims=[Index[value=Num[n=0, type=Int, num=0]], Index[value=Num[n=0, type=Int, num=0]]]]
!STACK 0
java.lang.RuntimeException: Unhandled: ExtSlice[dims=[Index[value=Num[n=0, type=Int, num=0]], Index[value=Num[n=0, type=Int, num=0]]]]
	at org.python.pydev.parser.prettyprinterv2.MakeAstValidForPrettyPrintingVisitor.unhandled_node(MakeAstValidForPrettyPrintingVisitor.java:105)
	at org.python.pydev.parser.jython.ast.VisitorBase.visitExtSlice(VisitorBase.java:345)
	at org.python.pydev.parser.jython.ast.ExtSlice.accept(ExtSlice.java:79)
	at org.python.pydev.parser.prettyprinterv2.MakeAstValidForPrettyPrintingVisitor.visitSubscript(MakeAstValidForPrettyPrintingVisitor.java:933)
	at org.python.pydev.parser.jython.ast.Subscript.accept(Subscript.java:93)
	at org.python.pydev.parser.prettyprinterv2.MakeAstValidForPrettyPrintingVisitor.visitAssign(MakeAstValidForPrettyPrintingVisitor.java:184)
	at org.python.pydev.parser.jython.ast.Assign.accept(Assign.java:90)
	at org.python.pydev.parser.prettyprinterv2.MakeAstValidForPrettyPrintingVisitor.visitFor(MakeAstValidForPrettyPrintingVisitor.java:457)
	at org.python.pydev.parser.jython.ast.For.accept(For.java:114)
	at org.python.pydev.parser.prettyprinterv2.MakeAstValidForPrettyPrintingVisitor.makeValid(MakeAstValidForPrettyPrintingVisitor.java:171)
	at org.python.pydev.editor.hover.PyTextHover.getDocstringHover(PyTextHover.java:232)
	at org.python.pydev.editor.hover.PyTextHover.getHoverInfo(PyTextHover.java:144)
	at org.eclipse.jface.text.TextViewerHoverManager$4.run(TextViewerHoverManager.java:168)

!ENTRY org.python.pydev.shared_core 4 4 2015-10-04 01:15:43.116
!MESSAGE Unhandled: ExtSlice[dims=[Index[value=Compare[left=Name[id=y, ctx=Load, reserved=false], ops=[Eq], comparators=[UnaryOp[op=USub, operand=Num[n=1, type=Int, num=1]]]]], Slice[lower=null, upper=null, step=null]]]
!STACK 0
java.lang.RuntimeException: Unhandled: ExtSlice[dims=[Index[value=Compare[left=Name[id=y, ctx=Load, reserved=false], ops=[Eq], comparators=[UnaryOp[op=USub, operand=Num[n=1, type=Int, num=1]]]]], Slice[lower=null, upper=null, step=null]]]
	at org.python.pydev.parser.prettyprinterv2.MakeAstValidForPrettyPrintingVisitor.unhandled_node(MakeAstValidForPrettyPrintingVisitor.java:105)
	at org.python.pydev.parser.jython.ast.VisitorBase.visitExtSlice(VisitorBase.java:345)
	at org.python.pydev.parser.jython.ast.ExtSlice.accept(ExtSlice.java:79)
	at org.python.pydev.parser.prettyprinterv2.MakeAstValidForPrettyPrintingVisitor.visitSubscript(MakeAstValidForPrettyPrintingVisitor.java:933)
	at org.python.pydev.parser.jython.ast.Subscript.accept(Subscript.java:93)
	at org.python.pydev.parser.prettyprinterv2.MakeAstValidForPrettyPrintingVisitor.visitAssign(MakeAstValidForPrettyPrintingVisitor.java:184)
	at org.python.pydev.parser.jython.ast.Assign.accept(Assign.java:90)
	at org.python.pydev.parser.prettyprinterv2.MakeAstValidForPrettyPrintingVisitor.makeValid(MakeAstValidForPrettyPrintingVisitor.java:171)
	at org.python.pydev.editor.hover.PyTextHover.getDocstringHover(PyTextHover.java:232)
	at org.python.pydev.editor.hover.PyTextHover.getHoverInfo(PyTextHover.java:144)
	at org.eclipse.jface.text.TextViewerHoverManager$4.run(TextViewerHoverManager.java:168)

!ENTRY org.python.pydev.shared_core 4 4 2015-10-04 01:15:43.118
!MESSAGE String index out of range: -4
!STACK 0
java.lang.StringIndexOutOfBoundsException: String index out of range: -4
	at org.python.pydev.shared_core.string.FastStringBuffer.delete(FastStringBuffer.java:520)
	at org.python.pydev.parser.prettyprinterv2.WriteStateV2.dedent(WriteStateV2.java:64)
	at org.python.pydev.parser.prettyprinterv2.PrettyPrinterV2.writeLinePart(PrettyPrinterV2.java:241)
	at org.python.pydev.parser.prettyprinterv2.PrettyPrinterV2.print(PrettyPrinterV2.java:163)
	at org.python.pydev.editor.hover.PyTextHover.printAst(PyTextHover.java:321)
	at org.python.pydev.editor.hover.PyTextHover.getDocstringHover(PyTextHover.java:274)
	at org.python.pydev.editor.hover.PyTextHover.getHoverInfo(PyTextHover.java:144)
	at org.eclipse.jface.text.TextViewerHoverManager$4.run(TextViewerHoverManager.java:168)

!ENTRY org.python.pydev.shared_core 4 4 2015-10-04 10:18:31.775
!MESSAGE Unhandled: ExtSlice[dims=[Index[value=Num[n=0, type=Int, num=0]], Index[value=Num[n=0, type=Int, num=0]]]]
!STACK 0
java.lang.RuntimeException: Unhandled: ExtSlice[dims=[Index[value=Num[n=0, type=Int, num=0]], Index[value=Num[n=0, type=Int, num=0]]]]
	at org.python.pydev.parser.prettyprinterv2.MakeAstValidForPrettyPrintingVisitor.unhandled_node(MakeAstValidForPrettyPrintingVisitor.java:105)
	at org.python.pydev.parser.jython.ast.VisitorBase.visitExtSlice(VisitorBase.java:345)
	at org.python.pydev.parser.jython.ast.ExtSlice.accept(ExtSlice.java:79)
	at org.python.pydev.parser.prettyprinterv2.MakeAstValidForPrettyPrintingVisitor.visitSubscript(MakeAstValidForPrettyPrintingVisitor.java:933)
	at org.python.pydev.parser.jython.ast.Subscript.accept(Subscript.java:93)
	at org.python.pydev.parser.prettyprinterv2.MakeAstValidForPrettyPrintingVisitor.visitAssign(MakeAstValidForPrettyPrintingVisitor.java:184)
	at org.python.pydev.parser.jython.ast.Assign.accept(Assign.java:90)
	at org.python.pydev.parser.prettyprinterv2.MakeAstValidForPrettyPrintingVisitor.visitFor(MakeAstValidForPrettyPrintingVisitor.java:457)
	at org.python.pydev.parser.jython.ast.For.accept(For.java:114)
	at org.python.pydev.parser.prettyprinterv2.MakeAstValidForPrettyPrintingVisitor.visitFunctionDef(MakeAstValidForPrettyPrintingVisitor.java:862)
	at org.python.pydev.parser.jython.ast.FunctionDef.accept(FunctionDef.java:131)
	at org.python.pydev.parser.prettyprinterv2.MakeAstValidForPrettyPrintingVisitor.makeValid(MakeAstValidForPrettyPrintingVisitor.java:171)
	at org.python.pydev.editor.hover.PyTextHover.getDocstringHover(PyTextHover.java:232)
	at org.python.pydev.editor.hover.PyTextHover.getHoverInfo(PyTextHover.java:144)
	at org.eclipse.jface.text.TextViewerHoverManager$4.run(TextViewerHoverManager.java:168)

!ENTRY org.python.pydev.shared_core 4 4 2015-10-04 22:41:36.943
!MESSAGE Unhandled: ExtSlice[dims=[Index[value=Compare[left=Name[id=y, ctx=Load, reserved=false], ops=[Eq], comparators=[UnaryOp[op=USub, operand=Num[n=1, type=Int, num=1]]]]], Slice[lower=null, upper=null, step=null]]]
!STACK 0
java.lang.RuntimeException: Unhandled: ExtSlice[dims=[Index[value=Compare[left=Name[id=y, ctx=Load, reserved=false], ops=[Eq], comparators=[UnaryOp[op=USub, operand=Num[n=1, type=Int, num=1]]]]], Slice[lower=null, upper=null, step=null]]]
	at org.python.pydev.parser.prettyprinterv2.MakeAstValidForPrettyPrintingVisitor.unhandled_node(MakeAstValidForPrettyPrintingVisitor.java:105)
	at org.python.pydev.parser.jython.ast.VisitorBase.visitExtSlice(VisitorBase.java:345)
	at org.python.pydev.parser.jython.ast.ExtSlice.accept(ExtSlice.java:79)
	at org.python.pydev.parser.prettyprinterv2.MakeAstValidForPrettyPrintingVisitor.visitSubscript(MakeAstValidForPrettyPrintingVisitor.java:933)
	at org.python.pydev.parser.jython.ast.Subscript.accept(Subscript.java:93)
	at org.python.pydev.parser.prettyprinterv2.MakeAstValidForPrettyPrintingVisitor.visitAssign(MakeAstValidForPrettyPrintingVisitor.java:184)
	at org.python.pydev.parser.jython.ast.Assign.accept(Assign.java:90)
	at org.python.pydev.parser.prettyprinterv2.MakeAstValidForPrettyPrintingVisitor.makeValid(MakeAstValidForPrettyPrintingVisitor.java:171)
	at org.python.pydev.editor.hover.PyTextHover.getDocstringHover(PyTextHover.java:232)
	at org.python.pydev.editor.hover.PyTextHover.getHoverInfo(PyTextHover.java:144)
	at org.eclipse.jface.text.TextViewerHoverManager$4.run(TextViewerHoverManager.java:168)

!ENTRY org.python.pydev.shared_core 4 4 2015-10-04 22:41:36.946
!MESSAGE String index out of range: -4
!STACK 0
java.lang.StringIndexOutOfBoundsException: String index out of range: -4
	at org.python.pydev.shared_core.string.FastStringBuffer.delete(FastStringBuffer.java:520)
	at org.python.pydev.parser.prettyprinterv2.WriteStateV2.dedent(WriteStateV2.java:64)
	at org.python.pydev.parser.prettyprinterv2.PrettyPrinterV2.writeLinePart(PrettyPrinterV2.java:241)
	at org.python.pydev.parser.prettyprinterv2.PrettyPrinterV2.print(PrettyPrinterV2.java:163)
	at org.python.pydev.editor.hover.PyTextHover.printAst(PyTextHover.java:321)
	at org.python.pydev.editor.hover.PyTextHover.getDocstringHover(PyTextHover.java:274)
	at org.python.pydev.editor.hover.PyTextHover.getHoverInfo(PyTextHover.java:144)
	at org.eclipse.jface.text.TextViewerHoverManager$4.run(TextViewerHoverManager.java:168)

!ENTRY org.python.pydev.shared_core 4 4 2015-10-04 22:42:00.752
!MESSAGE Unhandled: ExtSlice[dims=[Index[value=Compare[left=Name[id=y, ctx=Load, reserved=false], ops=[Eq], comparators=[UnaryOp[op=USub, operand=Num[n=1, type=Int, num=1]]]]], Slice[lower=null, upper=null, step=null]]]
!STACK 0
java.lang.RuntimeException: Unhandled: ExtSlice[dims=[Index[value=Compare[left=Name[id=y, ctx=Load, reserved=false], ops=[Eq], comparators=[UnaryOp[op=USub, operand=Num[n=1, type=Int, num=1]]]]], Slice[lower=null, upper=null, step=null]]]
	at org.python.pydev.parser.prettyprinterv2.MakeAstValidForPrettyPrintingVisitor.unhandled_node(MakeAstValidForPrettyPrintingVisitor.java:105)
	at org.python.pydev.parser.jython.ast.VisitorBase.visitExtSlice(VisitorBase.java:345)
	at org.python.pydev.parser.jython.ast.ExtSlice.accept(ExtSlice.java:79)
	at org.python.pydev.parser.prettyprinterv2.MakeAstValidForPrettyPrintingVisitor.visitSubscript(MakeAstValidForPrettyPrintingVisitor.java:933)
	at org.python.pydev.parser.jython.ast.Subscript.accept(Subscript.java:93)
	at org.python.pydev.parser.prettyprinterv2.MakeAstValidForPrettyPrintingVisitor.visitAssign(MakeAstValidForPrettyPrintingVisitor.java:184)
	at org.python.pydev.parser.jython.ast.Assign.accept(Assign.java:90)
	at org.python.pydev.parser.prettyprinterv2.MakeAstValidForPrettyPrintingVisitor.makeValid(MakeAstValidForPrettyPrintingVisitor.java:171)
	at org.python.pydev.editor.hover.PyTextHover.getDocstringHover(PyTextHover.java:232)
	at org.python.pydev.editor.hover.PyTextHover.getHoverInfo(PyTextHover.java:144)
	at org.eclipse.jface.text.TextViewerHoverManager$4.run(TextViewerHoverManager.java:168)

!ENTRY org.python.pydev.shared_core 4 4 2015-10-04 22:42:00.755
!MESSAGE String index out of range: -4
!STACK 0
java.lang.StringIndexOutOfBoundsException: String index out of range: -4
	at org.python.pydev.shared_core.string.FastStringBuffer.delete(FastStringBuffer.java:520)
	at org.python.pydev.parser.prettyprinterv2.WriteStateV2.dedent(WriteStateV2.java:64)
	at org.python.pydev.parser.prettyprinterv2.PrettyPrinterV2.writeLinePart(PrettyPrinterV2.java:241)
	at org.python.pydev.parser.prettyprinterv2.PrettyPrinterV2.print(PrettyPrinterV2.java:163)
	at org.python.pydev.editor.hover.PyTextHover.printAst(PyTextHover.java:321)
	at org.python.pydev.editor.hover.PyTextHover.getDocstringHover(PyTextHover.java:274)
	at org.python.pydev.editor.hover.PyTextHover.getHoverInfo(PyTextHover.java:144)
	at org.eclipse.jface.text.TextViewerHoverManager$4.run(TextViewerHoverManager.java:168)

!ENTRY org.python.pydev.shared_core 4 4 2015-10-04 22:43:10.625
!MESSAGE Unhandled: ExtSlice[dims=[Index[value=Compare[left=Name[id=y, ctx=Load, reserved=false], ops=[Eq], comparators=[UnaryOp[op=USub, operand=Num[n=1, type=Int, num=1]]]]], Slice[lower=null, upper=null, step=null]]]
!STACK 0
java.lang.RuntimeException: Unhandled: ExtSlice[dims=[Index[value=Compare[left=Name[id=y, ctx=Load, reserved=false], ops=[Eq], comparators=[UnaryOp[op=USub, operand=Num[n=1, type=Int, num=1]]]]], Slice[lower=null, upper=null, step=null]]]
	at org.python.pydev.parser.prettyprinterv2.MakeAstValidForPrettyPrintingVisitor.unhandled_node(MakeAstValidForPrettyPrintingVisitor.java:105)
	at org.python.pydev.parser.jython.ast.VisitorBase.visitExtSlice(VisitorBase.java:345)
	at org.python.pydev.parser.jython.ast.ExtSlice.accept(ExtSlice.java:79)
	at org.python.pydev.parser.prettyprinterv2.MakeAstValidForPrettyPrintingVisitor.visitSubscript(MakeAstValidForPrettyPrintingVisitor.java:933)
	at org.python.pydev.parser.jython.ast.Subscript.accept(Subscript.java:93)
	at org.python.pydev.parser.prettyprinterv2.MakeAstValidForPrettyPrintingVisitor.visitAssign(MakeAstValidForPrettyPrintingVisitor.java:184)
	at org.python.pydev.parser.jython.ast.Assign.accept(Assign.java:90)
	at org.python.pydev.parser.prettyprinterv2.MakeAstValidForPrettyPrintingVisitor.makeValid(MakeAstValidForPrettyPrintingVisitor.java:171)
	at org.python.pydev.editor.hover.PyTextHover.getDocstringHover(PyTextHover.java:232)
	at org.python.pydev.editor.hover.PyTextHover.getHoverInfo(PyTextHover.java:144)
	at org.eclipse.jface.text.TextViewerHoverManager$4.run(TextViewerHoverManager.java:168)

!ENTRY org.python.pydev.shared_core 4 4 2015-10-04 22:43:10.627
!MESSAGE String index out of range: -4
!STACK 0
java.lang.StringIndexOutOfBoundsException: String index out of range: -4
	at org.python.pydev.shared_core.string.FastStringBuffer.delete(FastStringBuffer.java:520)
	at org.python.pydev.parser.prettyprinterv2.WriteStateV2.dedent(WriteStateV2.java:64)
	at org.python.pydev.parser.prettyprinterv2.PrettyPrinterV2.writeLinePart(PrettyPrinterV2.java:241)
	at org.python.pydev.parser.prettyprinterv2.PrettyPrinterV2.print(PrettyPrinterV2.java:163)
	at org.python.pydev.editor.hover.PyTextHover.printAst(PyTextHover.java:321)
	at org.python.pydev.editor.hover.PyTextHover.getDocstringHover(PyTextHover.java:274)
	at org.python.pydev.editor.hover.PyTextHover.getHoverInfo(PyTextHover.java:144)
	at org.eclipse.jface.text.TextViewerHoverManager$4.run(TextViewerHoverManager.java:168)

!ENTRY org.python.pydev.shared_core 4 4 2015-10-04 22:51:37.692
!MESSAGE Unhandled: ExtSlice[dims=[Index[value=Compare[left=Name[id=y, ctx=Load, reserved=false], ops=[Eq], comparators=[UnaryOp[op=USub, operand=Num[n=1, type=Int, num=1]]]]], Slice[lower=null, upper=null, step=null]]]
!STACK 0
java.lang.RuntimeException: Unhandled: ExtSlice[dims=[Index[value=Compare[left=Name[id=y, ctx=Load, reserved=false], ops=[Eq], comparators=[UnaryOp[op=USub, operand=Num[n=1, type=Int, num=1]]]]], Slice[lower=null, upper=null, step=null]]]
	at org.python.pydev.parser.prettyprinterv2.MakeAstValidForPrettyPrintingVisitor.unhandled_node(MakeAstValidForPrettyPrintingVisitor.java:105)
	at org.python.pydev.parser.jython.ast.VisitorBase.visitExtSlice(VisitorBase.java:345)
	at org.python.pydev.parser.jython.ast.ExtSlice.accept(ExtSlice.java:79)
	at org.python.pydev.parser.prettyprinterv2.MakeAstValidForPrettyPrintingVisitor.visitSubscript(MakeAstValidForPrettyPrintingVisitor.java:933)
	at org.python.pydev.parser.jython.ast.Subscript.accept(Subscript.java:93)
	at org.python.pydev.parser.prettyprinterv2.MakeAstValidForPrettyPrintingVisitor.visitAssign(MakeAstValidForPrettyPrintingVisitor.java:184)
	at org.python.pydev.parser.jython.ast.Assign.accept(Assign.java:90)
	at org.python.pydev.parser.prettyprinterv2.MakeAstValidForPrettyPrintingVisitor.makeValid(MakeAstValidForPrettyPrintingVisitor.java:171)
	at org.python.pydev.editor.hover.PyTextHover.getDocstringHover(PyTextHover.java:232)
	at org.python.pydev.editor.hover.PyTextHover.getHoverInfo(PyTextHover.java:144)
	at org.eclipse.jface.text.TextViewerHoverManager$4.run(TextViewerHoverManager.java:168)

!ENTRY org.python.pydev.shared_core 4 4 2015-10-04 22:51:37.694
!MESSAGE String index out of range: -4
!STACK 0
java.lang.StringIndexOutOfBoundsException: String index out of range: -4
	at org.python.pydev.shared_core.string.FastStringBuffer.delete(FastStringBuffer.java:520)
	at org.python.pydev.parser.prettyprinterv2.WriteStateV2.dedent(WriteStateV2.java:64)
	at org.python.pydev.parser.prettyprinterv2.PrettyPrinterV2.writeLinePart(PrettyPrinterV2.java:241)
	at org.python.pydev.parser.prettyprinterv2.PrettyPrinterV2.print(PrettyPrinterV2.java:163)
	at org.python.pydev.editor.hover.PyTextHover.printAst(PyTextHover.java:321)
	at org.python.pydev.editor.hover.PyTextHover.getDocstringHover(PyTextHover.java:274)
	at org.python.pydev.editor.hover.PyTextHover.getHoverInfo(PyTextHover.java:144)
	at org.eclipse.jface.text.TextViewerHoverManager$4.run(TextViewerHoverManager.java:168)

!ENTRY org.python.pydev.shared_core 4 4 2015-10-04 22:52:53.801
!MESSAGE Unhandled: ExtSlice[dims=[Index[value=Compare[left=Name[id=y, ctx=Load, reserved=false], ops=[Eq], comparators=[UnaryOp[op=USub, operand=Num[n=1, type=Int, num=1]]]]], Slice[lower=null, upper=null, step=null]]]
!STACK 0
java.lang.RuntimeException: Unhandled: ExtSlice[dims=[Index[value=Compare[left=Name[id=y, ctx=Load, reserved=false], ops=[Eq], comparators=[UnaryOp[op=USub, operand=Num[n=1, type=Int, num=1]]]]], Slice[lower=null, upper=null, step=null]]]
	at org.python.pydev.parser.prettyprinterv2.MakeAstValidForPrettyPrintingVisitor.unhandled_node(MakeAstValidForPrettyPrintingVisitor.java:105)
	at org.python.pydev.parser.jython.ast.VisitorBase.visitExtSlice(VisitorBase.java:345)
	at org.python.pydev.parser.jython.ast.ExtSlice.accept(ExtSlice.java:79)
	at org.python.pydev.parser.prettyprinterv2.MakeAstValidForPrettyPrintingVisitor.visitSubscript(MakeAstValidForPrettyPrintingVisitor.java:933)
	at org.python.pydev.parser.jython.ast.Subscript.accept(Subscript.java:93)
	at org.python.pydev.parser.prettyprinterv2.MakeAstValidForPrettyPrintingVisitor.visitAssign(MakeAstValidForPrettyPrintingVisitor.java:184)
	at org.python.pydev.parser.jython.ast.Assign.accept(Assign.java:90)
	at org.python.pydev.parser.prettyprinterv2.MakeAstValidForPrettyPrintingVisitor.makeValid(MakeAstValidForPrettyPrintingVisitor.java:171)
	at org.python.pydev.editor.hover.PyTextHover.getDocstringHover(PyTextHover.java:232)
	at org.python.pydev.editor.hover.PyTextHover.getHoverInfo(PyTextHover.java:144)
	at org.eclipse.jface.text.TextViewerHoverManager$4.run(TextViewerHoverManager.java:168)

!ENTRY org.python.pydev.shared_core 4 4 2015-10-04 22:52:53.802
!MESSAGE String index out of range: -4
!STACK 0
java.lang.StringIndexOutOfBoundsException: String index out of range: -4
	at org.python.pydev.shared_core.string.FastStringBuffer.delete(FastStringBuffer.java:520)
	at org.python.pydev.parser.prettyprinterv2.WriteStateV2.dedent(WriteStateV2.java:64)
	at org.python.pydev.parser.prettyprinterv2.PrettyPrinterV2.writeLinePart(PrettyPrinterV2.java:241)
	at org.python.pydev.parser.prettyprinterv2.PrettyPrinterV2.print(PrettyPrinterV2.java:163)
	at org.python.pydev.editor.hover.PyTextHover.printAst(PyTextHover.java:321)
	at org.python.pydev.editor.hover.PyTextHover.getDocstringHover(PyTextHover.java:274)
	at org.python.pydev.editor.hover.PyTextHover.getHoverInfo(PyTextHover.java:144)
	at org.eclipse.jface.text.TextViewerHoverManager$4.run(TextViewerHoverManager.java:168)

!ENTRY org.python.pydev.shared_core 4 4 2015-10-04 22:55:40.587
!MESSAGE Unhandled: ExtSlice[dims=[Index[value=Num[n=1, type=Int, num=1]], null]]
!STACK 0
java.lang.RuntimeException: Unhandled: ExtSlice[dims=[Index[value=Num[n=1, type=Int, num=1]], null]]
	at org.python.pydev.parser.prettyprinterv2.MakeAstValidForPrettyPrintingVisitor.unhandled_node(MakeAstValidForPrettyPrintingVisitor.java:105)
	at org.python.pydev.parser.jython.ast.VisitorBase.visitExtSlice(VisitorBase.java:345)
	at org.python.pydev.parser.jython.ast.ExtSlice.accept(ExtSlice.java:79)
	at org.python.pydev.parser.prettyprinterv2.MakeAstValidForPrettyPrintingVisitor.visitSubscript(MakeAstValidForPrettyPrintingVisitor.java:933)
	at org.python.pydev.parser.jython.ast.Subscript.accept(Subscript.java:93)
	at org.python.pydev.parser.prettyprinterv2.MakeAstValidForPrettyPrintingVisitor.visitAttribute(MakeAstValidForPrettyPrintingVisitor.java:600)
	at org.python.pydev.parser.jython.ast.Attribute.accept(Attribute.java:93)
	at org.python.pydev.parser.prettyprinterv2.MakeAstValidForPrettyPrintingVisitor.visitAttribute(MakeAstValidForPrettyPrintingVisitor.java:600)
	at org.python.pydev.parser.jython.ast.Attribute.accept(Attribute.java:93)
	at org.python.pydev.parser.prettyprinterv2.MakeAstValidForPrettyPrintingVisitor.visitPrint(MakeAstValidForPrettyPrintingVisitor.java:577)
	at org.python.pydev.parser.jython.ast.Print.accept(Print.java:98)
	at org.python.pydev.parser.prettyprinterv2.MakeAstValidForPrettyPrintingVisitor.visitFunctionDef(MakeAstValidForPrettyPrintingVisitor.java:862)
	at org.python.pydev.parser.jython.ast.FunctionDef.accept(FunctionDef.java:131)
	at org.python.pydev.parser.prettyprinterv2.MakeAstValidForPrettyPrintingVisitor.makeValid(MakeAstValidForPrettyPrintingVisitor.java:171)
	at org.python.pydev.editor.hover.PyTextHover.getDocstringHover(PyTextHover.java:232)
	at org.python.pydev.editor.hover.PyTextHover.getHoverInfo(PyTextHover.java:144)
	at org.eclipse.jface.text.TextViewerHoverManager$4.run(TextViewerHoverManager.java:168)

!ENTRY org.python.pydev.shared_core 4 4 2015-10-05 01:40:04.528
!MESSAGE Unhandled: ExtSlice[dims=[Index[value=Compare[left=Name[id=y, ctx=Load, reserved=false], ops=[Eq], comparators=[Num[n=1, type=Int, num=1]]]], Slice[lower=null, upper=null, step=null]]]
!STACK 0
java.lang.RuntimeException: Unhandled: ExtSlice[dims=[Index[value=Compare[left=Name[id=y, ctx=Load, reserved=false], ops=[Eq], comparators=[Num[n=1, type=Int, num=1]]]], Slice[lower=null, upper=null, step=null]]]
	at org.python.pydev.parser.prettyprinterv2.MakeAstValidForPrettyPrintingVisitor.unhandled_node(MakeAstValidForPrettyPrintingVisitor.java:105)
	at org.python.pydev.parser.jython.ast.VisitorBase.visitExtSlice(VisitorBase.java:345)
	at org.python.pydev.parser.jython.ast.ExtSlice.accept(ExtSlice.java:79)
	at org.python.pydev.parser.prettyprinterv2.MakeAstValidForPrettyPrintingVisitor.visitSubscript(MakeAstValidForPrettyPrintingVisitor.java:933)
	at org.python.pydev.parser.jython.ast.Subscript.accept(Subscript.java:93)
	at org.python.pydev.parser.prettyprinterv2.MakeAstValidForPrettyPrintingVisitor.visitAssign(MakeAstValidForPrettyPrintingVisitor.java:184)
	at org.python.pydev.parser.jython.ast.Assign.accept(Assign.java:90)
	at org.python.pydev.parser.prettyprinterv2.MakeAstValidForPrettyPrintingVisitor.makeValid(MakeAstValidForPrettyPrintingVisitor.java:171)
	at org.python.pydev.editor.hover.PyTextHover.getDocstringHover(PyTextHover.java:232)
	at org.python.pydev.editor.hover.PyTextHover.getHoverInfo(PyTextHover.java:144)
	at org.eclipse.jface.text.TextViewerHoverManager$4.run(TextViewerHoverManager.java:168)

!ENTRY org.python.pydev.shared_core 4 4 2015-10-05 01:40:04.531
!MESSAGE String index out of range: -4
!STACK 0
java.lang.StringIndexOutOfBoundsException: String index out of range: -4
	at org.python.pydev.shared_core.string.FastStringBuffer.delete(FastStringBuffer.java:520)
	at org.python.pydev.parser.prettyprinterv2.WriteStateV2.dedent(WriteStateV2.java:64)
	at org.python.pydev.parser.prettyprinterv2.PrettyPrinterV2.writeLinePart(PrettyPrinterV2.java:241)
	at org.python.pydev.parser.prettyprinterv2.PrettyPrinterV2.print(PrettyPrinterV2.java:163)
	at org.python.pydev.editor.hover.PyTextHover.printAst(PyTextHover.java:321)
	at org.python.pydev.editor.hover.PyTextHover.getDocstringHover(PyTextHover.java:274)
	at org.python.pydev.editor.hover.PyTextHover.getHoverInfo(PyTextHover.java:144)
	at org.eclipse.jface.text.TextViewerHoverManager$4.run(TextViewerHoverManager.java:168)

!ENTRY org.python.pydev.shared_core 4 4 2015-10-05 01:40:09.329
!MESSAGE Unhandled: ExtSlice[dims=[Index[value=Compare[left=Name[id=y, ctx=Load, reserved=false], ops=[Eq], comparators=[UnaryOp[op=USub, operand=Num[n=1, type=Int, num=1]]]]], Slice[lower=null, upper=null, step=null]]]
!STACK 0
java.lang.RuntimeException: Unhandled: ExtSlice[dims=[Index[value=Compare[left=Name[id=y, ctx=Load, reserved=false], ops=[Eq], comparators=[UnaryOp[op=USub, operand=Num[n=1, type=Int, num=1]]]]], Slice[lower=null, upper=null, step=null]]]
	at org.python.pydev.parser.prettyprinterv2.MakeAstValidForPrettyPrintingVisitor.unhandled_node(MakeAstValidForPrettyPrintingVisitor.java:105)
	at org.python.pydev.parser.jython.ast.VisitorBase.visitExtSlice(VisitorBase.java:345)
	at org.python.pydev.parser.jython.ast.ExtSlice.accept(ExtSlice.java:79)
	at org.python.pydev.parser.prettyprinterv2.MakeAstValidForPrettyPrintingVisitor.visitSubscript(MakeAstValidForPrettyPrintingVisitor.java:933)
	at org.python.pydev.parser.jython.ast.Subscript.accept(Subscript.java:93)
	at org.python.pydev.parser.prettyprinterv2.MakeAstValidForPrettyPrintingVisitor.visitAssign(MakeAstValidForPrettyPrintingVisitor.java:184)
	at org.python.pydev.parser.jython.ast.Assign.accept(Assign.java:90)
	at org.python.pydev.parser.prettyprinterv2.MakeAstValidForPrettyPrintingVisitor.makeValid(MakeAstValidForPrettyPrintingVisitor.java:171)
	at org.python.pydev.editor.hover.PyTextHover.getDocstringHover(PyTextHover.java:232)
	at org.python.pydev.editor.hover.PyTextHover.getHoverInfo(PyTextHover.java:144)
	at org.eclipse.jface.text.TextViewerHoverManager$4.run(TextViewerHoverManager.java:168)

!ENTRY org.eclipse.ui 4 0 2015-10-05 10:41:04.874
!MESSAGE Unhandled event loop exception
!STACK 0
org.eclipse.swt.SWTException: Failed to execute runnable (java.lang.IllegalArgumentException: Argument not valid)
	at org.eclipse.swt.SWT.error(SWT.java:4491)
	at org.eclipse.swt.SWT.error(SWT.java:4406)
	at org.eclipse.swt.widgets.Synchronizer.runAsyncMessages(Synchronizer.java:138)
	at org.eclipse.swt.widgets.Display.runAsyncMessages(Display.java:4024)
	at org.eclipse.swt.widgets.Display.readAndDispatch(Display.java:3700)
	at org.eclipse.e4.ui.internal.workbench.swt.PartRenderingEngine$4.run(PartRenderingEngine.java:1127)
	at org.eclipse.core.databinding.observable.Realm.runWithDefault(Realm.java:337)
	at org.eclipse.e4.ui.internal.workbench.swt.PartRenderingEngine.run(PartRenderingEngine.java:1018)
	at org.eclipse.e4.ui.internal.workbench.E4Workbench.createAndRunUI(E4Workbench.java:156)
	at org.eclipse.ui.internal.Workbench$5.run(Workbench.java:654)
	at org.eclipse.core.databinding.observable.Realm.runWithDefault(Realm.java:337)
	at org.eclipse.ui.internal.Workbench.createAndRunWorkbench(Workbench.java:598)
	at org.eclipse.ui.PlatformUI.createAndRunWorkbench(PlatformUI.java:150)
	at org.eclipse.ui.internal.ide.application.IDEApplication.start(IDEApplication.java:139)
	at org.eclipse.equinox.internal.app.EclipseAppHandle.run(EclipseAppHandle.java:196)
	at org.eclipse.core.runtime.internal.adaptor.EclipseAppLauncher.runApplication(EclipseAppLauncher.java:134)
	at org.eclipse.core.runtime.internal.adaptor.EclipseAppLauncher.start(EclipseAppLauncher.java:104)
	at org.eclipse.core.runtime.adaptor.EclipseStarter.run(EclipseStarter.java:380)
	at org.eclipse.core.runtime.adaptor.EclipseStarter.run(EclipseStarter.java:235)
	at sun.reflect.NativeMethodAccessorImpl.invoke0(Native Method)
	at sun.reflect.NativeMethodAccessorImpl.invoke(NativeMethodAccessorImpl.java:62)
	at sun.reflect.DelegatingMethodAccessorImpl.invoke(DelegatingMethodAccessorImpl.java:43)
	at java.lang.reflect.Method.invoke(Method.java:497)
	at org.eclipse.equinox.launcher.Main.invokeFramework(Main.java:669)
	at org.eclipse.equinox.launcher.Main.basicRun(Main.java:608)
	at org.eclipse.equinox.launcher.Main.run(Main.java:1515)
Caused by: java.lang.IllegalArgumentException: Argument not valid
	at org.eclipse.swt.SWT.error(SWT.java:4472)
	at org.eclipse.swt.SWT.error(SWT.java:4406)
	at org.eclipse.swt.SWT.error(SWT.java:4377)
	at org.eclipse.swt.custom.StyledText.setStyleRanges(StyledText.java:9882)
	at org.eclipse.swt.custom.StyledText.setStyleRanges(StyledText.java:9976)
	at org.eclipse.jface.text.TextPresentation.applyTextPresentation(TextPresentation.java:55)
	at org.eclipse.jface.text.DefaultInformationControl.setInformation(DefaultInformationControl.java:342)
	at org.eclipse.jface.text.AbstractInformationControlManager.internalShowInformationControl(AbstractInformationControlManager.java:1183)
	at org.eclipse.jface.text.AbstractInformationControlManager.presentInformation(AbstractInformationControlManager.java:1150)
	at org.eclipse.jface.text.AbstractHoverInformationControlManager.presentInformation(AbstractHoverInformationControlManager.java:902)
	at org.eclipse.jface.text.TextViewerHoverManager.doPresentInformation(TextViewerHoverManager.java:243)
	at org.eclipse.jface.text.TextViewerHoverManager$5.run(TextViewerHoverManager.java:233)
	at org.eclipse.swt.widgets.RunnableLock.run(RunnableLock.java:35)
	at org.eclipse.swt.widgets.Synchronizer.runAsyncMessages(Synchronizer.java:135)
	... 23 more

!ENTRY org.python.pydev.shared_core 4 4 2015-10-05 12:12:54.774
!MESSAGE ERROR reading shell.
ProcessInfo:

 - Executed: /usr/bin/python2.7 -u /Users/ranuva/.p2/pool/plugins/org.python.pydev_4.3.0.201508182223/pysrc/pycompletionserver.py 62504

 - Environment:
APP_ICON_24385=../Resources/Eclipse.icns
APP_ICON_24402=../Resources/Eclipse.icns
Apple_PubSub_Socket_Render=/private/tmp/com.apple.launchd.BGDQqQ2Vfd/Render
HOME=/Users/ranuva
JAVA_STARTED_ON_FIRST_THREAD_24385=1
JAVA_STARTED_ON_FIRST_THREAD_24402=1
LOGNAME=ranuva
PATH=/usr/bin:/bin:/usr/sbin:/sbin
PYTHONPATH=/Users/ranuva/.p2/pool/plugins/org.python.pydev_4.3.0.201508182223/pysrc/pydev_sitecustomize:/System/Library/Frameworks/Python.framework/Versions/2.7/lib/python2.7:/System/Library/Frameworks/Python.framework/Versions/2.7/lib/python2.7/plat-darwin:/System/Library/Frameworks/Python.framework/Versions/2.7/lib/python2.7/plat-mac:/System/Library/Frameworks/Python.framework/Versions/2.7/lib/python2.7/plat-mac/lib-scriptpackages:/System/Library/Frameworks/Python.framework/Versions/2.7/Extras/lib/python:/System/Library/Frameworks/Python.framework/Versions/2.7/lib/python2.7/lib-tk:/System/Library/Frameworks/Python.framework/Versions/2.7/lib/python2.7/lib-dynload:/System/Library/Frameworks/Python.framework/Versions/2.7/Extras/lib/python/PyObjC:/Library/Python/2.7/site-packages
SHELL=/bin/bash
SSH_AUTH_SOCK=/private/tmp/com.apple.launchd.zFd1nXJO8Z/Listeners
TMPDIR=/var/folders/zw/62zsdyvd37n6wn7_4xhppct00000gn/T/
USER=ranuva
XPC_FLAGS=0x0
XPC_SERVICE_NAME=0
__CF_USER_TEXT_ENCODING=0x1F5:0x0:0x0

 - Working Dir:
/Users/ranuva/.p2/pool/plugins/org.python.pydev_4.3.0.201508182223/pysrc

 - OS:
Mac OS X

 - Std output:


 - Err output:

!STACK 0
java.nio.channels.ClosedByInterruptException
	at java.nio.channels.spi.AbstractInterruptibleChannel.end(AbstractInterruptibleChannel.java:202)
	at sun.nio.ch.SocketChannelImpl.write(SocketChannelImpl.java:478)
	at java.nio.channels.Channels.writeFullyImpl(Channels.java:78)
	at java.nio.channels.Channels.writeFully(Channels.java:98)
	at java.nio.channels.Channels.access$000(Channels.java:61)
	at java.nio.channels.Channels$1.write(Channels.java:174)
	at java.io.OutputStream.write(OutputStream.java:75)
	at org.python.pydev.editor.codecompletion.shell.AbstractShell.write(AbstractShell.java:544)
	at org.python.pydev.editor.codecompletion.shell.AbstractShell.writeAndGetResults(AbstractShell.java:691)
	at org.python.pydev.editor.codecompletion.shell.AbstractShell.getLineCol(AbstractShell.java:776)
	at org.python.pydev.editor.codecompletion.revisited.modules.CompiledModule.findDefinition(CompiledModule.java:596)
	at org.python.pydev.editor.codecompletion.revisited.modules.CompiledModule.findDefinition(CompiledModule.java:1)
	at org.python.pydev.editor.codecompletion.revisited.modules.SourceModule.findDefinition(SourceModule.java:934)
	at org.python.pydev.editor.codecompletion.revisited.modules.SourceModule.findDefinition(SourceModule.java:665)
	at org.python.pydev.editor.codecompletion.revisited.modules.SourceModule.findDefinition(SourceModule.java:1)
	at org.python.pydev.editor.refactoring.PyRefactoringFindDefinition.findActualDefinition(PyRefactoringFindDefinition.java:182)
	at org.python.pydev.editor.refactoring.PyRefactoringFindDefinition.findActualDefinition(PyRefactoringFindDefinition.java:81)
	at org.python.pydev.editor.hover.PyTextHover.getDocstringHover(PyTextHover.java:200)
	at org.python.pydev.editor.hover.PyTextHover.getHoverInfo(PyTextHover.java:144)
	at org.eclipse.jface.text.TextViewerHoverManager$4.run(TextViewerHoverManager.java:168)
